#
# There is insufficient memory for the Java Runtime Environment to continue.
# Native memory allocation (mmap) failed to map 71303168 bytes for committing reserved memory.
# Possible reasons:
#   The system is out of physical RAM or swap space
#   In 32 bit mode, the process size limit was hit
# Possible solutions:
#   Reduce memory load on the system
#   Increase physical memory or swap space
#   Check if swap backing store is full
#   Use 64 bit Java on a 64 bit OS
#   Decrease Java heap size (-Xmx/-Xms)
#   Decrease number of Java threads
#   Decrease Java thread stack sizes (-Xss)
#   Set larger code cache with -XX:ReservedCodeCacheSize=
# This output file may be truncated or incomplete.
#
#  Out of Memory Error (os_linux.cpp:2673), pid=4715, tid=140413586368256
#
# JRE version: OpenJDK Runtime Environment (8.0_45-b14) (build 1.8.0_45-internal-b14)
# Java VM: OpenJDK 64-Bit Server VM (25.45-b02 mixed mode linux-amd64 compressed oops)
# Failed to write core dump. Core dumps have been disabled. To enable core dumping, try "ulimit -c unlimited" before starting Java again
#

---------------  T H R E A D  ---------------

Current thread (0x00007fb4ac079000):  VMThread [stack: 0x00007fb495dfe000,0x00007fb495eff000] [id=4726]

Stack: [0x00007fb495dfe000,0x00007fb495eff000],  sp=0x00007fb495efd4d0,  free space=1021k
Native frames: (J=compiled Java code, j=interpreted, Vv=VM code, C=native code)
V  [libjvm.so+0xa902bd]  VMError::report_and_die()+0x15d
V  [libjvm.so+0x4e783c]  report_vm_out_of_memory(char const*, int, unsigned long, VMErrorType, char const*)+0xac
V  [libjvm.so+0x8e03b0]  os::pd_commit_memory(char*, unsigned long, unsigned long, bool)+0xf0
V  [libjvm.so+0x8daaee]  os::commit_memory(char*, unsigned long, unsigned long, bool)+0x2e
V  [libjvm.so+0x955a9b]  PSVirtualSpace::expand_by(unsigned long)+0x5b
V  [libjvm.so+0x956e03]  PSYoungGen::resize(unsigned long, unsigned long)+0x103
V  [libjvm.so+0x953a8e]  PSScavenge::invoke_no_policy()+0x14be
V  [libjvm.so+0x953d7c]  PSScavenge::invoke()+0x4c
V  [libjvm.so+0x906073]  ParallelScavengeHeap::failed_mem_allocate(unsigned long)+0x63
V  [libjvm.so+0xa91d92]  VM_ParallelGCFailedAllocation::doit()+0x92
V  [libjvm.so+0xa968f7]  VM_Operation::evaluate()+0x47
V  [libjvm.so+0xa94c17]  VMThread::evaluate_operation(VM_Operation*)+0xe7
V  [libjvm.so+0xa95447]  VMThread::loop()+0x227
V  [libjvm.so+0xa95991]  VMThread::run()+0x81
V  [libjvm.so+0x8dd8a2]  java_start(Thread*)+0xf2

VM_Operation (0x00007fb4b4d24310): ParallelGCFailedAllocation, mode: safepoint, requested by thread 0x00007fb4ac00b800


---------------  P R O C E S S  ---------------

Java Threads: ( => current thread )
  0x00007fb4ac0bf800 JavaThread "Service Thread" daemon [_thread_blocked, id=4733, stack(0x00007fb494bb9000,0x00007fb494cba000)]
  0x00007fb4ac0b1800 JavaThread "C1 CompilerThread2" daemon [_thread_blocked, id=4732, stack(0x00007fb494cba000,0x00007fb494dbb000)]
  0x00007fb4ac0b0000 JavaThread "C2 CompilerThread1" daemon [_thread_blocked, id=4731, stack(0x00007fb494dbb000,0x00007fb494ebc000)]
  0x00007fb4ac0ad000 JavaThread "C2 CompilerThread0" daemon [_thread_blocked, id=4730, stack(0x00007fb494ebc000,0x00007fb494fbd000)]
  0x00007fb4ac0aa800 JavaThread "Signal Dispatcher" daemon [_thread_blocked, id=4729, stack(0x00007fb494fbd000,0x00007fb4950be000)]
  0x00007fb4ac080800 JavaThread "Finalizer" daemon [_thread_blocked, id=4728, stack(0x00007fb495bfc000,0x00007fb495cfd000)]
  0x00007fb4ac07e800 JavaThread "Reference Handler" daemon [_thread_blocked, id=4727, stack(0x00007fb495cfd000,0x00007fb495dfe000)]
  0x00007fb4ac00b800 JavaThread "main" [_thread_blocked, id=4721, stack(0x00007fb4b4c25000,0x00007fb4b4d26000)]

Other Threads:
=>0x00007fb4ac079000 VMThread [stack: 0x00007fb495dfe000,0x00007fb495eff000] [id=4726]
  0x00007fb4ac0c2000 WatcherThread [stack: 0x00007fb494ab8000,0x00007fb494bb9000] [id=4734]

VM state:at safepoint (normal execution)

VM Mutex/Monitor currently owned by a thread:  ([mutex/lock_event])
[0x00007fb4ac007e10] Threads_lock - owner thread: 0x00007fb4ac079000
[0x00007fb4ac008310] Heap_lock - owner thread: 0x00007fb4ac00b800

Heap:
 PSYoungGen      total 265216K, used 14319K [0x00000000eab00000, 0x00000000fbc00000, 0x0000000100000000)
  eden space 250880K, 0% used [0x00000000eab00000,0x00000000eab00000,0x00000000fa000000)
  from space 14336K, 99% used [0x00000000fa000000,0x00000000fadfbf78,0x00000000fae00000)
  to   space 14336K, 0% used [0x00000000fae00000,0x00000000fae00000,0x00000000fbc00000)
 ParOldGen       total 42496K, used 39274K [0x00000000c0000000, 0x00000000c2980000, 0x00000000eab00000)
  object space 42496K, 92% used [0x00000000c0000000,0x00000000c265a9f8,0x00000000c2980000)
 Metaspace       used 7543K, capacity 8094K, committed 8192K, reserved 1056768K
  class space    used 690K, capacity 721K, committed 768K, reserved 1048576K

Card table byte_map: [0x00007fb4b110c000,0x00007fb4b130d000] byte_map_base: 0x00007fb4b0b0c000

Marking Bits: (ParMarkBitMap*) 0x00007fb4b3ef6e80
 Begin Bits: [0x00007fb496000000, 0x00007fb497000000)
 End Bits:   [0x00007fb497000000, 0x00007fb498000000)

Polling page: 0x00007fb4b4d48000

CodeCache: size=245760Kb used=9717Kb max_used=9732Kb free=236042Kb
 bounds [0x00007fb49d000000, 0x00007fb49d9a0000, 0x00007fb4ac000000]
 total_blobs=3096 nmethods=2800 adapters=209
 compilation: enabled

Compilation events (10 events):
Event: 4.383 Thread 0x00007fb4ac0b0000 nmethod 2812 0x00007fb49d980650 code [0x00007fb49d9808a0, 0x00007fb49d9823b8]
Event: 4.488 Thread 0x00007fb4ac0ad000 2814 %     4       com.android.dx.merge.DexMerger$IdMerger::readUnsortedValues @ 42 (101 bytes)
Event: 4.489 Thread 0x00007fb4ac0b0000 2815 %     4       com.android.dx.merge.DexMerger$IdMerger::mergeUnsorted @ 87 (247 bytes)
Event: 4.497 Thread 0x00007fb4ac0ad000 nmethod 2814% 0x00007fb49d97e090 code [0x00007fb49d97e260, 0x00007fb49d97eb18]
Event: 4.502 Thread 0x00007fb4ac0ad000 2816       4       com.android.dx.merge.DexMerger$IdMerger::readUnsortedValues (101 bytes)
Event: 4.514 Thread 0x00007fb4ac0b1800 2818 %     3       com.android.dx.merge.DexMerger::transformAnnotationSets @ 28 (51 bytes)
Event: 4.515 Thread 0x00007fb4ac0b1800 nmethod 2818% 0x00007fb49d97d710 code [0x00007fb49d97d8c0, 0x00007fb49d97de38]
Event: 4.517 Thread 0x00007fb4ac0ad000 nmethod 2816 0x00007fb49d976fd0 code [0x00007fb49d9771c0, 0x00007fb49d977d68]
Event: 4.517 Thread 0x00007fb4ac0ad000 2817       4       java.util.ComparableTimSort::mergeHi (729 bytes)
Event: 4.556 Thread 0x00007fb4ac0ad000 nmethod 2817 0x00007fb49d986e50 code [0x00007fb49d9870a0, 0x00007fb49d9890b8]

GC Heap History (10 events):
Event: 2.592 GC heap after
Heap after GC invocations=4 (full 0):
 PSYoungGen      total 66048K, used 2550K [0x00000000eab00000, 0x00000000eee00000, 0x0000000100000000)
  eden space 63488K, 0% used [0x00000000eab00000,0x00000000eab00000,0x00000000ee900000)
  from space 2560K, 99% used [0x00000000eeb80000,0x00000000eedfd9c0,0x00000000eee00000)
  to   space 2560K, 0% used [0x00000000ee900000,0x00000000ee900000,0x00000000eeb80000)
 ParOldGen       total 42496K, used 19088K [0x00000000c0000000, 0x00000000c2980000, 0x00000000eab00000)
  object space 42496K, 44% used [0x00000000c0000000,0x00000000c12a42d0,0x00000000c2980000)
 Metaspace       used 7335K, capacity 7992K, committed 8192K, reserved 1056768K
  class space    used 680K, capacity 688K, committed 768K, reserved 1048576K
}
Event: 3.036 GC heap before
{Heap before GC invocations=5 (full 0):
 PSYoungGen      total 66048K, used 66038K [0x00000000eab00000, 0x00000000eee00000, 0x0000000100000000)
  eden space 63488K, 100% used [0x00000000eab00000,0x00000000ee900000,0x00000000ee900000)
  from space 2560K, 99% used [0x00000000eeb80000,0x00000000eedfd9c0,0x00000000eee00000)
  to   space 2560K, 0% used [0x00000000ee900000,0x00000000ee900000,0x00000000eeb80000)
 ParOldGen       total 42496K, used 19088K [0x00000000c0000000, 0x00000000c2980000, 0x00000000eab00000)
  object space 42496K, 44% used [0x00000000c0000000,0x00000000c12a42d0,0x00000000c2980000)
 Metaspace       used 7415K, capacity 8024K, committed 8192K, reserved 1056768K
  class space    used 681K, capacity 720K, committed 768K, reserved 1048576K
Event: 3.056 GC heap after
Heap after GC invocations=5 (full 0):
 PSYoungGen      total 66048K, used 2538K [0x00000000eab00000, 0x00000000f3e00000, 0x0000000100000000)
  eden space 63488K, 0% used [0x00000000eab00000,0x00000000eab00000,0x00000000ee900000)
  from space 2560K, 99% used [0x00000000ee900000,0x00000000eeb7ab98,0x00000000eeb80000)
  to   space 11776K, 0% used [0x00000000f3280000,0x00000000f3280000,0x00000000f3e00000)
 ParOldGen       total 42496K, used 20966K [0x00000000c0000000, 0x00000000c2980000, 0x00000000eab00000)
  object space 42496K, 49% used [0x00000000c0000000,0x00000000c1479a50,0x00000000c2980000)
 Metaspace       used 7415K, capacity 8024K, committed 8192K, reserved 1056768K
  class space    used 681K, capacity 720K, committed 768K, reserved 1048576K
}
Event: 3.260 GC heap before
{Heap before GC invocations=6 (full 0):
 PSYoungGen      total 66048K, used 66026K [0x00000000eab00000, 0x00000000f3e00000, 0x0000000100000000)
  eden space 63488K, 100% used [0x00000000eab00000,0x00000000ee900000,0x00000000ee900000)
  from space 2560K, 99% used [0x00000000ee900000,0x00000000eeb7ab98,0x00000000eeb80000)
  to   space 11776K, 0% used [0x00000000f3280000,0x00000000f3280000,0x00000000f3e00000)
 ParOldGen       total 42496K, used 20966K [0x00000000c0000000, 0x00000000c2980000, 0x00000000eab00000)
  object space 42496K, 49% used [0x00000000c0000000,0x00000000c1479a50,0x00000000c2980000)
 Metaspace       used 7506K, capacity 8030K, committed 8192K, reserved 1056768K
  class space    used 690K, capacity 721K, committed 768K, reserved 1048576K
Event: 3.287 GC heap after
Heap after GC invocations=6 (full 0):
 PSYoungGen      total 137216K, used 10942K [0x00000000eab00000, 0x00000000f4100000, 0x0000000100000000)
  eden space 125440K, 0% used [0x00000000eab00000,0x00000000eab00000,0x00000000f2580000)
  from space 11776K, 92% used [0x00000000f3280000,0x00000000f3d2f938,0x00000000f3e00000)
  to   space 13312K, 0% used [0x00000000f2580000,0x00000000f2580000,0x00000000f3280000)
 ParOldGen       total 42496K, used 23827K [0x00000000c0000000, 0x00000000c2980000, 0x00000000eab00000)
  object space 42496K, 56% used [0x00000000c0000000,0x00000000c1744c40,0x00000000c2980000)
 Metaspace       used 7506K, capacity 8030K, committed 8192K, reserved 1056768K
  class space    used 690K, capacity 721K, committed 768K, reserved 1048576K
}
Event: 3.734 GC heap before
{Heap before GC invocations=7 (full 0):
 PSYoungGen      total 137216K, used 136382K [0x00000000eab00000, 0x00000000f4100000, 0x0000000100000000)
  eden space 125440K, 100% used [0x00000000eab00000,0x00000000f2580000,0x00000000f2580000)
  from space 11776K, 92% used [0x00000000f3280000,0x00000000f3d2f938,0x00000000f3e00000)
  to   space 13312K, 0% used [0x00000000f2580000,0x00000000f2580000,0x00000000f3280000)
 ParOldGen       total 42496K, used 23827K [0x00000000c0000000, 0x00000000c2980000, 0x00000000eab00000)
  object space 42496K, 56% used [0x00000000c0000000,0x00000000c1744c40,0x00000000c2980000)
 Metaspace       used 7522K, capacity 8030K, committed 8192K, reserved 1056768K
  class space    used 690K, capacity 721K, committed 768K, reserved 1048576K
Event: 3.755 GC heap after
Heap after GC invocations=7 (full 0):
 PSYoungGen      total 138752K, used 10916K [0x00000000eab00000, 0x00000000fbc00000, 0x0000000100000000)
  eden space 125440K, 0% used [0x00000000eab00000,0x00000000eab00000,0x00000000f2580000)
  from space 13312K, 82% used [0x00000000f2580000,0x00000000f30293f0,0x00000000f3280000)
  to   space 14336K, 0% used [0x00000000fae00000,0x00000000fae00000,0x00000000fbc00000)
 ParOldGen       total 42496K, used 24967K [0x00000000c0000000, 0x00000000c2980000, 0x00000000eab00000)
  object space 42496K, 58% used [0x00000000c0000000,0x00000000c1861cc8,0x00000000c2980000)
 Metaspace       used 7522K, capacity 8030K, committed 8192K, reserved 1056768K
  class space    used 690K, capacity 721K, committed 768K, reserved 1048576K
}
Event: 3.989 GC heap before
{Heap before GC invocations=8 (full 0):
 PSYoungGen      total 138752K, used 135602K [0x00000000eab00000, 0x00000000fbc00000, 0x0000000100000000)
  eden space 125440K, 99% used [0x00000000eab00000,0x00000000f24c3518,0x00000000f2580000)
  from space 13312K, 82% used [0x00000000f2580000,0x00000000f30293f0,0x00000000f3280000)
  to   space 14336K, 0% used [0x00000000fae00000,0x00000000fae00000,0x00000000fbc00000)
 ParOldGen       total 42496K, used 24967K [0x00000000c0000000, 0x00000000c2980000, 0x00000000eab00000)
  object space 42496K, 58% used [0x00000000c0000000,0x00000000c1861cc8,0x00000000c2980000)
 Metaspace       used 7530K, capacity 8030K, committed 8192K, reserved 1056768K
  class space    used 690K, capacity 721K, committed 768K, reserved 1048576K
Event: 4.002 GC heap after
Heap after GC invocations=8 (full 0):
 PSYoungGen      total 265216K, used 4862K [0x00000000eab00000, 0x00000000fbc00000, 0x0000000100000000)
  eden space 250880K, 0% used [0x00000000eab00000,0x00000000eab00000,0x00000000fa000000)
  from space 14336K, 33% used [0x00000000fae00000,0x00000000fb2bfae0,0x00000000fbc00000)
  to   space 14336K, 0% used [0x00000000fa000000,0x00000000fa000000,0x00000000fae00000)
 ParOldGen       total 42496K, used 26680K [0x00000000c0000000, 0x00000000c2980000, 0x00000000eab00000)
  object space 42496K, 62% used [0x00000000c0000000,0x00000000c1a0e360,0x00000000c2980000)
 Metaspace       used 7530K, capacity 8030K, committed 8192K, reserved 1056768K
  class space    used 690K, capacity 721K, committed 768K, reserved 1048576K
}
Event: 4.631 GC heap before
{Heap before GC invocations=9 (full 0):
 PSYoungGen      total 265216K, used 255742K [0x00000000eab00000, 0x00000000fbc00000, 0x0000000100000000)
  eden space 250880K, 100% used [0x00000000eab00000,0x00000000fa000000,0x00000000fa000000)
  from space 14336K, 33% used [0x00000000fae00000,0x00000000fb2bfae0,0x00000000fbc00000)
  to   space 14336K, 0% used [0x00000000fa000000,0x00000000fa000000,0x00000000fae00000)
 ParOldGen       total 42496K, used 26680K [0x00000000c0000000, 0x00000000c2980000, 0x00000000eab00000)
  object space 42496K, 62% used [0x00000000c0000000,0x00000000c1a0e360,0x00000000c2980000)
 Metaspace       used 7543K, capacity 8094K, committed 8192K, reserved 1056768K
  class space    used 690K, capacity 721K, committed 768K, reserved 1048576K

Deoptimization events (10 events):
Event: 3.861 Thread 0x00007fb4ac00b800 Uncommon trap: reason=array_check action=maybe_recompile pc=0x00007fb49d931bf8 method=java.util.TimSort.binarySort([Ljava/lang/Object;IIILjava/util/Comparator;)V @ 183
Event: 3.862 Thread 0x00007fb4ac00b800 Uncommon trap: reason=array_check action=maybe_recompile pc=0x00007fb49d9319dc method=java.util.TimSort.binarySort([Ljava/lang/Object;IIILjava/util/Comparator;)V @ 215
Event: 3.862 Thread 0x00007fb4ac00b800 Uncommon trap: reason=array_check action=maybe_recompile pc=0x00007fb49d9319dc method=java.util.TimSort.binarySort([Ljava/lang/Object;IIILjava/util/Comparator;)V @ 215
Event: 3.862 Thread 0x00007fb4ac00b800 Uncommon trap: reason=array_check action=maybe_recompile pc=0x00007fb49d931bf8 method=java.util.TimSort.binarySort([Ljava/lang/Object;IIILjava/util/Comparator;)V @ 183
Event: 3.939 Thread 0x00007fb4ac00b800 Uncommon trap: reason=array_check action=maybe_recompile pc=0x00007fb49d944ec0 method=java.util.TimSort.binarySort([Ljava/lang/Object;IIILjava/util/Comparator;)V @ 193
Event: 3.939 Thread 0x00007fb4ac00b800 Uncommon trap: reason=array_check action=maybe_recompile pc=0x00007fb49d944ec0 method=java.util.TimSort.binarySort([Ljava/lang/Object;IIILjava/util/Comparator;)V @ 193
Event: 3.989 Thread 0x00007fb4ac00b800 Uncommon trap: reason=predicate action=maybe_recompile pc=0x00007fb49d94371c method=java.util.ComparableTimSort.binarySort([Ljava/lang/Object;III)V @ 37
Event: 4.103 Thread 0x00007fb4ac00b800 Uncommon trap: reason=array_check action=maybe_recompile pc=0x00007fb49d95d524 method=java.util.ComparableTimSort.binarySort([Ljava/lang/Object;III)V @ 193
Event: 4.294 Thread 0x00007fb4ac00b800 Uncommon trap: reason=array_check action=maybe_recompile pc=0x00007fb49d95d524 method=java.util.ComparableTimSort.binarySort([Ljava/lang/Object;III)V @ 193
Event: 4.470 Thread 0x00007fb4ac00b800 Uncommon trap: reason=array_check action=maybe_recompile pc=0x00007fb49d95d524 method=java.util.ComparableTimSort.binarySort([Ljava/lang/Object;III)V @ 193

Internal exceptions (6 events):
Event: 0.037 Thread 0x00007fb4ac00b800 Exception <a 'java/lang/NoSuchMethodError': Method sun.misc.Unsafe.defineClass(Ljava/lang/String;[BII)Ljava/lang/Class; name or signature does not match> (0x00000000eab12a50) thrown at [/build/buildd/openjdk-8-8u45-b14/src/hotspot/src/share/vm/prims/jni.c
Event: 0.037 Thread 0x00007fb4ac00b800 Exception <a 'java/lang/NoSuchMethodError': Method sun.misc.Unsafe.prefetchRead(Ljava/lang/Object;J)V name or signature does not match> (0x00000000eab12ce0) thrown at [/build/buildd/openjdk-8-8u45-b14/src/hotspot/src/share/vm/prims/jni.cpp, line 3994]
Event: 0.137 Thread 0x00007fb4ac00b800 Exception <a 'java/util/zip/ZipException'> (0x00000000eabd03f8) thrown at [/build/buildd/openjdk-8-8u45-b14/src/hotspot/src/share/vm/prims/jni.cpp, line 709]
Event: 0.137 Thread 0x00007fb4ac00b800 Exception <a 'java/security/PrivilegedActionException'> (0x00000000eabd0640) thrown at [/build/buildd/openjdk-8-8u45-b14/src/hotspot/src/share/vm/prims/jvm.cpp, line 1382]
Event: 0.137 Thread 0x00007fb4ac00b800 Exception <a 'java/security/PrivilegedActionException'> (0x00000000eabd07f8) thrown at [/build/buildd/openjdk-8-8u45-b14/src/hotspot/src/share/vm/prims/jvm.cpp, line 1382]
Event: 0.882 Thread 0x00007fb4ac00b800 Implicit null exception at 0x00007fb49d3b3ae2 to 0x00007fb49d3b3be9

Events (10 events):
Event: 4.294 Thread 0x00007fb4ac00b800 DEOPT PACKING pc=0x00007fb49d95d524 sp=0x00007fb4b4d244a0
Event: 4.294 Thread 0x00007fb4ac00b800 DEOPT UNPACKING pc=0x00007fb49d004f69 sp=0x00007fb4b4d24448 mode 2
Event: 4.470 Thread 0x00007fb4ac00b800 Uncommon trap: trap_request=0xffffffd6 fr.pc=0x00007fb49d95d524
Event: 4.470 Thread 0x00007fb4ac00b800 DEOPT PACKING pc=0x00007fb49d95d524 sp=0x00007fb4b4d244a0
Event: 4.470 Thread 0x00007fb4ac00b800 DEOPT UNPACKING pc=0x00007fb49d004f69 sp=0x00007fb4b4d24448 mode 2
Event: 4.502 Thread 0x00007fb4ac00b800 DEOPT PACKING pc=0x00007fb49d94ac4b sp=0x00007fb4b4d244a0
Event: 4.502 Thread 0x00007fb4ac00b800 DEOPT UNPACKING pc=0x00007fb49d047373 sp=0x00007fb4b4d24278 mode 0
Event: 4.509 Thread 0x00007fb4ac00b800 DEOPT PACKING pc=0x00007fb49d8a8667 sp=0x00007fb4b4d24220
Event: 4.509 Thread 0x00007fb4ac00b800 DEOPT UNPACKING pc=0x00007fb49d047373 sp=0x00007fb4b4d23fc0 mode 0
Event: 4.515 Executing VM operation: ParallelGCFailedAllocation


Dynamic libraries:
00400000-00401000 r-xp 00000000 08:07 4854430                            /usr/lib/jvm/java-8-openjdk-amd64/jre/bin/java
00600000-00601000 r--p 00000000 08:07 4854430                            /usr/lib/jvm/java-8-openjdk-amd64/jre/bin/java
00601000-00602000 rw-p 00001000 08:07 4854430                            /usr/lib/jvm/java-8-openjdk-amd64/jre/bin/java
0187f000-018a0000 rw-p 00000000 00:00 0                                  [heap]
c0000000-c2980000 rw-p 00000000 00:00 0 
c2980000-eab00000 ---p 00000000 00:00 0 
eab00000-fbc00000 rw-p 00000000 00:00 0 
100000000-1000c0000 rw-p 00000000 00:00 0 
1000c0000-140000000 ---p 00000000 00:00 0 
7fb460000000-7fb460021000 rw-p 00000000 00:00 0 
7fb460021000-7fb464000000 ---p 00000000 00:00 0 
7fb468000000-7fb4687c7000 rw-p 00000000 00:00 0 
7fb4687c7000-7fb46c000000 ---p 00000000 00:00 0 
7fb46c000000-7fb46c021000 rw-p 00000000 00:00 0 
7fb46c021000-7fb470000000 ---p 00000000 00:00 0 
7fb470000000-7fb470e27000 rw-p 00000000 00:00 0 
7fb470e27000-7fb474000000 ---p 00000000 00:00 0 
7fb474000000-7fb474a8c000 rw-p 00000000 00:00 0 
7fb474a8c000-7fb478000000 ---p 00000000 00:00 0 
7fb478000000-7fb478021000 rw-p 00000000 00:00 0 
7fb478021000-7fb47c000000 ---p 00000000 00:00 0 
7fb47c000000-7fb47c021000 rw-p 00000000 00:00 0 
7fb47c021000-7fb480000000 ---p 00000000 00:00 0 
7fb480000000-7fb48027d000 rw-p 00000000 00:00 0 
7fb48027d000-7fb484000000 ---p 00000000 00:00 0 
7fb484000000-7fb484021000 rw-p 00000000 00:00 0 
7fb484021000-7fb488000000 ---p 00000000 00:00 0 
7fb488000000-7fb488021000 rw-p 00000000 00:00 0 
7fb488021000-7fb48c000000 ---p 00000000 00:00 0 
7fb48c000000-7fb48c021000 rw-p 00000000 00:00 0 
7fb48c021000-7fb490000000 ---p 00000000 00:00 0 
7fb490000000-7fb490021000 rw-p 00000000 00:00 0 
7fb490021000-7fb494000000 ---p 00000000 00:00 0 
7fb494ab8000-7fb494ab9000 ---p 00000000 00:00 0 
7fb494ab9000-7fb494bb9000 rw-p 00000000 00:00 0                          [stack:4734]
7fb494bb9000-7fb494bbc000 ---p 00000000 00:00 0 
7fb494bbc000-7fb494cba000 rw-p 00000000 00:00 0                          [stack:4733]
7fb494cba000-7fb494cbd000 ---p 00000000 00:00 0 
7fb494cbd000-7fb494dbb000 rw-p 00000000 00:00 0                          [stack:4732]
7fb494dbb000-7fb494dbe000 ---p 00000000 00:00 0 
7fb494dbe000-7fb494ebc000 rw-p 00000000 00:00 0                          [stack:4731]
7fb494ebc000-7fb494ebf000 ---p 00000000 00:00 0 
7fb494ebf000-7fb494fbd000 rw-p 00000000 00:00 0                          [stack:4730]
7fb494fbd000-7fb494fc0000 ---p 00000000 00:00 0 
7fb494fc0000-7fb4950be000 rw-p 00000000 00:00 0                          [stack:4729]
7fb4950be000-7fb495bfc000 r--p 00000000 08:07 3282551                    /usr/lib/locale/locale-archive
7fb495bfc000-7fb495bff000 ---p 00000000 00:00 0 
7fb495bff000-7fb495cfd000 rw-p 00000000 00:00 0                          [stack:4728]
7fb495cfd000-7fb495d00000 ---p 00000000 00:00 0 
7fb495d00000-7fb495dfe000 rw-p 00000000 00:00 0                          [stack:4727]
7fb495dfe000-7fb495dff000 ---p 00000000 00:00 0 
7fb495dff000-7fb498000000 rw-p 00000000 00:00 0                          [stack:4726]
7fb498000000-7fb498021000 rw-p 00000000 00:00 0 
7fb498021000-7fb49c000000 ---p 00000000 00:00 0 
7fb49c05d000-7fb49c06c000 r--s 000dd000 08:07 7078695                    /home/pvthuyen/Android/Sdk/build-tools/22.0.1/lib/dx.jar
7fb49c06c000-7fb49c086000 r--s 001d3000 08:07 4604052                    /usr/lib/jvm/java-8-openjdk-amd64/jre/lib/ext/nashorn.jar
7fb49c086000-7fb49c0a2000 r--s 00393000 08:07 4604051                    /usr/lib/jvm/java-8-openjdk-amd64/jre/lib/ext/cldrdata.jar
7fb49c0a2000-7fb49ce33000 rw-p 00000000 00:00 0 
7fb49ce33000-7fb49d000000 r--s 03bd3000 08:07 4604067                    /usr/lib/jvm/java-8-openjdk-amd64/jre/lib/rt.jar
7fb49d000000-7fb49d9a0000 rwxp 00000000 00:00 0 
7fb49d9a0000-7fb4ac000000 ---p 00000000 00:00 0 
7fb4ac000000-7fb4ac3ef000 rw-p 00000000 00:00 0 
7fb4ac3ef000-7fb4b0000000 ---p 00000000 00:00 0 
7fb4b0000000-7fb4b0001000 rw-p 00000000 00:00 0 
7fb4b0001000-7fb4b0006000 r--s 00094000 08:07 4604047                    /usr/lib/jvm/java-8-openjdk-amd64/jre/lib/jsse.jar
7fb4b0006000-7fb4b0009000 r--s 00037000 08:07 4604059                    /usr/lib/jvm/java-8-openjdk-amd64/jre/lib/ext/sunpkcs11.jar
7fb4b0009000-7fb4b000b000 r--s 00001000 08:07 4604057                    /usr/lib/jvm/java-8-openjdk-amd64/jre/lib/ext/dnsns.jar
7fb4b000b000-7fb4b000c000 r--s 00010000 08:07 4604055                    /usr/lib/jvm/java-8-openjdk-amd64/jre/lib/ext/zipfs.jar
7fb4b000c000-7fb4b000f000 r--s 0000f000 08:07 4604058                    /usr/lib/jvm/java-8-openjdk-amd64/jre/lib/ext/icedtea-sound.jar
7fb4b000f000-7fb4b001a000 r--s 00116000 08:07 4604054                    /usr/lib/jvm/java-8-openjdk-amd64/jre/lib/ext/localedata.jar
7fb4b001a000-7fb4b08f2000 rw-p 00000000 00:00 0 
7fb4b08f2000-7fb4b09b2000 ---p 00000000 00:00 0 
7fb4b09b2000-7fb4b0bb2000 rw-p 00000000 00:00 0 
7fb4b0bb2000-7fb4b0bb3000 ---p 00000000 00:00 0 
7fb4b0bb3000-7fb4b0cb3000 rw-p 00000000 00:00 0                          [stack:4725]
7fb4b0cb3000-7fb4b0cb4000 ---p 00000000 00:00 0 
7fb4b0cb4000-7fb4b0db4000 rw-p 00000000 00:00 0                          [stack:4724]
7fb4b0db4000-7fb4b0db5000 ---p 00000000 00:00 0 
7fb4b0db5000-7fb4b0eb5000 rw-p 00000000 00:00 0                          [stack:4723]
7fb4b0eb5000-7fb4b0eb6000 ---p 00000000 00:00 0 
7fb4b0eb6000-7fb4b0fcb000 rw-p 00000000 00:00 0                          [stack:4722]
7fb4b0fcb000-7fb4b110c000 ---p 00000000 00:00 0 
7fb4b110c000-7fb4b1121000 rw-p 00000000 00:00 0 
7fb4b1121000-7fb4b1261000 ---p 00000000 00:00 0 
7fb4b1261000-7fb4b12ea000 rw-p 00000000 00:00 0 
7fb4b12ea000-7fb4b130c000 ---p 00000000 00:00 0 
7fb4b130c000-7fb4b1334000 rw-p 00000000 00:00 0 
7fb4b1334000-7fb4b16cd000 ---p 00000000 00:00 0 
7fb4b16cd000-7fb4b16d5000 r-xp 00000000 08:07 4603688                    /usr/lib/jvm/java-8-openjdk-amd64/jre/lib/amd64/libzip.so
7fb4b16d5000-7fb4b18d4000 ---p 00008000 08:07 4603688                    /usr/lib/jvm/java-8-openjdk-amd64/jre/lib/amd64/libzip.so
7fb4b18d4000-7fb4b18d5000 r--p 00007000 08:07 4603688                    /usr/lib/jvm/java-8-openjdk-amd64/jre/lib/amd64/libzip.so
7fb4b18d5000-7fb4b18d6000 rw-p 00008000 08:07 4603688                    /usr/lib/jvm/java-8-openjdk-amd64/jre/lib/amd64/libzip.so
7fb4b18d6000-7fb4b18e2000 r-xp 00000000 08:07 6033669                    /lib/x86_64-linux-gnu/libnss_files-2.21.so
7fb4b18e2000-7fb4b1ae1000 ---p 0000c000 08:07 6033669                    /lib/x86_64-linux-gnu/libnss_files-2.21.so
7fb4b1ae1000-7fb4b1ae2000 r--p 0000b000 08:07 6033669                    /lib/x86_64-linux-gnu/libnss_files-2.21.so
7fb4b1ae2000-7fb4b1ae3000 rw-p 0000c000 08:07 6033669                    /lib/x86_64-linux-gnu/libnss_files-2.21.so
7fb4b1ae3000-7fb4b1aee000 r-xp 00000000 08:07 6033679                    /lib/x86_64-linux-gnu/libnss_nis-2.21.so
7fb4b1aee000-7fb4b1ced000 ---p 0000b000 08:07 6033679                    /lib/x86_64-linux-gnu/libnss_nis-2.21.so
7fb4b1ced000-7fb4b1cee000 r--p 0000a000 08:07 6033679                    /lib/x86_64-linux-gnu/libnss_nis-2.21.so
7fb4b1cee000-7fb4b1cef000 rw-p 0000b000 08:07 6033679                    /lib/x86_64-linux-gnu/libnss_nis-2.21.so
7fb4b1cef000-7fb4b1d06000 r-xp 00000000 08:07 6033663                    /lib/x86_64-linux-gnu/libnsl-2.21.so
7fb4b1d06000-7fb4b1f05000 ---p 00017000 08:07 6033663                    /lib/x86_64-linux-gnu/libnsl-2.21.so
7fb4b1f05000-7fb4b1f06000 r--p 00016000 08:07 6033663                    /lib/x86_64-linux-gnu/libnsl-2.21.so
7fb4b1f06000-7fb4b1f07000 rw-p 00017000 08:07 6033663                    /lib/x86_64-linux-gnu/libnsl-2.21.so
7fb4b1f07000-7fb4b1f09000 rw-p 00000000 00:00 0 
7fb4b1f09000-7fb4b1f11000 r-xp 00000000 08:07 6033665                    /lib/x86_64-linux-gnu/libnss_compat-2.21.so
7fb4b1f11000-7fb4b2110000 ---p 00008000 08:07 6033665                    /lib/x86_64-linux-gnu/libnss_compat-2.21.so
7fb4b2110000-7fb4b2111000 r--p 00007000 08:07 6033665                    /lib/x86_64-linux-gnu/libnss_compat-2.21.so
7fb4b2111000-7fb4b2112000 rw-p 00008000 08:07 6033665                    /lib/x86_64-linux-gnu/libnss_compat-2.21.so
7fb4b2112000-7fb4b2140000 r-xp 00000000 08:07 4603685                    /usr/lib/jvm/java-8-openjdk-amd64/jre/lib/amd64/libjava.so
7fb4b2140000-7fb4b233f000 ---p 0002e000 08:07 4603685                    /usr/lib/jvm/java-8-openjdk-amd64/jre/lib/amd64/libjava.so
7fb4b233f000-7fb4b2340000 r--p 0002d000 08:07 4603685                    /usr/lib/jvm/java-8-openjdk-amd64/jre/lib/amd64/libjava.so
7fb4b2340000-7fb4b2342000 rw-p 0002e000 08:07 4603685                    /usr/lib/jvm/java-8-openjdk-amd64/jre/lib/amd64/libjava.so
7fb4b2342000-7fb4b2351000 r-xp 00000000 08:07 4604025                    /usr/lib/jvm/java-8-openjdk-amd64/jre/lib/amd64/libverify.so
7fb4b2351000-7fb4b2551000 ---p 0000f000 08:07 4604025                    /usr/lib/jvm/java-8-openjdk-amd64/jre/lib/amd64/libverify.so
7fb4b2551000-7fb4b2554000 r--p 0000f000 08:07 4604025                    /usr/lib/jvm/java-8-openjdk-amd64/jre/lib/amd64/libverify.so
7fb4b2554000-7fb4b2555000 rw-p 00012000 08:07 4604025                    /usr/lib/jvm/java-8-openjdk-amd64/jre/lib/amd64/libverify.so
7fb4b2555000-7fb4b255c000 r-xp 00000000 08:07 6033724                    /lib/x86_64-linux-gnu/librt-2.21.so
7fb4b255c000-7fb4b275b000 ---p 00007000 08:07 6033724                    /lib/x86_64-linux-gnu/librt-2.21.so
7fb4b275b000-7fb4b275c000 r--p 00006000 08:07 6033724                    /lib/x86_64-linux-gnu/librt-2.21.so
7fb4b275c000-7fb4b275d000 rw-p 00007000 08:07 6033724                    /lib/x86_64-linux-gnu/librt-2.21.so
7fb4b275d000-7fb4b2773000 r-xp 00000000 08:07 6033612                    /lib/x86_64-linux-gnu/libgcc_s.so.1
7fb4b2773000-7fb4b2972000 ---p 00016000 08:07 6033612                    /lib/x86_64-linux-gnu/libgcc_s.so.1
7fb4b2972000-7fb4b2973000 rw-p 00015000 08:07 6033612                    /lib/x86_64-linux-gnu/libgcc_s.so.1
7fb4b2973000-7fb4b2a7a000 r-xp 00000000 08:07 6033642                    /lib/x86_64-linux-gnu/libm-2.21.so
7fb4b2a7a000-7fb4b2c79000 ---p 00107000 08:07 6033642                    /lib/x86_64-linux-gnu/libm-2.21.so
7fb4b2c79000-7fb4b2c7a000 r--p 00106000 08:07 6033642                    /lib/x86_64-linux-gnu/libm-2.21.so
7fb4b2c7a000-7fb4b2c7b000 rw-p 00107000 08:07 6033642                    /lib/x86_64-linux-gnu/libm-2.21.so
7fb4b2c7b000-7fb4b2d6b000 r-xp 00000000 08:07 3285525                    /usr/lib/x86_64-linux-gnu/libstdc++.so.6.0.20
7fb4b2d6b000-7fb4b2f6b000 ---p 000f0000 08:07 3285525                    /usr/lib/x86_64-linux-gnu/libstdc++.so.6.0.20
7fb4b2f6b000-7fb4b2f73000 r--p 000f0000 08:07 3285525                    /usr/lib/x86_64-linux-gnu/libstdc++.so.6.0.20
7fb4b2f73000-7fb4b2f75000 rw-p 000f8000 08:07 3285525                    /usr/lib/x86_64-linux-gnu/libstdc++.so.6.0.20
7fb4b2f75000-7fb4b2f8a000 rw-p 00000000 00:00 0 
7fb4b2f8a000-7fb4b3c17000 r-xp 00000000 08:07 4604037                    /usr/lib/jvm/java-8-openjdk-amd64/jre/lib/amd64/server/libjvm.so
7fb4b3c17000-7fb4b3e17000 ---p 00c8d000 08:07 4604037                    /usr/lib/jvm/java-8-openjdk-amd64/jre/lib/amd64/server/libjvm.so
7fb4b3e17000-7fb4b3eba000 r--p 00c8d000 08:07 4604037                    /usr/lib/jvm/java-8-openjdk-amd64/jre/lib/amd64/server/libjvm.so
7fb4b3eba000-7fb4b3ee3000 rw-p 00d30000 08:07 4604037                    /usr/lib/jvm/java-8-openjdk-amd64/jre/lib/amd64/server/libjvm.so
7fb4b3ee3000-7fb4b3f12000 rw-p 00000000 00:00 0 
7fb4b3f12000-7fb4b3f2a000 r-xp 00000000 08:07 6033716                    /lib/x86_64-linux-gnu/libpthread-2.21.so
7fb4b3f2a000-7fb4b412a000 ---p 00018000 08:07 6033716                    /lib/x86_64-linux-gnu/libpthread-2.21.so
7fb4b412a000-7fb4b412b000 r--p 00018000 08:07 6033716                    /lib/x86_64-linux-gnu/libpthread-2.21.so
7fb4b412b000-7fb4b412c000 rw-p 00019000 08:07 6033716                    /lib/x86_64-linux-gnu/libpthread-2.21.so
7fb4b412c000-7fb4b4130000 rw-p 00000000 00:00 0 
7fb4b4130000-7fb4b4133000 r-xp 00000000 08:07 6033600                    /lib/x86_64-linux-gnu/libdl-2.21.so
7fb4b4133000-7fb4b4332000 ---p 00003000 08:07 6033600                    /lib/x86_64-linux-gnu/libdl-2.21.so
7fb4b4332000-7fb4b4333000 r--p 00002000 08:07 6033600                    /lib/x86_64-linux-gnu/libdl-2.21.so
7fb4b4333000-7fb4b4334000 rw-p 00003000 08:07 6033600                    /lib/x86_64-linux-gnu/libdl-2.21.so
7fb4b4334000-7fb4b434d000 r-xp 00000000 08:07 6033757                    /lib/x86_64-linux-gnu/libz.so.1.2.8
7fb4b434d000-7fb4b454d000 ---p 00019000 08:07 6033757                    /lib/x86_64-linux-gnu/libz.so.1.2.8
7fb4b454d000-7fb4b454e000 r--p 00019000 08:07 6033757                    /lib/x86_64-linux-gnu/libz.so.1.2.8
7fb4b454e000-7fb4b454f000 rw-p 0001a000 08:07 6033757                    /lib/x86_64-linux-gnu/libz.so.1.2.8
7fb4b454f000-7fb4b470f000 r-xp 00000000 08:07 6033583                    /lib/x86_64-linux-gnu/libc-2.21.so
7fb4b470f000-7fb4b490f000 ---p 001c0000 08:07 6033583                    /lib/x86_64-linux-gnu/libc-2.21.so
7fb4b490f000-7fb4b4913000 r--p 001c0000 08:07 6033583                    /lib/x86_64-linux-gnu/libc-2.21.so
7fb4b4913000-7fb4b4915000 rw-p 001c4000 08:07 6033583                    /lib/x86_64-linux-gnu/libc-2.21.so
7fb4b4915000-7fb4b4919000 rw-p 00000000 00:00 0 
7fb4b4919000-7fb4b4927000 r-xp 00000000 08:07 4726035                    /usr/lib/jvm/java-8-openjdk-amd64/jre/lib/amd64/jli/libjli.so
7fb4b4927000-7fb4b4b26000 ---p 0000e000 08:07 4726035                    /usr/lib/jvm/java-8-openjdk-amd64/jre/lib/amd64/jli/libjli.so
7fb4b4b26000-7fb4b4b27000 r--p 0000d000 08:07 4726035                    /usr/lib/jvm/java-8-openjdk-amd64/jre/lib/amd64/jli/libjli.so
7fb4b4b27000-7fb4b4b28000 rw-p 0000e000 08:07 4726035                    /usr/lib/jvm/java-8-openjdk-amd64/jre/lib/amd64/jli/libjli.so
7fb4b4b28000-7fb4b4b4c000 r-xp 00000000 08:07 6033555                    /lib/x86_64-linux-gnu/ld-2.21.so
7fb4b4b4c000-7fb4b4b4e000 r--s 00006000 08:07 3538955                    /usr/share/java/java-atk-wrapper.jar
7fb4b4b4e000-7fb4b4b54000 r--s 0003a000 08:07 4604056                    /usr/lib/jvm/java-8-openjdk-amd64/jre/lib/ext/sunjce_provider.jar
7fb4b4b54000-7fb4b4b55000 r--s 00008000 08:07 4604053                    /usr/lib/jvm/java-8-openjdk-amd64/jre/lib/ext/sunec.jar
7fb4b4b55000-7fb4b4c25000 rw-p 00000000 00:00 0 
7fb4b4c25000-7fb4b4c28000 ---p 00000000 00:00 0 
7fb4b4c28000-7fb4b4d3f000 rw-p 00000000 00:00 0                          [stack:4721]
7fb4b4d3f000-7fb4b4d47000 rw-s 00000000 08:07 3015405                    /tmp/hsperfdata_pvthuyen/4715
7fb4b4d47000-7fb4b4d48000 rw-p 00000000 00:00 0 
7fb4b4d48000-7fb4b4d49000 ---p 00000000 00:00 0 
7fb4b4d49000-7fb4b4d4b000 rw-p 00000000 00:00 0 
7fb4b4d4b000-7fb4b4d4c000 r--p 00023000 08:07 6033555                    /lib/x86_64-linux-gnu/ld-2.21.so
7fb4b4d4c000-7fb4b4d4d000 rw-p 00024000 08:07 6033555                    /lib/x86_64-linux-gnu/ld-2.21.so
7fb4b4d4d000-7fb4b4d4e000 rw-p 00000000 00:00 0 
7ffc0f48e000-7ffc0f4b0000 rw-p 00000000 00:00 0                          [stack]
7ffc0f5bd000-7ffc0f5bf000 r--p 00000000 00:00 0                          [vvar]
7ffc0f5bf000-7ffc0f5c1000 r-xp 00000000 00:00 0                          [vdso]
ffffffffff600000-ffffffffff601000 r-xp 00000000 00:00 0                  [vsyscall]

VM Arguments:
jvm_args: -Xmx1024M -Dfile.encoding=UTF-8 -Duser.country=US -Duser.language=en -Duser.variant 
java_command: com.android.dx.command.Main --dex --output /home/pvthuyen/TripAdvisor/app/build/intermediates/dex/debug /home/pvthuyen/TripAdvisor/app/build/intermediates/classes/debug /home/pvthuyen/TripAdvisor/app/build/intermediates/pre-dexed/debug/support-annotations-22.2.0-6edaf921514e3c79b4cd482598ff6f89aabb1f45.jar /home/pvthuyen/TripAdvisor/app/build/intermediates/pre-dexed/debug/classes-0fbdf4ab642a51d370dee0e45c30a3f45f79d22a.jar /home/pvthuyen/TripAdvisor/app/build/intermediates/pre-dexed/debug/classes-9cbddf8f9a26240101377d4da600542e5941c7d3.jar /home/pvthuyen/TripAdvisor/app/build/intermediates/pre-dexed/debug/classes-54dfd174cb9e505954d413860ed0fd87d4373e98.jar /home/pvthuyen/TripAdvisor/app/build/intermediates/pre-dexed/debug/internal_impl-22.0.0-8737b4cfef54ec053e939fe58b85eb5efdb241b6.jar /home/pvthuyen/TripAdvisor/app/build/intermediates/pre-dexed/debug/classes-efc80b1e7a1d861f506405ed88b430606dd922ef.jar /home/pvthuyen/TripAdvisor/app/build/intermediates/pre-dexed/debug/classes-f2fc0d17c65bce9a807e5e1004710afc9e0b6e16.jar /home/pvthuyen/TripAdvisor/app/build/intermediates/pre-dexed/debug/classes-ad7067dddb5ff35a76ae3c4b821ba5bdbd3dc4c4.jar /home/pvthuyen/TripAdvisor/app/build/intermediates/pre-dexed/debug/classes-fa1f0681a19b6bd5b02da6ef70b89a58b9cc1280.jar /home/pvthuyen/TripAdvisor/app/build/intermediates/pre-dexed/debug/classes-beb82d3d25fe2e0e0ce3f7649048a558037bc706.jar /home/pvthuyen/TripAdvisor/app/build/intermediates/pre-dexed/debug/classes-9f7020e100ed54825762d996a9bb3887e8e6eaae.jar /home/pvthuyen/TripAdvisor/app/build/intermediates/pre-dexed/debug/classes-f98b9e33457257e5c999de506ba0c4d3a2626529.jar /home/pvthuyen/TripAdvisor/app/build/intermediates/pre-dexed/debug/classes-2ba99a6a414db747169eb68241a8c18d3e2532a5.jar /home/pvthuyen/TripAdvisor/app/build/intermediates/pre-dexed/debug/classes-cab123c567ae22a73d31669e66c3ae14ce6132ae.jar /home/pvthuyen/TripAdvisor/app/build/intermediates/pre-dexed/debug/classes-8b28de176ae61b3d3a3fbfa3d3ba
java_class_path (initial): /home/pvthuyen/Android/Sdk/build-tools/22.0.1/lib/dx.jar
Launcher Type: SUN_STANDARD

Environment Variables:
PATH=/usr/local/sbin:/usr/local/bin:/usr/sbin:/usr/bin:/sbin:/bin:/usr/games:/usr/local/games
LD_LIBRARY_PATH=.:
SHELL=/bin/bash
DISPLAY=:0.0

Signal Handlers:
SIGSEGV: [libjvm.so+0xa90d80], sa_mask[0]=11111111011111111101111111111110, sa_flags=SA_RESTART|SA_SIGINFO
SIGBUS: [libjvm.so+0xa90d80], sa_mask[0]=11111111011111111101111111111110, sa_flags=SA_RESTART|SA_SIGINFO
SIGFPE: [libjvm.so+0x8dbc70], sa_mask[0]=11111111011111111101111111111110, sa_flags=SA_RESTART|SA_SIGINFO
SIGPIPE: [libjvm.so+0x8dbc70], sa_mask[0]=11111111011111111101111111111110, sa_flags=SA_RESTART|SA_SIGINFO
SIGXFSZ: [libjvm.so+0x8dbc70], sa_mask[0]=11111111011111111101111111111110, sa_flags=SA_RESTART|SA_SIGINFO
SIGILL: [libjvm.so+0x8dbc70], sa_mask[0]=11111111011111111101111111111110, sa_flags=SA_RESTART|SA_SIGINFO
SIGUSR1: SIG_DFL, sa_mask[0]=00000000000000000000000000000000, sa_flags=none
SIGUSR2: [libjvm.so+0x8dbb20], sa_mask[0]=00100000000000000000000000000000, sa_flags=SA_RESTART|SA_SIGINFO
SIGHUP: [libjvm.so+0x8dbd40], sa_mask[0]=11111111011111111101111111111110, sa_flags=SA_RESTART|SA_SIGINFO
SIGINT: [libjvm.so+0x8dbd40], sa_mask[0]=11111111011111111101111111111110, sa_flags=SA_RESTART|SA_SIGINFO
SIGTERM: [libjvm.so+0x8dbd40], sa_mask[0]=11111111011111111101111111111110, sa_flags=SA_RESTART|SA_SIGINFO
SIGQUIT: [libjvm.so+0x8dbd40], sa_mask[0]=11111111011111111101111111111110, sa_flags=SA_RESTART|SA_SIGINFO


---------------  S Y S T E M  ---------------

OS:DISTRIB_ID=Ubuntu
DISTRIB_RELEASE=15.04
DISTRIB_CODENAME=vivid
DISTRIB_DESCRIPTION="Ubuntu 15.04"

uname:Linux 3.19.0-25-generic #26-Ubuntu SMP Fri Jul 24 21:17:31 UTC 2015 x86_64
libc:glibc 2.21 NPTL 2.21 
rlimit: STACK 8192k, CORE 0k, NPROC 15274, NOFILE 65536, AS infinity
load average:2.13 0.94 0.62

/proc/meminfo:
MemTotal:        3932688 kB
MemFree:          118724 kB
MemAvailable:      68676 kB
Buffers:            1420 kB
Cached:           353200 kB
SwapCached:            0 kB
Active:          3356200 kB
Inactive:         283088 kB
Active(anon):    3334340 kB
Inactive(anon):   264536 kB
Active(file):      21860 kB
Inactive(file):    18552 kB
Unevictable:          48 kB
Mlocked:              48 kB
SwapTotal:             0 kB
SwapFree:              0 kB
Dirty:                24 kB
Writeback:             0 kB
AnonPages:       3285084 kB
Mapped:           274008 kB
Shmem:            313840 kB
Slab:              63540 kB
SReclaimable:      28432 kB
SUnreclaim:        35108 kB
KernelStack:        9488 kB
PageTables:        39172 kB
NFS_Unstable:          0 kB
Bounce:                0 kB
WritebackTmp:          0 kB
CommitLimit:     1966344 kB
Committed_AS:    7057740 kB
VmallocTotal:   34359738367 kB
VmallocUsed:      557028 kB
VmallocChunk:   34359100240 kB
HardwareCorrupted:     0 kB
AnonHugePages:   1683456 kB
CmaTotal:              0 kB
CmaFree:               0 kB
HugePages_Total:       0
HugePages_Free:        0
HugePages_Rsvd:        0
HugePages_Surp:        0
Hugepagesize:       2048 kB
DirectMap4k:      162560 kB
DirectMap2M:     3917824 kB
DirectMap1G:     1048576 kB


CPU:total 4 (2 cores per cpu, 2 threads per core) family 6 model 69 stepping 1, cmov, cx8, fxsr, mmx, sse, sse2, sse3, ssse3, sse4.1, sse4.2, popcnt, avx, avx2, aes, clmul, erms, lzcnt, ht, tsc, tscinvbit, bmi1, bmi2

/proc/cpuinfo:
processor	: 0
vendor_id	: GenuineIntel
cpu family	: 6
model		: 69
model name	: Intel(R) Core(TM) i5-4200U CPU @ 1.60GHz
stepping	: 1
microcode	: 0x1c
cpu MHz		: 1010.832
cache size	: 3072 KB
physical id	: 0
siblings	: 4
core id		: 0
cpu cores	: 2
apicid		: 0
initial apicid	: 0
fpu		: yes
fpu_exception	: yes
cpuid level	: 13
wp		: yes
flags		: fpu vme de pse tsc msr pae mce cx8 apic sep mtrr pge mca cmov pat pse36 clflush dts acpi mmx fxsr sse sse2 ss ht tm pbe syscall nx pdpe1gb rdtscp lm constant_tsc arch_perfmon pebs bts rep_good nopl xtopology nonstop_tsc aperfmperf eagerfpu pni pclmulqdq dtes64 monitor ds_cpl vmx est tm2 ssse3 fma cx16 xtpr pdcm pcid sse4_1 sse4_2 movbe popcnt tsc_deadline_timer aes xsave avx f16c rdrand lahf_lm abm ida arat epb pln pts dtherm tpr_shadow vnmi flexpriority ept vpid fsgsbase tsc_adjust bmi1 avx2 smep bmi2 erms invpcid xsaveopt
bugs		:
bogomips	: 4589.18
clflush size	: 64
cache_alignment	: 64
address sizes	: 39 bits physical, 48 bits virtual
power management:

processor	: 1
vendor_id	: GenuineIntel
cpu family	: 6
model		: 69
model name	: Intel(R) Core(TM) i5-4200U CPU @ 1.60GHz
stepping	: 1
microcode	: 0x1c
cpu MHz		: 802.664
cache size	: 3072 KB
physical id	: 0
siblings	: 4
core id		: 0
cpu cores	: 2
apicid		: 1
initial apicid	: 1
fpu		: yes
fpu_exception	: yes
cpuid level	: 13
wp		: yes
flags		: fpu vme de pse tsc msr pae mce cx8 apic sep mtrr pge mca cmov pat pse36 clflush dts acpi mmx fxsr sse sse2 ss ht tm pbe syscall nx pdpe1gb rdtscp lm constant_tsc arch_perfmon pebs bts rep_good nopl xtopology nonstop_tsc aperfmperf eagerfpu pni pclmulqdq dtes64 monitor ds_cpl vmx est tm2 ssse3 fma cx16 xtpr pdcm pcid sse4_1 sse4_2 movbe popcnt tsc_deadline_timer aes xsave avx f16c rdrand lahf_lm abm ida arat epb pln pts dtherm tpr_shadow vnmi flexpriority ept vpid fsgsbase tsc_adjust bmi1 avx2 smep bmi2 erms invpcid xsaveopt
bugs		:
bogomips	: 4589.18
clflush size	: 64
cache_alignment	: 64
address sizes	: 39 bits physical, 48 bits virtual
power management:

processor	: 2
vendor_id	: GenuineIntel
cpu family	: 6
model		: 69
model name	: Intel(R) Core(TM) i5-4200U CPU @ 1.60GHz
stepping	: 1
microcode	: 0x1c
cpu MHz		: 1383.144
cache size	: 3072 KB
physical id	: 0
siblings	: 4
core id		: 1
cpu cores	: 2
apicid		: 2
initial apicid	: 2
fpu		: yes
fpu_exception	: yes
cpuid level	: 13
wp		: yes
flags		: fpu vme de pse tsc msr pae mce cx8 apic sep mtrr pge mca cmov pat pse36 clflush dts acpi mmx fxsr sse sse2 ss ht tm pbe syscall nx pdpe1gb rdtscp lm constant_tsc arch_perfmon pebs bts rep_good nopl xtopology nonstop_tsc aperfmperf eagerfpu pni pclmulqdq dtes64 monitor ds_cpl vmx est tm2 ssse3 fma cx16 xtpr pdcm pcid sse4_1 sse4_2 movbe popcnt tsc_deadline_timer aes xsave avx f16c rdrand lahf_lm abm ida arat epb pln pts dtherm tpr_shadow vnmi flexpriority ept vpid fsgsbase tsc_adjust bmi1 avx2 smep bmi2 erms invpcid xsaveopt
bugs		:
bogomips	: 4589.18
clflush size	: 64
cache_alignment	: 64
address sizes	: 39 bits physical, 48 bits virtual
power management:

processor	: 3
vendor_id	: GenuineIntel
cpu family	: 6
model		: 69
model name	: Intel(R) Core(TM) i5-4200U CPU @ 1.60GHz
stepping	: 1
microcode	: 0x1c
cpu MHz		: 1077.496
cache size	: 3072 KB
physical id	: 0
siblings	: 4
core id		: 1
cpu cores	: 2
apicid		: 3
initial apicid	: 3
fpu		: yes
fpu_exception	: yes
cpuid level	: 13
wp		: yes
flags		: fpu vme de pse tsc msr pae mce cx8 apic sep mtrr pge mca cmov pat pse36 clflush dts acpi mmx fxsr sse sse2 ss ht tm pbe syscall nx pdpe1gb rdtscp lm constant_tsc arch_perfmon pebs bts rep_good nopl xtopology nonstop_tsc aperfmperf eagerfpu pni pclmulqdq dtes64 monitor ds_cpl vmx est tm2 ssse3 fma cx16 xtpr pdcm pcid sse4_1 sse4_2 movbe popcnt tsc_deadline_timer aes xsave avx f16c rdrand lahf_lm abm ida arat epb pln pts dtherm tpr_shadow vnmi flexpriority ept vpid fsgsbase tsc_adjust bmi1 avx2 smep bmi2 erms invpcid xsaveopt
bugs		:
bogomips	: 4589.18
clflush size	: 64
cache_alignment	: 64
address sizes	: 39 bits physical, 48 bits virtual
power management:



Memory: 4k page, physical 3932688k(118724k free), swap 0k(0k free)

vm_info: OpenJDK 64-Bit Server VM (25.45-b02) for linux-amd64 JRE (1.8.0_45-internal-b14), built on Apr 20 2015 00:35:04 by "buildd" with gcc 4.9.2

time: Wed Aug  5 21:56:23 2015
elapsed time: 15 seconds (0d 0h 0m 15s)

