#
# There is insufficient memory for the Java Runtime Environment to continue.
# Native memory allocation (mmap) failed to map 124256256 bytes for committing reserved memory.
# Possible reasons:
#   The system is out of physical RAM or swap space
#   In 32 bit mode, the process size limit was hit
# Possible solutions:
#   Reduce memory load on the system
#   Increase physical memory or swap space
#   Check if swap backing store is full
#   Use 64 bit Java on a 64 bit OS
#   Decrease Java heap size (-Xmx/-Xms)
#   Decrease number of Java threads
#   Decrease Java thread stack sizes (-Xss)
#   Set larger code cache with -XX:ReservedCodeCacheSize=
# This output file may be truncated or incomplete.
#
#  Out of Memory Error (os_linux.cpp:2673), pid=5669, tid=140110070806272
#
# JRE version: OpenJDK Runtime Environment (8.0_45-b14) (build 1.8.0_45-internal-b14)
# Java VM: OpenJDK 64-Bit Server VM (25.45-b02 mixed mode linux-amd64 compressed oops)
# Failed to write core dump. Core dumps have been disabled. To enable core dumping, try "ulimit -c unlimited" before starting Java again
#

---------------  T H R E A D  ---------------

Current thread (0x00007f6dfc079000):  VMThread [stack: 0x00007f6deaeff000,0x00007f6deb000000] [id=5680]

Stack: [0x00007f6deaeff000,0x00007f6deb000000],  sp=0x00007f6deaffe4d0,  free space=1021k
Native frames: (J=compiled Java code, j=interpreted, Vv=VM code, C=native code)
V  [libjvm.so+0xa902bd]  VMError::report_and_die()+0x15d
V  [libjvm.so+0x4e783c]  report_vm_out_of_memory(char const*, int, unsigned long, VMErrorType, char const*)+0xac
V  [libjvm.so+0x8e03b0]  os::pd_commit_memory(char*, unsigned long, unsigned long, bool)+0xf0
V  [libjvm.so+0x8daaee]  os::commit_memory(char*, unsigned long, unsigned long, bool)+0x2e
V  [libjvm.so+0x955a9b]  PSVirtualSpace::expand_by(unsigned long)+0x5b
V  [libjvm.so+0x956e03]  PSYoungGen::resize(unsigned long, unsigned long)+0x103
V  [libjvm.so+0x953a8e]  PSScavenge::invoke_no_policy()+0x14be
V  [libjvm.so+0x953d7c]  PSScavenge::invoke()+0x4c
V  [libjvm.so+0x906073]  ParallelScavengeHeap::failed_mem_allocate(unsigned long)+0x63
V  [libjvm.so+0xa91d92]  VM_ParallelGCFailedAllocation::doit()+0x92
V  [libjvm.so+0xa968f7]  VM_Operation::evaluate()+0x47
V  [libjvm.so+0xa94c17]  VMThread::evaluate_operation(VM_Operation*)+0xe7
V  [libjvm.so+0xa95447]  VMThread::loop()+0x227
V  [libjvm.so+0xa95991]  VMThread::run()+0x81
V  [libjvm.so+0x8dd8a2]  java_start(Thread*)+0xf2

VM_Operation (0x00007f6e05dd93d0): ParallelGCFailedAllocation, mode: safepoint, requested by thread 0x00007f6dfc00b800


---------------  P R O C E S S  ---------------

Java Threads: ( => current thread )
  0x00007f6dfc0c0000 JavaThread "Service Thread" daemon [_thread_blocked, id=5687, stack(0x00007f6de9cba000,0x00007f6de9dbb000)]
  0x00007f6dfc0b1800 JavaThread "C1 CompilerThread2" daemon [_thread_blocked, id=5686, stack(0x00007f6de9dbb000,0x00007f6de9ebc000)]
  0x00007f6dfc0b0000 JavaThread "C2 CompilerThread1" daemon [_thread_blocked, id=5685, stack(0x00007f6de9ebc000,0x00007f6de9fbd000)]
  0x00007f6dfc0ad000 JavaThread "C2 CompilerThread0" daemon [_thread_blocked, id=5684, stack(0x00007f6de9fbd000,0x00007f6dea0be000)]
  0x00007f6dfc0ab000 JavaThread "Signal Dispatcher" daemon [_thread_blocked, id=5683, stack(0x00007f6dea0be000,0x00007f6dea1bf000)]
  0x00007f6dfc080800 JavaThread "Finalizer" daemon [_thread_blocked, id=5682, stack(0x00007f6deacfd000,0x00007f6deadfe000)]
  0x00007f6dfc07e800 JavaThread "Reference Handler" daemon [_thread_blocked, id=5681, stack(0x00007f6deadfe000,0x00007f6deaeff000)]
  0x00007f6dfc00b800 JavaThread "main" [_thread_blocked, id=5675, stack(0x00007f6e05cda000,0x00007f6e05ddb000)]

Other Threads:
=>0x00007f6dfc079000 VMThread [stack: 0x00007f6deaeff000,0x00007f6deb000000] [id=5680]
  0x00007f6dfc0c2000 WatcherThread [stack: 0x00007f6de9bb9000,0x00007f6de9cba000] [id=5688]

VM state:at safepoint (normal execution)

VM Mutex/Monitor currently owned by a thread:  ([mutex/lock_event])
[0x00007f6dfc007e10] Threads_lock - owner thread: 0x00007f6dfc079000
[0x00007f6dfc008310] Heap_lock - owner thread: 0x00007f6dfc00b800

Heap:
 PSYoungGen      total 212992K, used 6312K [0x00000000eab00000, 0x00000000f8580000, 0x0000000100000000)
  eden space 202752K, 0% used [0x00000000eab00000,0x00000000eab00000,0x00000000f7100000)
  from space 10240K, 61% used [0x00000000f7100000,0x00000000f772a2d0,0x00000000f7b00000)
  to   space 9728K, 0% used [0x00000000f7b00000,0x00000000f7b00000,0x00000000f8480000)
 ParOldGen       total 56832K, used 51719K [0x00000000c0000000, 0x00000000c3780000, 0x00000000eab00000)
  object space 56832K, 91% used [0x00000000c0000000,0x00000000c3281cc8,0x00000000c3780000)
 Metaspace       used 7510K, capacity 8030K, committed 8192K, reserved 1056768K
  class space    used 690K, capacity 721K, committed 768K, reserved 1048576K

Card table byte_map: [0x00007f6e021c1000,0x00007f6e023c2000] byte_map_base: 0x00007f6e01bc1000

Marking Bits: (ParMarkBitMap*) 0x00007f6e04fabe80
 Begin Bits: [0x00007f6deb000000, 0x00007f6dec000000)
 End Bits:   [0x00007f6dec000000, 0x00007f6ded000000)

Polling page: 0x00007f6e05dfd000

CodeCache: size=245760Kb used=9732Kb max_used=9746Kb free=236027Kb
 bounds [0x00007f6ded000000, 0x00007f6ded990000, 0x00007f6dfc000000]
 total_blobs=3066 nmethods=2772 adapters=209
 compilation: enabled

Compilation events (10 events):
Event: 4.694 Thread 0x00007f6dfc0b0000 nmethod 2819 0x00007f6ded988290 code [0x00007f6ded988400, 0x00007f6ded988878]
Event: 4.694 Thread 0x00007f6dfc0b0000 2821       4       java.security.MessageDigest$Delegate::engineUpdate (11 bytes)
Event: 4.699 Thread 0x00007f6dfc0ad000 nmethod 2820 0x00007f6ded987690 code [0x00007f6ded987820, 0x00007f6ded987d58]
Event: 4.700 Thread 0x00007f6dfc0b0000 nmethod 2821 0x00007f6ded989c50 code [0x00007f6ded989de0, 0x00007f6ded98a2b8]
Event: 4.702 Thread 0x00007f6dfc0ad000 2822       4       java.util.zip.Adler32::update (51 bytes)
Event: 4.703 Thread 0x00007f6dfc0ad000 nmethod 2822 0x00007f6ded98bbd0 code [0x00007f6ded98bd20, 0x00007f6ded98be48]
Event: 4.728 Thread 0x00007f6dfc0b0000 2823 %     4       com.android.dx.merge.DexMerger$IdMerger::readUnsortedValues @ 42 (101 bytes)
Event: 4.729 Thread 0x00007f6dfc0ad000 2824 %     4       com.android.dx.merge.DexMerger$IdMerger::mergeUnsorted @ 87 (247 bytes)
Event: 4.740 Thread 0x00007f6dfc0b0000 nmethod 2823% 0x00007f6ded988b50 code [0x00007f6ded988d20, 0x00007f6ded9895d8]
Event: 4.741 Thread 0x00007f6dfc0b0000 2825       4       java.util.ComparableTimSort::mergeLo (656 bytes)

GC Heap History (10 events):
Event: 2.929 GC heap after
Heap after GC invocations=6 (full 0):
 PSYoungGen      total 73216K, used 7180K [0x00000000eab00000, 0x00000000efc00000, 0x0000000100000000)
  eden space 63488K, 0% used [0x00000000eab00000,0x00000000eab00000,0x00000000ee900000)
  from space 9728K, 73% used [0x00000000ef280000,0x00000000ef9832a0,0x00000000efc00000)
  to   space 9728K, 0% used [0x00000000ee900000,0x00000000ee900000,0x00000000ef280000)
 ParOldGen       total 42496K, used 18819K [0x00000000c0000000, 0x00000000c2980000, 0x00000000eab00000)
  object space 42496K, 44% used [0x00000000c0000000,0x00000000c1260ed8,0x00000000c2980000)
 Metaspace       used 7382K, capacity 8024K, committed 8192K, reserved 1056768K
  class space    used 681K, capacity 720K, committed 768K, reserved 1048576K
}
Event: 3.213 GC heap before
{Heap before GC invocations=7 (full 0):
 PSYoungGen      total 73216K, used 70668K [0x00000000eab00000, 0x00000000efc00000, 0x0000000100000000)
  eden space 63488K, 100% used [0x00000000eab00000,0x00000000ee900000,0x00000000ee900000)
  from space 9728K, 73% used [0x00000000ef280000,0x00000000ef9832a0,0x00000000efc00000)
  to   space 9728K, 0% used [0x00000000ee900000,0x00000000ee900000,0x00000000ef280000)
 ParOldGen       total 42496K, used 18819K [0x00000000c0000000, 0x00000000c2980000, 0x00000000eab00000)
  object space 42496K, 44% used [0x00000000c0000000,0x00000000c1260ed8,0x00000000c2980000)
 Metaspace       used 7481K, capacity 8030K, committed 8192K, reserved 1056768K
  class space    used 690K, capacity 721K, committed 768K, reserved 1048576K
Event: 3.241 GC heap after
Heap after GC invocations=7 (full 0):
 PSYoungGen      total 73216K, used 6585K [0x00000000eab00000, 0x00000000f3900000, 0x0000000100000000)
  eden space 63488K, 0% used [0x00000000eab00000,0x00000000eab00000,0x00000000ee900000)
  from space 9728K, 67% used [0x00000000ee900000,0x00000000eef6e518,0x00000000ef280000)
  to   space 9216K, 0% used [0x00000000f3000000,0x00000000f3000000,0x00000000f3900000)
 ParOldGen       total 42496K, used 19960K [0x00000000c0000000, 0x00000000c2980000, 0x00000000eab00000)
  object space 42496K, 46% used [0x00000000c0000000,0x00000000c137e3c8,0x00000000c2980000)
 Metaspace       used 7481K, capacity 8030K, committed 8192K, reserved 1056768K
  class space    used 690K, capacity 721K, committed 768K, reserved 1048576K
}
Event: 3.477 GC heap before
{Heap before GC invocations=8 (full 0):
 PSYoungGen      total 73216K, used 70073K [0x00000000eab00000, 0x00000000f3900000, 0x0000000100000000)
  eden space 63488K, 100% used [0x00000000eab00000,0x00000000ee900000,0x00000000ee900000)
  from space 9728K, 67% used [0x00000000ee900000,0x00000000eef6e518,0x00000000ef280000)
  to   space 9216K, 0% used [0x00000000f3000000,0x00000000f3000000,0x00000000f3900000)
 ParOldGen       total 42496K, used 19960K [0x00000000c0000000, 0x00000000c2980000, 0x00000000eab00000)
  object space 42496K, 46% used [0x00000000c0000000,0x00000000c137e3c8,0x00000000c2980000)
 Metaspace       used 7492K, capacity 8030K, committed 8192K, reserved 1056768K
  class space    used 690K, capacity 721K, committed 768K, reserved 1048576K
Event: 3.509 GC heap after
Heap after GC invocations=8 (full 0):
 PSYoungGen      total 136192K, used 5870K [0x00000000eab00000, 0x00000000f3900000, 0x0000000100000000)
  eden space 126976K, 0% used [0x00000000eab00000,0x00000000eab00000,0x00000000f2700000)
  from space 9216K, 63% used [0x00000000f3000000,0x00000000f35bbba0,0x00000000f3900000)
  to   space 9216K, 0% used [0x00000000f2700000,0x00000000f2700000,0x00000000f3000000)
 ParOldGen       total 42496K, used 20772K [0x00000000c0000000, 0x00000000c2980000, 0x00000000eab00000)
  object space 42496K, 48% used [0x00000000c0000000,0x00000000c1449280,0x00000000c2980000)
 Metaspace       used 7492K, capacity 8030K, committed 8192K, reserved 1056768K
  class space    used 690K, capacity 721K, committed 768K, reserved 1048576K
}
Event: 3.968 GC heap before
{Heap before GC invocations=9 (full 0):
 PSYoungGen      total 136192K, used 132846K [0x00000000eab00000, 0x00000000f3900000, 0x0000000100000000)
  eden space 126976K, 100% used [0x00000000eab00000,0x00000000f2700000,0x00000000f2700000)
  from space 9216K, 63% used [0x00000000f3000000,0x00000000f35bbba0,0x00000000f3900000)
  to   space 9216K, 0% used [0x00000000f2700000,0x00000000f2700000,0x00000000f3000000)
 ParOldGen       total 42496K, used 20772K [0x00000000c0000000, 0x00000000c2980000, 0x00000000eab00000)
  object space 42496K, 48% used [0x00000000c0000000,0x00000000c1449280,0x00000000c2980000)
 Metaspace       used 7498K, capacity 8030K, committed 8192K, reserved 1056768K
  class space    used 690K, capacity 721K, committed 768K, reserved 1048576K
Event: 3.978 GC heap after
Heap after GC invocations=9 (full 0):
 PSYoungGen      total 136192K, used 8091K [0x00000000eab00000, 0x00000000f8480000, 0x0000000100000000)
  eden space 126976K, 0% used [0x00000000eab00000,0x00000000eab00000,0x00000000f2700000)
  from space 9216K, 87% used [0x00000000f2700000,0x00000000f2ee6f80,0x00000000f3000000)
  to   space 9728K, 0% used [0x00000000f7b00000,0x00000000f7b00000,0x00000000f8480000)
 ParOldGen       total 42496K, used 24540K [0x00000000c0000000, 0x00000000c2980000, 0x00000000eab00000)
  object space 42496K, 57% used [0x00000000c0000000,0x00000000c17f7388,0x00000000c2980000)
 Metaspace       used 7498K, capacity 8030K, committed 8192K, reserved 1056768K
  class space    used 690K, capacity 721K, committed 768K, reserved 1048576K
}
Event: 4.360 GC heap before
{Heap before GC invocations=10 (full 0):
 PSYoungGen      total 136192K, used 135067K [0x00000000eab00000, 0x00000000f8480000, 0x0000000100000000)
  eden space 126976K, 100% used [0x00000000eab00000,0x00000000f2700000,0x00000000f2700000)
  from space 9216K, 87% used [0x00000000f2700000,0x00000000f2ee6f80,0x00000000f3000000)
  to   space 9728K, 0% used [0x00000000f7b00000,0x00000000f7b00000,0x00000000f8480000)
 ParOldGen       total 42496K, used 24540K [0x00000000c0000000, 0x00000000c2980000, 0x00000000eab00000)
  object space 42496K, 57% used [0x00000000c0000000,0x00000000c17f7388,0x00000000c2980000)
 Metaspace       used 7503K, capacity 8030K, committed 8192K, reserved 1056768K
  class space    used 690K, capacity 721K, committed 768K, reserved 1048576K
Event: 4.387 GC heap after
Heap after GC invocations=10 (full 0):
 PSYoungGen      total 212480K, used 9213K [0x00000000eab00000, 0x00000000f8580000, 0x0000000100000000)
  eden space 202752K, 0% used [0x00000000eab00000,0x00000000eab00000,0x00000000f7100000)
  from space 9728K, 94% used [0x00000000f7b00000,0x00000000f83ff7a0,0x00000000f8480000)
  to   space 10240K, 0% used [0x00000000f7100000,0x00000000f7100000,0x00000000f7b00000)
 ParOldGen       total 42496K, used 24556K [0x00000000c0000000, 0x00000000c2980000, 0x00000000eab00000)
  object space 42496K, 57% used [0x00000000c0000000,0x00000000c17fb388,0x00000000c2980000)
 Metaspace       used 7503K, capacity 8030K, committed 8192K, reserved 1056768K
  class space    used 690K, capacity 721K, committed 768K, reserved 1048576K
}
Event: 4.745 GC heap before
{Heap before GC invocations=11 (full 0):
 PSYoungGen      total 212480K, used 211965K [0x00000000eab00000, 0x00000000f8580000, 0x0000000100000000)
  eden space 202752K, 100% used [0x00000000eab00000,0x00000000f7100000,0x00000000f7100000)
  from space 9728K, 94% used [0x00000000f7b00000,0x00000000f83ff7a0,0x00000000f8480000)
  to   space 10240K, 0% used [0x00000000f7100000,0x00000000f7100000,0x00000000f7b00000)
 ParOldGen       total 42496K, used 24556K [0x00000000c0000000, 0x00000000c2980000, 0x00000000eab00000)
  object space 42496K, 57% used [0x00000000c0000000,0x00000000c17fb388,0x00000000c2980000)
 Metaspace       used 7510K, capacity 8030K, committed 8192K, reserved 1056768K
  class space    used 690K, capacity 721K, committed 768K, reserved 1048576K

Deoptimization events (10 events):
Event: 2.477 Thread 0x00007f6dfc00b800 Uncommon trap: reason=predicate action=maybe_recompile pc=0x00007f6ded7241cc method=com.android.dex.Leb128.writeUnsignedLeb128(Lcom/android/dex/util/ByteOutput;I)V @ 9
Event: 2.507 Thread 0x00007f6dfc00b800 Uncommon trap: reason=unstable_if action=reinterpret pc=0x00007f6ded74ed54 method=com.android.dx.merge.IndexMap.adjustString(I)I @ 2
Event: 2.609 Thread 0x00007f6dfc00b800 Uncommon trap: reason=predicate action=maybe_recompile pc=0x00007f6ded78f5fc method=com.android.dex.Leb128.readUnsignedLeb128(Lcom/android/dex/util/ByteInput;)I @ 41
Event: 2.662 Thread 0x00007f6dfc00b800 Uncommon trap: reason=unstable_if action=reinterpret pc=0x00007f6ded5d3a8c method=java.util.HashMap.getNode(ILjava/lang/Object;)Ljava/util/HashMap$Node; @ 84
Event: 2.662 Thread 0x00007f6dfc00b800 Uncommon trap: reason=unstable_if action=reinterpret pc=0x00007f6ded621018 method=java.util.HashMap.getNode(ILjava/lang/Object;)Ljava/util/HashMap$Node; @ 84
Event: 2.690 Thread 0x00007f6dfc00b800 Uncommon trap: reason=unstable_if action=reinterpret pc=0x00007f6ded74c960 method=com.android.dex.FieldId.compareTo(Lcom/android/dex/FieldId;)I @ 8
Event: 3.297 Thread 0x00007f6dfc00b800 Uncommon trap: reason=unstable_if action=reinterpret pc=0x00007f6ded8644d8 method=com.android.dex.EncodedValueCodec.readUnsignedInt(Lcom/android/dex/util/ByteInput;IZ)I @ 3
Event: 3.297 Thread 0x00007f6dfc00b800 Uncommon trap: reason=unstable_if action=reinterpret pc=0x00007f6ded48755c method=java.lang.Long.numberOfTrailingZeros(J)I @ 3
Event: 4.571 Thread 0x00007f6dfc00b800 Uncommon trap: reason=predicate action=maybe_recompile pc=0x00007f6ded95e19c method=java.util.ComparableTimSort.binarySort([Ljava/lang/Object;III)V @ 37
Event: 4.709 Thread 0x00007f6dfc00b800 Uncommon trap: reason=array_check action=maybe_recompile pc=0x00007f6ded97f628 method=java.util.ComparableTimSort.binarySort([Ljava/lang/Object;III)V @ 193

Internal exceptions (6 events):
Event: 0.532 Thread 0x00007f6dfc00b800 Exception <a 'java/lang/NoSuchMethodError': Method sun.misc.Unsafe.defineClass(Ljava/lang/String;[BII)Ljava/lang/Class; name or signature does not match> (0x00000000eab12a50) thrown at [/build/buildd/openjdk-8-8u45-b14/src/hotspot/src/share/vm/prims/jni.c
Event: 0.533 Thread 0x00007f6dfc00b800 Exception <a 'java/lang/NoSuchMethodError': Method sun.misc.Unsafe.prefetchRead(Ljava/lang/Object;J)V name or signature does not match> (0x00000000eab12ce0) thrown at [/build/buildd/openjdk-8-8u45-b14/src/hotspot/src/share/vm/prims/jni.cpp, line 3994]
Event: 0.730 Thread 0x00007f6dfc00b800 Exception <a 'java/util/zip/ZipException'> (0x00000000eabd03f8) thrown at [/build/buildd/openjdk-8-8u45-b14/src/hotspot/src/share/vm/prims/jni.cpp, line 709]
Event: 0.730 Thread 0x00007f6dfc00b800 Exception <a 'java/security/PrivilegedActionException'> (0x00000000eabd0640) thrown at [/build/buildd/openjdk-8-8u45-b14/src/hotspot/src/share/vm/prims/jvm.cpp, line 1382]
Event: 0.730 Thread 0x00007f6dfc00b800 Exception <a 'java/security/PrivilegedActionException'> (0x00000000eabd07f8) thrown at [/build/buildd/openjdk-8-8u45-b14/src/hotspot/src/share/vm/prims/jvm.cpp, line 1382]
Event: 1.516 Thread 0x00007f6dfc00b800 Implicit null exception at 0x00007f6ded3f2322 to 0x00007f6ded3f2429

Events (10 events):
Event: 4.498 Thread 0x00007f6dfc00b800 DEOPT UNPACKING pc=0x00007f6ded047373 sp=0x00007f6e05dd90e0 mode 0
Event: 4.571 Thread 0x00007f6dfc00b800 Uncommon trap: trap_request=0xffffff86 fr.pc=0x00007f6ded95e19c
Event: 4.571 Thread 0x00007f6dfc00b800 DEOPT PACKING pc=0x00007f6ded95e19c sp=0x00007f6e05dd94c0
Event: 4.571 Thread 0x00007f6dfc00b800 DEOPT UNPACKING pc=0x00007f6ded004f69 sp=0x00007f6e05dd9480 mode 2
Event: 4.610 Executing VM operation: EnableBiasedLocking
Event: 4.610 Executing VM operation: EnableBiasedLocking done
Event: 4.709 Thread 0x00007f6dfc00b800 Uncommon trap: trap_request=0xffffffd6 fr.pc=0x00007f6ded97f628
Event: 4.709 Thread 0x00007f6dfc00b800 DEOPT PACKING pc=0x00007f6ded97f628 sp=0x00007f6e05dd94c0
Event: 4.709 Thread 0x00007f6dfc00b800 DEOPT UNPACKING pc=0x00007f6ded004f69 sp=0x00007f6e05dd9468 mode 2
Event: 4.745 Executing VM operation: ParallelGCFailedAllocation


Dynamic libraries:
00400000-00401000 r-xp 00000000 08:07 4854430                            /usr/lib/jvm/java-8-openjdk-amd64/jre/bin/java
00600000-00601000 r--p 00000000 08:07 4854430                            /usr/lib/jvm/java-8-openjdk-amd64/jre/bin/java
00601000-00602000 rw-p 00001000 08:07 4854430                            /usr/lib/jvm/java-8-openjdk-amd64/jre/bin/java
01582000-015a3000 rw-p 00000000 00:00 0                                  [heap]
c0000000-c3780000 rw-p 00000000 00:00 0 
c3780000-eab00000 ---p 00000000 00:00 0 
eab00000-f8580000 rw-p 00000000 00:00 0 
ffc00000-100000000 ---p 00000000 00:00 0 
100000000-1000c0000 rw-p 00000000 00:00 0 
1000c0000-140000000 ---p 00000000 00:00 0 
7f6db4000000-7f6db4021000 rw-p 00000000 00:00 0 
7f6db4021000-7f6db8000000 ---p 00000000 00:00 0 
7f6db8000000-7f6db8021000 rw-p 00000000 00:00 0 
7f6db8021000-7f6dbc000000 ---p 00000000 00:00 0 
7f6dbc000000-7f6dbcd78000 rw-p 00000000 00:00 0 
7f6dbcd78000-7f6dc0000000 ---p 00000000 00:00 0 
7f6dc0000000-7f6dc08a7000 rw-p 00000000 00:00 0 
7f6dc08a7000-7f6dc4000000 ---p 00000000 00:00 0 
7f6dc4000000-7f6dc4021000 rw-p 00000000 00:00 0 
7f6dc4021000-7f6dc8000000 ---p 00000000 00:00 0 
7f6dc8000000-7f6dc92ac000 rw-p 00000000 00:00 0 
7f6dc92ac000-7f6dcc000000 ---p 00000000 00:00 0 
7f6dcc000000-7f6dcc021000 rw-p 00000000 00:00 0 
7f6dcc021000-7f6dd0000000 ---p 00000000 00:00 0 
7f6dd0000000-7f6dd0021000 rw-p 00000000 00:00 0 
7f6dd0021000-7f6dd4000000 ---p 00000000 00:00 0 
7f6dd4000000-7f6dd4021000 rw-p 00000000 00:00 0 
7f6dd4021000-7f6dd8000000 ---p 00000000 00:00 0 
7f6dd8000000-7f6dd827e000 rw-p 00000000 00:00 0 
7f6dd827e000-7f6ddc000000 ---p 00000000 00:00 0 
7f6ddc000000-7f6ddc021000 rw-p 00000000 00:00 0 
7f6ddc021000-7f6de0000000 ---p 00000000 00:00 0 
7f6de0000000-7f6de0021000 rw-p 00000000 00:00 0 
7f6de0021000-7f6de4000000 ---p 00000000 00:00 0 
7f6de4000000-7f6de4021000 rw-p 00000000 00:00 0 
7f6de4021000-7f6de8000000 ---p 00000000 00:00 0 
7f6de9bb9000-7f6de9bba000 ---p 00000000 00:00 0 
7f6de9bba000-7f6de9cba000 rw-p 00000000 00:00 0                          [stack:5688]
7f6de9cba000-7f6de9cbd000 ---p 00000000 00:00 0 
7f6de9cbd000-7f6de9dbb000 rw-p 00000000 00:00 0                          [stack:5687]
7f6de9dbb000-7f6de9dbe000 ---p 00000000 00:00 0 
7f6de9dbe000-7f6de9ebc000 rw-p 00000000 00:00 0                          [stack:5686]
7f6de9ebc000-7f6de9ebf000 ---p 00000000 00:00 0 
7f6de9ebf000-7f6de9fbd000 rw-p 00000000 00:00 0                          [stack:5685]
7f6de9fbd000-7f6de9fc0000 ---p 00000000 00:00 0 
7f6de9fc0000-7f6dea0be000 rw-p 00000000 00:00 0                          [stack:5684]
7f6dea0be000-7f6dea0c1000 ---p 00000000 00:00 0 
7f6dea0c1000-7f6dea1bf000 rw-p 00000000 00:00 0                          [stack:5683]
7f6dea1bf000-7f6deacfd000 r--p 00000000 08:07 3282551                    /usr/lib/locale/locale-archive
7f6deacfd000-7f6dead00000 ---p 00000000 00:00 0 
7f6dead00000-7f6deadfe000 rw-p 00000000 00:00 0                          [stack:5682]
7f6deadfe000-7f6deae01000 ---p 00000000 00:00 0 
7f6deae01000-7f6deaeff000 rw-p 00000000 00:00 0                          [stack:5681]
7f6deaeff000-7f6deaf00000 ---p 00000000 00:00 0 
7f6deaf00000-7f6ded000000 rw-p 00000000 00:00 0                          [stack:5680]
7f6ded000000-7f6ded990000 rwxp 00000000 00:00 0 
7f6ded990000-7f6dfc000000 ---p 00000000 00:00 0 
7f6dfc000000-7f6dfc3e6000 rw-p 00000000 00:00 0 
7f6dfc3e6000-7f6e00000000 ---p 00000000 00:00 0 
7f6e00011000-7f6e00012000 rw-p 00000000 00:00 0 
7f6e00012000-7f6e00017000 r--s 00094000 08:07 4604047                    /usr/lib/jvm/java-8-openjdk-amd64/jre/lib/jsse.jar
7f6e00017000-7f6e00026000 r--s 000dd000 08:07 7078695                    /home/pvthuyen/Android/Sdk/build-tools/22.0.1/lib/dx.jar
7f6e00026000-7f6e00029000 r--s 00037000 08:07 4604059                    /usr/lib/jvm/java-8-openjdk-amd64/jre/lib/ext/sunpkcs11.jar
7f6e00029000-7f6e0002b000 r--s 00001000 08:07 4604057                    /usr/lib/jvm/java-8-openjdk-amd64/jre/lib/ext/dnsns.jar
7f6e0002b000-7f6e00045000 r--s 001d3000 08:07 4604052                    /usr/lib/jvm/java-8-openjdk-amd64/jre/lib/ext/nashorn.jar
7f6e00045000-7f6e00046000 r--s 00010000 08:07 4604055                    /usr/lib/jvm/java-8-openjdk-amd64/jre/lib/ext/zipfs.jar
7f6e00046000-7f6e00049000 r--s 0000f000 08:07 4604058                    /usr/lib/jvm/java-8-openjdk-amd64/jre/lib/ext/icedtea-sound.jar
7f6e00049000-7f6e00065000 r--s 00393000 08:07 4604051                    /usr/lib/jvm/java-8-openjdk-amd64/jre/lib/ext/cldrdata.jar
7f6e00065000-7f6e00070000 r--s 00116000 08:07 4604054                    /usr/lib/jvm/java-8-openjdk-amd64/jre/lib/ext/localedata.jar
7f6e00070000-7f6e01024000 rw-p 00000000 00:00 0 
7f6e01024000-7f6e011f1000 r--s 03bd3000 08:07 4604067                    /usr/lib/jvm/java-8-openjdk-amd64/jre/lib/rt.jar
7f6e011f1000-7f6e019a7000 rw-p 00000000 00:00 0 
7f6e019a7000-7f6e01a67000 ---p 00000000 00:00 0 
7f6e01a67000-7f6e01c67000 rw-p 00000000 00:00 0 
7f6e01c67000-7f6e01c68000 ---p 00000000 00:00 0 
7f6e01c68000-7f6e01d68000 rw-p 00000000 00:00 0                          [stack:5679]
7f6e01d68000-7f6e01d69000 ---p 00000000 00:00 0 
7f6e01d69000-7f6e01e69000 rw-p 00000000 00:00 0                          [stack:5678]
7f6e01e69000-7f6e01e6a000 ---p 00000000 00:00 0 
7f6e01e6a000-7f6e01f6a000 rw-p 00000000 00:00 0                          [stack:5677]
7f6e01f6a000-7f6e01f6b000 ---p 00000000 00:00 0 
7f6e01f6b000-7f6e02087000 rw-p 00000000 00:00 0                          [stack:5676]
7f6e02087000-7f6e021c1000 ---p 00000000 00:00 0 
7f6e021c1000-7f6e021dd000 rw-p 00000000 00:00 0 
7f6e021dd000-7f6e02316000 ---p 00000000 00:00 0 
7f6e02316000-7f6e02384000 rw-p 00000000 00:00 0 
7f6e02384000-7f6e023c1000 ---p 00000000 00:00 0 
7f6e023c1000-7f6e023e9000 rw-p 00000000 00:00 0 
7f6e023e9000-7f6e02782000 ---p 00000000 00:00 0 
7f6e02782000-7f6e0278a000 r-xp 00000000 08:07 4603688                    /usr/lib/jvm/java-8-openjdk-amd64/jre/lib/amd64/libzip.so
7f6e0278a000-7f6e02989000 ---p 00008000 08:07 4603688                    /usr/lib/jvm/java-8-openjdk-amd64/jre/lib/amd64/libzip.so
7f6e02989000-7f6e0298a000 r--p 00007000 08:07 4603688                    /usr/lib/jvm/java-8-openjdk-amd64/jre/lib/amd64/libzip.so
7f6e0298a000-7f6e0298b000 rw-p 00008000 08:07 4603688                    /usr/lib/jvm/java-8-openjdk-amd64/jre/lib/amd64/libzip.so
7f6e0298b000-7f6e02997000 r-xp 00000000 08:07 6033669                    /lib/x86_64-linux-gnu/libnss_files-2.21.so
7f6e02997000-7f6e02b96000 ---p 0000c000 08:07 6033669                    /lib/x86_64-linux-gnu/libnss_files-2.21.so
7f6e02b96000-7f6e02b97000 r--p 0000b000 08:07 6033669                    /lib/x86_64-linux-gnu/libnss_files-2.21.so
7f6e02b97000-7f6e02b98000 rw-p 0000c000 08:07 6033669                    /lib/x86_64-linux-gnu/libnss_files-2.21.so
7f6e02b98000-7f6e02ba3000 r-xp 00000000 08:07 6033679                    /lib/x86_64-linux-gnu/libnss_nis-2.21.so
7f6e02ba3000-7f6e02da2000 ---p 0000b000 08:07 6033679                    /lib/x86_64-linux-gnu/libnss_nis-2.21.so
7f6e02da2000-7f6e02da3000 r--p 0000a000 08:07 6033679                    /lib/x86_64-linux-gnu/libnss_nis-2.21.so
7f6e02da3000-7f6e02da4000 rw-p 0000b000 08:07 6033679                    /lib/x86_64-linux-gnu/libnss_nis-2.21.so
7f6e02da4000-7f6e02dbb000 r-xp 00000000 08:07 6033663                    /lib/x86_64-linux-gnu/libnsl-2.21.so
7f6e02dbb000-7f6e02fba000 ---p 00017000 08:07 6033663                    /lib/x86_64-linux-gnu/libnsl-2.21.so
7f6e02fba000-7f6e02fbb000 r--p 00016000 08:07 6033663                    /lib/x86_64-linux-gnu/libnsl-2.21.so
7f6e02fbb000-7f6e02fbc000 rw-p 00017000 08:07 6033663                    /lib/x86_64-linux-gnu/libnsl-2.21.so
7f6e02fbc000-7f6e02fbe000 rw-p 00000000 00:00 0 
7f6e02fbe000-7f6e02fc6000 r-xp 00000000 08:07 6033665                    /lib/x86_64-linux-gnu/libnss_compat-2.21.so
7f6e02fc6000-7f6e031c5000 ---p 00008000 08:07 6033665                    /lib/x86_64-linux-gnu/libnss_compat-2.21.so
7f6e031c5000-7f6e031c6000 r--p 00007000 08:07 6033665                    /lib/x86_64-linux-gnu/libnss_compat-2.21.so
7f6e031c6000-7f6e031c7000 rw-p 00008000 08:07 6033665                    /lib/x86_64-linux-gnu/libnss_compat-2.21.so
7f6e031c7000-7f6e031f5000 r-xp 00000000 08:07 4603685                    /usr/lib/jvm/java-8-openjdk-amd64/jre/lib/amd64/libjava.so
7f6e031f5000-7f6e033f4000 ---p 0002e000 08:07 4603685                    /usr/lib/jvm/java-8-openjdk-amd64/jre/lib/amd64/libjava.so
7f6e033f4000-7f6e033f5000 r--p 0002d000 08:07 4603685                    /usr/lib/jvm/java-8-openjdk-amd64/jre/lib/amd64/libjava.so
7f6e033f5000-7f6e033f7000 rw-p 0002e000 08:07 4603685                    /usr/lib/jvm/java-8-openjdk-amd64/jre/lib/amd64/libjava.so
7f6e033f7000-7f6e03406000 r-xp 00000000 08:07 4604025                    /usr/lib/jvm/java-8-openjdk-amd64/jre/lib/amd64/libverify.so
7f6e03406000-7f6e03606000 ---p 0000f000 08:07 4604025                    /usr/lib/jvm/java-8-openjdk-amd64/jre/lib/amd64/libverify.so
7f6e03606000-7f6e03609000 r--p 0000f000 08:07 4604025                    /usr/lib/jvm/java-8-openjdk-amd64/jre/lib/amd64/libverify.so
7f6e03609000-7f6e0360a000 rw-p 00012000 08:07 4604025                    /usr/lib/jvm/java-8-openjdk-amd64/jre/lib/amd64/libverify.so
7f6e0360a000-7f6e03611000 r-xp 00000000 08:07 6033724                    /lib/x86_64-linux-gnu/librt-2.21.so
7f6e03611000-7f6e03810000 ---p 00007000 08:07 6033724                    /lib/x86_64-linux-gnu/librt-2.21.so
7f6e03810000-7f6e03811000 r--p 00006000 08:07 6033724                    /lib/x86_64-linux-gnu/librt-2.21.so
7f6e03811000-7f6e03812000 rw-p 00007000 08:07 6033724                    /lib/x86_64-linux-gnu/librt-2.21.so
7f6e03812000-7f6e03828000 r-xp 00000000 08:07 6033612                    /lib/x86_64-linux-gnu/libgcc_s.so.1
7f6e03828000-7f6e03a27000 ---p 00016000 08:07 6033612                    /lib/x86_64-linux-gnu/libgcc_s.so.1
7f6e03a27000-7f6e03a28000 rw-p 00015000 08:07 6033612                    /lib/x86_64-linux-gnu/libgcc_s.so.1
7f6e03a28000-7f6e03b2f000 r-xp 00000000 08:07 6033642                    /lib/x86_64-linux-gnu/libm-2.21.so
7f6e03b2f000-7f6e03d2e000 ---p 00107000 08:07 6033642                    /lib/x86_64-linux-gnu/libm-2.21.so
7f6e03d2e000-7f6e03d2f000 r--p 00106000 08:07 6033642                    /lib/x86_64-linux-gnu/libm-2.21.so
7f6e03d2f000-7f6e03d30000 rw-p 00107000 08:07 6033642                    /lib/x86_64-linux-gnu/libm-2.21.so
7f6e03d30000-7f6e03e20000 r-xp 00000000 08:07 3285525                    /usr/lib/x86_64-linux-gnu/libstdc++.so.6.0.20
7f6e03e20000-7f6e04020000 ---p 000f0000 08:07 3285525                    /usr/lib/x86_64-linux-gnu/libstdc++.so.6.0.20
7f6e04020000-7f6e04028000 r--p 000f0000 08:07 3285525                    /usr/lib/x86_64-linux-gnu/libstdc++.so.6.0.20
7f6e04028000-7f6e0402a000 rw-p 000f8000 08:07 3285525                    /usr/lib/x86_64-linux-gnu/libstdc++.so.6.0.20
7f6e0402a000-7f6e0403f000 rw-p 00000000 00:00 0 
7f6e0403f000-7f6e04ccc000 r-xp 00000000 08:07 4604037                    /usr/lib/jvm/java-8-openjdk-amd64/jre/lib/amd64/server/libjvm.so
7f6e04ccc000-7f6e04ecc000 ---p 00c8d000 08:07 4604037                    /usr/lib/jvm/java-8-openjdk-amd64/jre/lib/amd64/server/libjvm.so
7f6e04ecc000-7f6e04f6f000 r--p 00c8d000 08:07 4604037                    /usr/lib/jvm/java-8-openjdk-amd64/jre/lib/amd64/server/libjvm.so
7f6e04f6f000-7f6e04f98000 rw-p 00d30000 08:07 4604037                    /usr/lib/jvm/java-8-openjdk-amd64/jre/lib/amd64/server/libjvm.so
7f6e04f98000-7f6e04fc7000 rw-p 00000000 00:00 0 
7f6e04fc7000-7f6e04fdf000 r-xp 00000000 08:07 6033716                    /lib/x86_64-linux-gnu/libpthread-2.21.so
7f6e04fdf000-7f6e051df000 ---p 00018000 08:07 6033716                    /lib/x86_64-linux-gnu/libpthread-2.21.so
7f6e051df000-7f6e051e0000 r--p 00018000 08:07 6033716                    /lib/x86_64-linux-gnu/libpthread-2.21.so
7f6e051e0000-7f6e051e1000 rw-p 00019000 08:07 6033716                    /lib/x86_64-linux-gnu/libpthread-2.21.so
7f6e051e1000-7f6e051e5000 rw-p 00000000 00:00 0 
7f6e051e5000-7f6e051e8000 r-xp 00000000 08:07 6033600                    /lib/x86_64-linux-gnu/libdl-2.21.so
7f6e051e8000-7f6e053e7000 ---p 00003000 08:07 6033600                    /lib/x86_64-linux-gnu/libdl-2.21.so
7f6e053e7000-7f6e053e8000 r--p 00002000 08:07 6033600                    /lib/x86_64-linux-gnu/libdl-2.21.so
7f6e053e8000-7f6e053e9000 rw-p 00003000 08:07 6033600                    /lib/x86_64-linux-gnu/libdl-2.21.so
7f6e053e9000-7f6e05402000 r-xp 00000000 08:07 6033757                    /lib/x86_64-linux-gnu/libz.so.1.2.8
7f6e05402000-7f6e05602000 ---p 00019000 08:07 6033757                    /lib/x86_64-linux-gnu/libz.so.1.2.8
7f6e05602000-7f6e05603000 r--p 00019000 08:07 6033757                    /lib/x86_64-linux-gnu/libz.so.1.2.8
7f6e05603000-7f6e05604000 rw-p 0001a000 08:07 6033757                    /lib/x86_64-linux-gnu/libz.so.1.2.8
7f6e05604000-7f6e057c4000 r-xp 00000000 08:07 6033583                    /lib/x86_64-linux-gnu/libc-2.21.so
7f6e057c4000-7f6e059c4000 ---p 001c0000 08:07 6033583                    /lib/x86_64-linux-gnu/libc-2.21.so
7f6e059c4000-7f6e059c8000 r--p 001c0000 08:07 6033583                    /lib/x86_64-linux-gnu/libc-2.21.so
7f6e059c8000-7f6e059ca000 rw-p 001c4000 08:07 6033583                    /lib/x86_64-linux-gnu/libc-2.21.so
7f6e059ca000-7f6e059ce000 rw-p 00000000 00:00 0 
7f6e059ce000-7f6e059dc000 r-xp 00000000 08:07 4726035                    /usr/lib/jvm/java-8-openjdk-amd64/jre/lib/amd64/jli/libjli.so
7f6e059dc000-7f6e05bdb000 ---p 0000e000 08:07 4726035                    /usr/lib/jvm/java-8-openjdk-amd64/jre/lib/amd64/jli/libjli.so
7f6e05bdb000-7f6e05bdc000 r--p 0000d000 08:07 4726035                    /usr/lib/jvm/java-8-openjdk-amd64/jre/lib/amd64/jli/libjli.so
7f6e05bdc000-7f6e05bdd000 rw-p 0000e000 08:07 4726035                    /usr/lib/jvm/java-8-openjdk-amd64/jre/lib/amd64/jli/libjli.so
7f6e05bdd000-7f6e05c01000 r-xp 00000000 08:07 6033555                    /lib/x86_64-linux-gnu/ld-2.21.so
7f6e05c01000-7f6e05c03000 r--s 00006000 08:07 3538955                    /usr/share/java/java-atk-wrapper.jar
7f6e05c03000-7f6e05c09000 r--s 0003a000 08:07 4604056                    /usr/lib/jvm/java-8-openjdk-amd64/jre/lib/ext/sunjce_provider.jar
7f6e05c09000-7f6e05c0a000 r--s 00008000 08:07 4604053                    /usr/lib/jvm/java-8-openjdk-amd64/jre/lib/ext/sunec.jar
7f6e05c0a000-7f6e05cda000 rw-p 00000000 00:00 0 
7f6e05cda000-7f6e05cdd000 ---p 00000000 00:00 0 
7f6e05cdd000-7f6e05df4000 rw-p 00000000 00:00 0                          [stack:5675]
7f6e05df4000-7f6e05dfc000 rw-s 00000000 08:07 3015408                    /tmp/hsperfdata_pvthuyen/5669
7f6e05dfc000-7f6e05dfd000 rw-p 00000000 00:00 0 
7f6e05dfd000-7f6e05dfe000 ---p 00000000 00:00 0 
7f6e05dfe000-7f6e05e00000 rw-p 00000000 00:00 0 
7f6e05e00000-7f6e05e01000 r--p 00023000 08:07 6033555                    /lib/x86_64-linux-gnu/ld-2.21.so
7f6e05e01000-7f6e05e02000 rw-p 00024000 08:07 6033555                    /lib/x86_64-linux-gnu/ld-2.21.so
7f6e05e02000-7f6e05e03000 rw-p 00000000 00:00 0 
7ffcc0045000-7ffcc0067000 rw-p 00000000 00:00 0                          [stack]
7ffcc01c5000-7ffcc01c7000 r--p 00000000 00:00 0                          [vvar]
7ffcc01c7000-7ffcc01c9000 r-xp 00000000 00:00 0                          [vdso]
ffffffffff600000-ffffffffff601000 r-xp 00000000 00:00 0                  [vsyscall]

VM Arguments:
jvm_args: -Xmx1024M -Dfile.encoding=UTF-8 -Duser.country=US -Duser.language=en -Duser.variant 
java_command: com.android.dx.command.Main --dex --output /home/pvthuyen/TripAdvisor/app/build/intermediates/dex/debug /home/pvthuyen/TripAdvisor/app/build/intermediates/classes/debug /home/pvthuyen/TripAdvisor/app/build/intermediates/pre-dexed/debug/support-annotations-22.2.0-6edaf921514e3c79b4cd482598ff6f89aabb1f45.jar /home/pvthuyen/TripAdvisor/app/build/intermediates/pre-dexed/debug/classes-0fbdf4ab642a51d370dee0e45c30a3f45f79d22a.jar /home/pvthuyen/TripAdvisor/app/build/intermediates/pre-dexed/debug/classes-9cbddf8f9a26240101377d4da600542e5941c7d3.jar /home/pvthuyen/TripAdvisor/app/build/intermediates/pre-dexed/debug/classes-54dfd174cb9e505954d413860ed0fd87d4373e98.jar /home/pvthuyen/TripAdvisor/app/build/intermediates/pre-dexed/debug/internal_impl-22.0.0-8737b4cfef54ec053e939fe58b85eb5efdb241b6.jar /home/pvthuyen/TripAdvisor/app/build/intermediates/pre-dexed/debug/classes-efc80b1e7a1d861f506405ed88b430606dd922ef.jar /home/pvthuyen/TripAdvisor/app/build/intermediates/pre-dexed/debug/classes-f2fc0d17c65bce9a807e5e1004710afc9e0b6e16.jar /home/pvthuyen/TripAdvisor/app/build/intermediates/pre-dexed/debug/classes-ad7067dddb5ff35a76ae3c4b821ba5bdbd3dc4c4.jar /home/pvthuyen/TripAdvisor/app/build/intermediates/pre-dexed/debug/classes-fa1f0681a19b6bd5b02da6ef70b89a58b9cc1280.jar /home/pvthuyen/TripAdvisor/app/build/intermediates/pre-dexed/debug/classes-beb82d3d25fe2e0e0ce3f7649048a558037bc706.jar /home/pvthuyen/TripAdvisor/app/build/intermediates/pre-dexed/debug/classes-9f7020e100ed54825762d996a9bb3887e8e6eaae.jar /home/pvthuyen/TripAdvisor/app/build/intermediates/pre-dexed/debug/classes-f98b9e33457257e5c999de506ba0c4d3a2626529.jar /home/pvthuyen/TripAdvisor/app/build/intermediates/pre-dexed/debug/classes-2ba99a6a414db747169eb68241a8c18d3e2532a5.jar /home/pvthuyen/TripAdvisor/app/build/intermediates/pre-dexed/debug/classes-cab123c567ae22a73d31669e66c3ae14ce6132ae.jar /home/pvthuyen/TripAdvisor/app/build/intermediates/pre-dexed/debug/classes-8b28de176ae61b3d3a3fbfa3d3ba
java_class_path (initial): /home/pvthuyen/Android/Sdk/build-tools/22.0.1/lib/dx.jar
Launcher Type: SUN_STANDARD

Environment Variables:
PATH=/usr/local/sbin:/usr/local/bin:/usr/sbin:/usr/bin:/sbin:/bin:/usr/games:/usr/local/games
LD_LIBRARY_PATH=.:
SHELL=/bin/bash
DISPLAY=:0.0

Signal Handlers:
SIGSEGV: [libjvm.so+0xa90d80], sa_mask[0]=11111111011111111101111111111110, sa_flags=SA_RESTART|SA_SIGINFO
SIGBUS: [libjvm.so+0xa90d80], sa_mask[0]=11111111011111111101111111111110, sa_flags=SA_RESTART|SA_SIGINFO
SIGFPE: [libjvm.so+0x8dbc70], sa_mask[0]=11111111011111111101111111111110, sa_flags=SA_RESTART|SA_SIGINFO
SIGPIPE: [libjvm.so+0x8dbc70], sa_mask[0]=11111111011111111101111111111110, sa_flags=SA_RESTART|SA_SIGINFO
SIGXFSZ: [libjvm.so+0x8dbc70], sa_mask[0]=11111111011111111101111111111110, sa_flags=SA_RESTART|SA_SIGINFO
SIGILL: [libjvm.so+0x8dbc70], sa_mask[0]=11111111011111111101111111111110, sa_flags=SA_RESTART|SA_SIGINFO
SIGUSR1: SIG_DFL, sa_mask[0]=00000000000000000000000000000000, sa_flags=none
SIGUSR2: [libjvm.so+0x8dbb20], sa_mask[0]=00100000000000000000000000000000, sa_flags=SA_RESTART|SA_SIGINFO
SIGHUP: [libjvm.so+0x8dbd40], sa_mask[0]=11111111011111111101111111111110, sa_flags=SA_RESTART|SA_SIGINFO
SIGINT: [libjvm.so+0x8dbd40], sa_mask[0]=11111111011111111101111111111110, sa_flags=SA_RESTART|SA_SIGINFO
SIGTERM: [libjvm.so+0x8dbd40], sa_mask[0]=11111111011111111101111111111110, sa_flags=SA_RESTART|SA_SIGINFO
SIGQUIT: [libjvm.so+0x8dbd40], sa_mask[0]=11111111011111111101111111111110, sa_flags=SA_RESTART|SA_SIGINFO


---------------  S Y S T E M  ---------------

OS:DISTRIB_ID=Ubuntu
DISTRIB_RELEASE=15.04
DISTRIB_CODENAME=vivid
DISTRIB_DESCRIPTION="Ubuntu 15.04"

uname:Linux 3.19.0-25-generic #26-Ubuntu SMP Fri Jul 24 21:17:31 UTC 2015 x86_64
libc:glibc 2.21 NPTL 2.21 
rlimit: STACK 8192k, CORE 0k, NPROC 15274, NOFILE 65536, AS infinity
load average:1.23 0.89 0.84

/proc/meminfo:
MemTotal:        3932688 kB
MemFree:          108316 kB
MemAvailable:      78788 kB
Buffers:            1496 kB
Cached:           299172 kB
SwapCached:            0 kB
Active:          3413636 kB
Inactive:         235564 kB
Active(anon):    3374312 kB
Inactive(anon):   194616 kB
Active(file):      39324 kB
Inactive(file):    40948 kB
Unevictable:          48 kB
Mlocked:              48 kB
SwapTotal:             0 kB
SwapFree:              0 kB
Dirty:              6040 kB
Writeback:             0 kB
AnonPages:       3348748 kB
Mapped:           204016 kB
Shmem:            220228 kB
Slab:              64524 kB
SReclaimable:      29612 kB
SUnreclaim:        34912 kB
KernelStack:        9536 kB
PageTables:        38892 kB
NFS_Unstable:          0 kB
Bounce:                0 kB
WritebackTmp:          0 kB
CommitLimit:     1966344 kB
Committed_AS:    7013412 kB
VmallocTotal:   34359738367 kB
VmallocUsed:      557016 kB
VmallocChunk:   34359135396 kB
HardwareCorrupted:     0 kB
AnonHugePages:   1818624 kB
CmaTotal:              0 kB
CmaFree:               0 kB
HugePages_Total:       0
HugePages_Free:        0
HugePages_Rsvd:        0
HugePages_Surp:        0
Hugepagesize:       2048 kB
DirectMap4k:      172800 kB
DirectMap2M:     3907584 kB
DirectMap1G:     1048576 kB


CPU:total 4 (2 cores per cpu, 2 threads per core) family 6 model 69 stepping 1, cmov, cx8, fxsr, mmx, sse, sse2, sse3, ssse3, sse4.1, sse4.2, popcnt, avx, avx2, aes, clmul, erms, lzcnt, ht, tsc, tscinvbit, bmi1, bmi2

/proc/cpuinfo:
processor	: 0
vendor_id	: GenuineIntel
cpu family	: 6
model		: 69
model name	: Intel(R) Core(TM) i5-4200U CPU @ 1.60GHz
stepping	: 1
microcode	: 0x1c
cpu MHz		: 970.402
cache size	: 3072 KB
physical id	: 0
siblings	: 4
core id		: 0
cpu cores	: 2
apicid		: 0
initial apicid	: 0
fpu		: yes
fpu_exception	: yes
cpuid level	: 13
wp		: yes
flags		: fpu vme de pse tsc msr pae mce cx8 apic sep mtrr pge mca cmov pat pse36 clflush dts acpi mmx fxsr sse sse2 ss ht tm pbe syscall nx pdpe1gb rdtscp lm constant_tsc arch_perfmon pebs bts rep_good nopl xtopology nonstop_tsc aperfmperf eagerfpu pni pclmulqdq dtes64 monitor ds_cpl vmx est tm2 ssse3 fma cx16 xtpr pdcm pcid sse4_1 sse4_2 movbe popcnt tsc_deadline_timer aes xsave avx f16c rdrand lahf_lm abm ida arat epb pln pts dtherm tpr_shadow vnmi flexpriority ept vpid fsgsbase tsc_adjust bmi1 avx2 smep bmi2 erms invpcid xsaveopt
bugs		:
bogomips	: 4589.54
clflush size	: 64
cache_alignment	: 64
address sizes	: 39 bits physical, 48 bits virtual
power management:

processor	: 1
vendor_id	: GenuineIntel
cpu family	: 6
model		: 69
model name	: Intel(R) Core(TM) i5-4200U CPU @ 1.60GHz
stepping	: 1
microcode	: 0x1c
cpu MHz		: 893.585
cache size	: 3072 KB
physical id	: 0
siblings	: 4
core id		: 0
cpu cores	: 2
apicid		: 1
initial apicid	: 1
fpu		: yes
fpu_exception	: yes
cpuid level	: 13
wp		: yes
flags		: fpu vme de pse tsc msr pae mce cx8 apic sep mtrr pge mca cmov pat pse36 clflush dts acpi mmx fxsr sse sse2 ss ht tm pbe syscall nx pdpe1gb rdtscp lm constant_tsc arch_perfmon pebs bts rep_good nopl xtopology nonstop_tsc aperfmperf eagerfpu pni pclmulqdq dtes64 monitor ds_cpl vmx est tm2 ssse3 fma cx16 xtpr pdcm pcid sse4_1 sse4_2 movbe popcnt tsc_deadline_timer aes xsave avx f16c rdrand lahf_lm abm ida arat epb pln pts dtherm tpr_shadow vnmi flexpriority ept vpid fsgsbase tsc_adjust bmi1 avx2 smep bmi2 erms invpcid xsaveopt
bugs		:
bogomips	: 4589.54
clflush size	: 64
cache_alignment	: 64
address sizes	: 39 bits physical, 48 bits virtual
power management:

processor	: 2
vendor_id	: GenuineIntel
cpu family	: 6
model		: 69
model name	: Intel(R) Core(TM) i5-4200U CPU @ 1.60GHz
stepping	: 1
microcode	: 0x1c
cpu MHz		: 974.625
cache size	: 3072 KB
physical id	: 0
siblings	: 4
core id		: 1
cpu cores	: 2
apicid		: 2
initial apicid	: 2
fpu		: yes
fpu_exception	: yes
cpuid level	: 13
wp		: yes
flags		: fpu vme de pse tsc msr pae mce cx8 apic sep mtrr pge mca cmov pat pse36 clflush dts acpi mmx fxsr sse sse2 ss ht tm pbe syscall nx pdpe1gb rdtscp lm constant_tsc arch_perfmon pebs bts rep_good nopl xtopology nonstop_tsc aperfmperf eagerfpu pni pclmulqdq dtes64 monitor ds_cpl vmx est tm2 ssse3 fma cx16 xtpr pdcm pcid sse4_1 sse4_2 movbe popcnt tsc_deadline_timer aes xsave avx f16c rdrand lahf_lm abm ida arat epb pln pts dtherm tpr_shadow vnmi flexpriority ept vpid fsgsbase tsc_adjust bmi1 avx2 smep bmi2 erms invpcid xsaveopt
bugs		:
bogomips	: 4589.54
clflush size	: 64
cache_alignment	: 64
address sizes	: 39 bits physical, 48 bits virtual
power management:

processor	: 3
vendor_id	: GenuineIntel
cpu family	: 6
model		: 69
model name	: Intel(R) Core(TM) i5-4200U CPU @ 1.60GHz
stepping	: 1
microcode	: 0x1c
cpu MHz		: 971.660
cache size	: 3072 KB
physical id	: 0
siblings	: 4
core id		: 1
cpu cores	: 2
apicid		: 3
initial apicid	: 3
fpu		: yes
fpu_exception	: yes
cpuid level	: 13
wp		: yes
flags		: fpu vme de pse tsc msr pae mce cx8 apic sep mtrr pge mca cmov pat pse36 clflush dts acpi mmx fxsr sse sse2 ss ht tm pbe syscall nx pdpe1gb rdtscp lm constant_tsc arch_perfmon pebs bts rep_good nopl xtopology nonstop_tsc aperfmperf eagerfpu pni pclmulqdq dtes64 monitor ds_cpl vmx est tm2 ssse3 fma cx16 xtpr pdcm pcid sse4_1 sse4_2 movbe popcnt tsc_deadline_timer aes xsave avx f16c rdrand lahf_lm abm ida arat epb pln pts dtherm tpr_shadow vnmi flexpriority ept vpid fsgsbase tsc_adjust bmi1 avx2 smep bmi2 erms invpcid xsaveopt
bugs		:
bogomips	: 4589.54
clflush size	: 64
cache_alignment	: 64
address sizes	: 39 bits physical, 48 bits virtual
power management:



Memory: 4k page, physical 3932688k(108316k free), swap 0k(0k free)

vm_info: OpenJDK 64-Bit Server VM (25.45-b02) for linux-amd64 JRE (1.8.0_45-internal-b14), built on Apr 20 2015 00:35:04 by "buildd" with gcc 4.9.2

time: Tue Aug  4 23:14:40 2015
elapsed time: 7 seconds (0d 0h 0m 7s)

