#
# There is insufficient memory for the Java Runtime Environment to continue.
# Native memory allocation (mmap) failed to map 125304832 bytes for committing reserved memory.
# Possible reasons:
#   The system is out of physical RAM or swap space
#   In 32 bit mode, the process size limit was hit
# Possible solutions:
#   Reduce memory load on the system
#   Increase physical memory or swap space
#   Check if swap backing store is full
#   Use 64 bit Java on a 64 bit OS
#   Decrease Java heap size (-Xmx/-Xms)
#   Decrease number of Java threads
#   Decrease Java thread stack sizes (-Xss)
#   Set larger code cache with -XX:ReservedCodeCacheSize=
# This output file may be truncated or incomplete.
#
#  Out of Memory Error (os_linux.cpp:2673), pid=5707, tid=140126846580480
#
# JRE version: OpenJDK Runtime Environment (8.0_45-b14) (build 1.8.0_45-internal-b14)
# Java VM: OpenJDK 64-Bit Server VM (25.45-b02 mixed mode linux-amd64 compressed oops)
# Failed to write core dump. Core dumps have been disabled. To enable core dumping, try "ulimit -c unlimited" before starting Java again
#

---------------  T H R E A D  ---------------

Current thread (0x00007f71e8079000):  VMThread [stack: 0x00007f71d2d9f000,0x00007f71d2ea0000] [id=5718]

Stack: [0x00007f71d2d9f000,0x00007f71d2ea0000],  sp=0x00007f71d2e9e4d0,  free space=1021k
Native frames: (J=compiled Java code, j=interpreted, Vv=VM code, C=native code)
V  [libjvm.so+0xa902bd]  VMError::report_and_die()+0x15d
V  [libjvm.so+0x4e783c]  report_vm_out_of_memory(char const*, int, unsigned long, VMErrorType, char const*)+0xac
V  [libjvm.so+0x8e03b0]  os::pd_commit_memory(char*, unsigned long, unsigned long, bool)+0xf0
V  [libjvm.so+0x8daaee]  os::commit_memory(char*, unsigned long, unsigned long, bool)+0x2e
V  [libjvm.so+0x955a9b]  PSVirtualSpace::expand_by(unsigned long)+0x5b
V  [libjvm.so+0x956e03]  PSYoungGen::resize(unsigned long, unsigned long)+0x103
V  [libjvm.so+0x953a8e]  PSScavenge::invoke_no_policy()+0x14be
V  [libjvm.so+0x953d7c]  PSScavenge::invoke()+0x4c
V  [libjvm.so+0x906073]  ParallelScavengeHeap::failed_mem_allocate(unsigned long)+0x63
V  [libjvm.so+0xa91d92]  VM_ParallelGCFailedAllocation::doit()+0x92
V  [libjvm.so+0xa968f7]  VM_Operation::evaluate()+0x47
V  [libjvm.so+0xa94c17]  VMThread::evaluate_operation(VM_Operation*)+0xe7
V  [libjvm.so+0xa95447]  VMThread::loop()+0x227
V  [libjvm.so+0xa95991]  VMThread::run()+0x81
V  [libjvm.so+0x8dd8a2]  java_start(Thread*)+0xf2

VM_Operation (0x00007f71efc32480): ParallelGCFailedAllocation, mode: safepoint, requested by thread 0x00007f71e800b800


---------------  P R O C E S S  ---------------

Java Threads: ( => current thread )
  0x00007f71e80c0000 JavaThread "Service Thread" daemon [_thread_blocked, id=5725, stack(0x00007f71d1b5a000,0x00007f71d1c5b000)]
  0x00007f71e80b1800 JavaThread "C1 CompilerThread2" daemon [_thread_blocked, id=5724, stack(0x00007f71d1c5b000,0x00007f71d1d5c000)]
  0x00007f71e80b0000 JavaThread "C2 CompilerThread1" daemon [_thread_blocked, id=5723, stack(0x00007f71d1d5c000,0x00007f71d1e5d000)]
  0x00007f71e80ad000 JavaThread "C2 CompilerThread0" daemon [_thread_blocked, id=5722, stack(0x00007f71d1e5d000,0x00007f71d1f5e000)]
  0x00007f71e80ab000 JavaThread "Signal Dispatcher" daemon [_thread_blocked, id=5721, stack(0x00007f71d1f5e000,0x00007f71d205f000)]
  0x00007f71e8080800 JavaThread "Finalizer" daemon [_thread_blocked, id=5720, stack(0x00007f71d2b9d000,0x00007f71d2c9e000)]
  0x00007f71e807e800 JavaThread "Reference Handler" daemon [_thread_blocked, id=5719, stack(0x00007f71d2c9e000,0x00007f71d2d9f000)]
  0x00007f71e800b800 JavaThread "main" [_thread_blocked, id=5713, stack(0x00007f71efb33000,0x00007f71efc34000)]

Other Threads:
=>0x00007f71e8079000 VMThread [stack: 0x00007f71d2d9f000,0x00007f71d2ea0000] [id=5718]
  0x00007f71e80c2000 WatcherThread [stack: 0x00007f71d1a59000,0x00007f71d1b5a000] [id=5726]

VM state:at safepoint (normal execution)

VM Mutex/Monitor currently owned by a thread:  ([mutex/lock_event])
[0x00007f71e8007e10] Threads_lock - owner thread: 0x00007f71e8079000
[0x00007f71e8008310] Heap_lock - owner thread: 0x00007f71e800b800

Heap:
 PSYoungGen      total 213504K, used 10560K [0x00000000eab00000, 0x00000000f8800000, 0x0000000100000000)
  eden space 201728K, 0% used [0x00000000eab00000,0x00000000eab00000,0x00000000f7000000)
  from space 11776K, 89% used [0x00000000f7000000,0x00000000f7a501e0,0x00000000f7b80000)
  to   space 10752K, 0% used [0x00000000f7b80000,0x00000000f7b80000,0x00000000f8600000)
 ParOldGen       total 49664K, used 44601K [0x00000000c0000000, 0x00000000c3080000, 0x00000000eab00000)
  object space 49664K, 89% used [0x00000000c0000000,0x00000000c2b8e668,0x00000000c3080000)
 Metaspace       used 7495K, capacity 8030K, committed 8192K, reserved 1056768K
  class space    used 690K, capacity 721K, committed 768K, reserved 1048576K

Card table byte_map: [0x00007f71ec01a000,0x00007f71ec21b000] byte_map_base: 0x00007f71eba1a000

Marking Bits: (ParMarkBitMap*) 0x00007f71eee04e80
 Begin Bits: [0x00007f71c6aa6000, 0x00007f71c7aa6000)
 End Bits:   [0x00007f71c7aa6000, 0x00007f71c8aa6000)

Polling page: 0x00007f71efc56000

CodeCache: size=245760Kb used=9609Kb max_used=9620Kb free=236150Kb
 bounds [0x00007f71d9000000, 0x00007f71d9980000, 0x00007f71e8000000]
 total_blobs=3046 nmethods=2751 adapters=209
 compilation: enabled

Compilation events (10 events):
Event: 5.128 Thread 0x00007f71e80b0000 2765       4       sun.security.provider.DigestBase::engineUpdate (189 bytes)
Event: 5.130 Thread 0x00007f71e80ad000 2766       4       java.security.MessageDigest::update (45 bytes)
Event: 5.134 Thread 0x00007f71e80b0000 nmethod 2765 0x00007f71d99655d0 code [0x00007f71d9965740, 0x00007f71d9965bb8]
Event: 5.134 Thread 0x00007f71e80b0000 2767       4       java.security.MessageDigest$Delegate::engineUpdate (11 bytes)
Event: 5.138 Thread 0x00007f71e80ad000 nmethod 2766 0x00007f71d993c0d0 code [0x00007f71d993c260, 0x00007f71d993c798]
Event: 5.140 Thread 0x00007f71e80b0000 nmethod 2767 0x00007f71d993b650 code [0x00007f71d993b7e0, 0x00007f71d993bcb8]
Event: 5.143 Thread 0x00007f71e80ad000 2768       4       java.util.zip.Adler32::update (51 bytes)
Event: 5.143 Thread 0x00007f71e80ad000 nmethod 2768 0x00007f71d995f690 code [0x00007f71d995f7e0, 0x00007f71d995f908]
Event: 5.164 Thread 0x00007f71e80b0000 2769 %     4       com.android.dx.merge.DexMerger$IdMerger::readUnsortedValues @ 42 (101 bytes)
Event: 5.166 Thread 0x00007f71e80ad000 2770 %     4       com.android.dx.merge.DexMerger$IdMerger::mergeUnsorted @ 87 (247 bytes)

GC Heap History (10 events):
Event: 3.440 GC heap after
Heap after GC invocations=6 (full 0):
 PSYoungGen      total 74752K, used 4965K [0x00000000eab00000, 0x00000000eff00000, 0x0000000100000000)
  eden space 63488K, 0% used [0x00000000eab00000,0x00000000eab00000,0x00000000ee900000)
  from space 11264K, 44% used [0x00000000ef400000,0x00000000ef8d9778,0x00000000eff00000)
  to   space 11264K, 0% used [0x00000000ee900000,0x00000000ee900000,0x00000000ef400000)
 ParOldGen       total 42496K, used 21396K [0x00000000c0000000, 0x00000000c2980000, 0x00000000eab00000)
  object space 42496K, 50% used [0x00000000c0000000,0x00000000c14e5338,0x00000000c2980000)
 Metaspace       used 7367K, capacity 8024K, committed 8192K, reserved 1056768K
  class space    used 681K, capacity 720K, committed 768K, reserved 1048576K
}
Event: 3.718 GC heap before
{Heap before GC invocations=7 (full 0):
 PSYoungGen      total 74752K, used 68453K [0x00000000eab00000, 0x00000000eff00000, 0x0000000100000000)
  eden space 63488K, 100% used [0x00000000eab00000,0x00000000ee900000,0x00000000ee900000)
  from space 11264K, 44% used [0x00000000ef400000,0x00000000ef8d9778,0x00000000eff00000)
  to   space 11264K, 0% used [0x00000000ee900000,0x00000000ee900000,0x00000000ef400000)
 ParOldGen       total 42496K, used 21396K [0x00000000c0000000, 0x00000000c2980000, 0x00000000eab00000)
  object space 42496K, 50% used [0x00000000c0000000,0x00000000c14e5338,0x00000000c2980000)
 Metaspace       used 7466K, capacity 8030K, committed 8192K, reserved 1056768K
  class space    used 690K, capacity 721K, committed 768K, reserved 1048576K
Event: 3.738 GC heap after
Heap after GC invocations=7 (full 0):
 PSYoungGen      total 74752K, used 5498K [0x00000000eab00000, 0x00000000f3c00000, 0x0000000100000000)
  eden space 63488K, 0% used [0x00000000eab00000,0x00000000eab00000,0x00000000ee900000)
  from space 11264K, 48% used [0x00000000ee900000,0x00000000eee5e850,0x00000000ef400000)
  to   space 10752K, 0% used [0x00000000f3180000,0x00000000f3180000,0x00000000f3c00000)
 ParOldGen       total 42496K, used 22443K [0x00000000c0000000, 0x00000000c2980000, 0x00000000eab00000)
  object space 42496K, 52% used [0x00000000c0000000,0x00000000c15eae98,0x00000000c2980000)
 Metaspace       used 7466K, capacity 8030K, committed 8192K, reserved 1056768K
  class space    used 690K, capacity 721K, committed 768K, reserved 1048576K
}
Event: 3.959 GC heap before
{Heap before GC invocations=8 (full 0):
 PSYoungGen      total 74752K, used 68986K [0x00000000eab00000, 0x00000000f3c00000, 0x0000000100000000)
  eden space 63488K, 100% used [0x00000000eab00000,0x00000000ee900000,0x00000000ee900000)
  from space 11264K, 48% used [0x00000000ee900000,0x00000000eee5e850,0x00000000ef400000)
  to   space 10752K, 0% used [0x00000000f3180000,0x00000000f3180000,0x00000000f3c00000)
 ParOldGen       total 42496K, used 22443K [0x00000000c0000000, 0x00000000c2980000, 0x00000000eab00000)
  object space 42496K, 52% used [0x00000000c0000000,0x00000000c15eae98,0x00000000c2980000)
 Metaspace       used 7477K, capacity 8030K, committed 8192K, reserved 1056768K
  class space    used 690K, capacity 721K, committed 768K, reserved 1048576K
Event: 3.971 GC heap after
Heap after GC invocations=8 (full 0):
 PSYoungGen      total 137216K, used 8156K [0x00000000eab00000, 0x00000000f3d00000, 0x0000000100000000)
  eden space 126464K, 0% used [0x00000000eab00000,0x00000000eab00000,0x00000000f2680000)
  from space 10752K, 75% used [0x00000000f3180000,0x00000000f3977340,0x00000000f3c00000)
  to   space 11264K, 0% used [0x00000000f2680000,0x00000000f2680000,0x00000000f3180000)
 ParOldGen       total 42496K, used 23364K [0x00000000c0000000, 0x00000000c2980000, 0x00000000eab00000)
  object space 42496K, 54% used [0x00000000c0000000,0x00000000c16d1260,0x00000000c2980000)
 Metaspace       used 7477K, capacity 8030K, committed 8192K, reserved 1056768K
  class space    used 690K, capacity 721K, committed 768K, reserved 1048576K
}
Event: 4.400 GC heap before
{Heap before GC invocations=9 (full 0):
 PSYoungGen      total 137216K, used 134620K [0x00000000eab00000, 0x00000000f3d00000, 0x0000000100000000)
  eden space 126464K, 100% used [0x00000000eab00000,0x00000000f2680000,0x00000000f2680000)
  from space 10752K, 75% used [0x00000000f3180000,0x00000000f3977340,0x00000000f3c00000)
  to   space 11264K, 0% used [0x00000000f2680000,0x00000000f2680000,0x00000000f3180000)
 ParOldGen       total 42496K, used 23364K [0x00000000c0000000, 0x00000000c2980000, 0x00000000eab00000)
  object space 42496K, 54% used [0x00000000c0000000,0x00000000c16d1260,0x00000000c2980000)
 Metaspace       used 7482K, capacity 8030K, committed 8192K, reserved 1056768K
  class space    used 690K, capacity 721K, committed 768K, reserved 1048576K
Event: 4.412 GC heap after
Heap after GC invocations=9 (full 0):
 PSYoungGen      total 137728K, used 5614K [0x00000000eab00000, 0x00000000f8600000, 0x0000000100000000)
  eden space 126464K, 0% used [0x00000000eab00000,0x00000000eab00000,0x00000000f2680000)
  from space 11264K, 49% used [0x00000000f2680000,0x00000000f2bfbb80,0x00000000f3180000)
  to   space 10752K, 0% used [0x00000000f7b80000,0x00000000f7b80000,0x00000000f8600000)
 ParOldGen       total 42496K, used 24077K [0x00000000c0000000, 0x00000000c2980000, 0x00000000eab00000)
  object space 42496K, 56% used [0x00000000c0000000,0x00000000c1783778,0x00000000c2980000)
 Metaspace       used 7482K, capacity 8030K, committed 8192K, reserved 1056768K
  class space    used 690K, capacity 721K, committed 768K, reserved 1048576K
}
Event: 4.684 GC heap before
{Heap before GC invocations=10 (full 0):
 PSYoungGen      total 137728K, used 132078K [0x00000000eab00000, 0x00000000f8600000, 0x0000000100000000)
  eden space 126464K, 100% used [0x00000000eab00000,0x00000000f2680000,0x00000000f2680000)
  from space 11264K, 49% used [0x00000000f2680000,0x00000000f2bfbb80,0x00000000f3180000)
  to   space 10752K, 0% used [0x00000000f7b80000,0x00000000f7b80000,0x00000000f8600000)
 ParOldGen       total 42496K, used 24077K [0x00000000c0000000, 0x00000000c2980000, 0x00000000eab00000)
  object space 42496K, 56% used [0x00000000c0000000,0x00000000c1783778,0x00000000c2980000)
 Metaspace       used 7487K, capacity 8030K, committed 8192K, reserved 1056768K
  class space    used 690K, capacity 721K, committed 768K, reserved 1048576K
Event: 4.732 GC heap after
Heap after GC invocations=10 (full 0):
 PSYoungGen      total 212480K, used 10732K [0x00000000eab00000, 0x00000000f8800000, 0x0000000100000000)
  eden space 201728K, 0% used [0x00000000eab00000,0x00000000eab00000,0x00000000f7000000)
  from space 10752K, 99% used [0x00000000f7b80000,0x00000000f85fb1d0,0x00000000f8600000)
  to   space 11776K, 0% used [0x00000000f7000000,0x00000000f7000000,0x00000000f7b80000)
 ParOldGen       total 42496K, used 24229K [0x00000000c0000000, 0x00000000c2980000, 0x00000000eab00000)
  object space 42496K, 57% used [0x00000000c0000000,0x00000000c17a9778,0x00000000c2980000)
 Metaspace       used 7487K, capacity 8030K, committed 8192K, reserved 1056768K
  class space    used 690K, capacity 721K, committed 768K, reserved 1048576K
}
Event: 5.170 GC heap before
{Heap before GC invocations=11 (full 0):
 PSYoungGen      total 212480K, used 212460K [0x00000000eab00000, 0x00000000f8800000, 0x0000000100000000)
  eden space 201728K, 100% used [0x00000000eab00000,0x00000000f7000000,0x00000000f7000000)
  from space 10752K, 99% used [0x00000000f7b80000,0x00000000f85fb1d0,0x00000000f8600000)
  to   space 11776K, 0% used [0x00000000f7000000,0x00000000f7000000,0x00000000f7b80000)
 ParOldGen       total 42496K, used 24229K [0x00000000c0000000, 0x00000000c2980000, 0x00000000eab00000)
  object space 42496K, 57% used [0x00000000c0000000,0x00000000c17a9778,0x00000000c2980000)
 Metaspace       used 7495K, capacity 8030K, committed 8192K, reserved 1056768K
  class space    used 690K, capacity 721K, committed 768K, reserved 1048576K

Deoptimization events (10 events):
Event: 2.980 Thread 0x00007f71e800b800 Uncommon trap: reason=unstable_if action=reinterpret pc=0x00007f71d96db06c method=java.util.HashMap.putVal(ILjava/lang/Object;Ljava/lang/Object;ZZ)Ljava/lang/Object; @ 162
Event: 3.022 Thread 0x00007f71e800b800 Uncommon trap: reason=unstable_if action=reinterpret pc=0x00007f71d9733914 method=com.android.dx.merge.IndexMap.adjustString(I)I @ 2
Event: 3.110 Thread 0x00007f71e800b800 Uncommon trap: reason=predicate action=maybe_recompile pc=0x00007f71d97724fc method=com.android.dex.Leb128.readUnsignedLeb128(Lcom/android/dex/util/ByteInput;)I @ 41
Event: 3.166 Thread 0x00007f71e800b800 Uncommon trap: reason=unstable_if action=reinterpret pc=0x00007f71d968fafc method=java.util.HashMap.getNode(ILjava/lang/Object;)Ljava/util/HashMap$Node; @ 84
Event: 3.193 Thread 0x00007f71e800b800 Uncommon trap: reason=unstable_if action=reinterpret pc=0x00007f71d972eba0 method=com.android.dex.FieldId.compareTo(Lcom/android/dex/FieldId;)I @ 8
Event: 3.273 Thread 0x00007f71e800b800 Uncommon trap: reason=unstable_if action=reinterpret pc=0x00007f71d972da14 method=com.android.dex.FieldId.compareTo(Lcom/android/dex/FieldId;)I @ 8
Event: 3.789 Thread 0x00007f71e800b800 Uncommon trap: reason=unstable_if action=reinterpret pc=0x00007f71d984419c method=com.android.dex.EncodedValueCodec.readUnsignedInt(Lcom/android/dex/util/ByteInput;IZ)I @ 3
Event: 3.789 Thread 0x00007f71e800b800 Uncommon trap: reason=unstable_if action=reinterpret pc=0x00007f71d9490e1c method=java.lang.Long.numberOfTrailingZeros(J)I @ 3
Event: 4.982 Thread 0x00007f71e800b800 Uncommon trap: reason=predicate action=maybe_recompile pc=0x00007f71d992b95c method=java.util.ComparableTimSort.binarySort([Ljava/lang/Object;III)V @ 37
Event: 5.149 Thread 0x00007f71e800b800 Uncommon trap: reason=array_check action=maybe_recompile pc=0x00007f71d99376a8 method=java.util.ComparableTimSort.binarySort([Ljava/lang/Object;III)V @ 193

Internal exceptions (6 events):
Event: 0.488 Thread 0x00007f71e800b800 Exception <a 'java/lang/NoSuchMethodError': Method sun.misc.Unsafe.defineClass(Ljava/lang/String;[BII)Ljava/lang/Class; name or signature does not match> (0x00000000eab12a50) thrown at [/build/buildd/openjdk-8-8u45-b14/src/hotspot/src/share/vm/prims/jni.c
Event: 0.488 Thread 0x00007f71e800b800 Exception <a 'java/lang/NoSuchMethodError': Method sun.misc.Unsafe.prefetchRead(Ljava/lang/Object;J)V name or signature does not match> (0x00000000eab12ce0) thrown at [/build/buildd/openjdk-8-8u45-b14/src/hotspot/src/share/vm/prims/jni.cpp, line 3994]
Event: 0.785 Thread 0x00007f71e800b800 Exception <a 'java/util/zip/ZipException'> (0x00000000eabd03f8) thrown at [/build/buildd/openjdk-8-8u45-b14/src/hotspot/src/share/vm/prims/jni.cpp, line 709]
Event: 0.785 Thread 0x00007f71e800b800 Exception <a 'java/security/PrivilegedActionException'> (0x00000000eabd0640) thrown at [/build/buildd/openjdk-8-8u45-b14/src/hotspot/src/share/vm/prims/jvm.cpp, line 1382]
Event: 0.785 Thread 0x00007f71e800b800 Exception <a 'java/security/PrivilegedActionException'> (0x00000000eabd07f8) thrown at [/build/buildd/openjdk-8-8u45-b14/src/hotspot/src/share/vm/prims/jvm.cpp, line 1382]
Event: 1.946 Thread 0x00007f71e800b800 Implicit null exception at 0x00007f71d93cd6e2 to 0x00007f71d93cd7e9

Events (10 events):
Event: 4.982 Thread 0x00007f71e800b800 DEOPT PACKING pc=0x00007f71d992b95c sp=0x00007f71efc324c0
Event: 4.982 Thread 0x00007f71e800b800 DEOPT UNPACKING pc=0x00007f71d9004f69 sp=0x00007f71efc32480 mode 2
Event: 5.011 Thread 0x00007f71e800b800 DEOPT PACKING pc=0x00007f71d9831320 sp=0x00007f71efc32430
Event: 5.011 Thread 0x00007f71e800b800 DEOPT UNPACKING pc=0x00007f71d9047373 sp=0x00007f71efc32178 mode 0
Event: 5.011 Thread 0x00007f71e800b800 DEOPT PACKING pc=0x00007f71d983139a sp=0x00007f71efc32430
Event: 5.011 Thread 0x00007f71e800b800 DEOPT UNPACKING pc=0x00007f71d9047373 sp=0x00007f71efc32178 mode 0
Event: 5.149 Thread 0x00007f71e800b800 Uncommon trap: trap_request=0xffffffd6 fr.pc=0x00007f71d99376a8
Event: 5.149 Thread 0x00007f71e800b800 DEOPT PACKING pc=0x00007f71d99376a8 sp=0x00007f71efc324c0
Event: 5.149 Thread 0x00007f71e800b800 DEOPT UNPACKING pc=0x00007f71d9004f69 sp=0x00007f71efc32468 mode 2
Event: 5.170 Executing VM operation: ParallelGCFailedAllocation


Dynamic libraries:
00400000-00401000 r-xp 00000000 08:07 4854430                            /usr/lib/jvm/java-8-openjdk-amd64/jre/bin/java
00600000-00601000 r--p 00000000 08:07 4854430                            /usr/lib/jvm/java-8-openjdk-amd64/jre/bin/java
00601000-00602000 rw-p 00001000 08:07 4854430                            /usr/lib/jvm/java-8-openjdk-amd64/jre/bin/java
022e7000-02308000 rw-p 00000000 00:00 0                                  [heap]
c0000000-c3080000 rw-p 00000000 00:00 0 
c3080000-eab00000 ---p 00000000 00:00 0 
eab00000-f8800000 rw-p 00000000 00:00 0 
fff80000-100000000 ---p 00000000 00:00 0 
100000000-1000c0000 rw-p 00000000 00:00 0 
1000c0000-140000000 ---p 00000000 00:00 0 
7f7198000000-7f7198021000 rw-p 00000000 00:00 0 
7f7198021000-7f719c000000 ---p 00000000 00:00 0 
7f719c000000-7f719c021000 rw-p 00000000 00:00 0 
7f719c021000-7f71a0000000 ---p 00000000 00:00 0 
7f71a0000000-7f71a1a79000 rw-p 00000000 00:00 0 
7f71a1a79000-7f71a4000000 ---p 00000000 00:00 0 
7f71a4000000-7f71a479b000 rw-p 00000000 00:00 0 
7f71a479b000-7f71a8000000 ---p 00000000 00:00 0 
7f71a8000000-7f71a8021000 rw-p 00000000 00:00 0 
7f71a8021000-7f71ac000000 ---p 00000000 00:00 0 
7f71ac000000-7f71acb1e000 rw-p 00000000 00:00 0 
7f71acb1e000-7f71b0000000 ---p 00000000 00:00 0 
7f71b0000000-7f71b0021000 rw-p 00000000 00:00 0 
7f71b0021000-7f71b4000000 ---p 00000000 00:00 0 
7f71b4000000-7f71b4021000 rw-p 00000000 00:00 0 
7f71b4021000-7f71b8000000 ---p 00000000 00:00 0 
7f71b8000000-7f71b8021000 rw-p 00000000 00:00 0 
7f71b8021000-7f71bc000000 ---p 00000000 00:00 0 
7f71bc000000-7f71bc27d000 rw-p 00000000 00:00 0 
7f71bc27d000-7f71c0000000 ---p 00000000 00:00 0 
7f71c0000000-7f71c0021000 rw-p 00000000 00:00 0 
7f71c0021000-7f71c4000000 ---p 00000000 00:00 0 
7f71c6aa6000-7f71c8aa6000 rw-p 00000000 00:00 0 
7f71cc000000-7f71cc021000 rw-p 00000000 00:00 0 
7f71cc021000-7f71d0000000 ---p 00000000 00:00 0 
7f71d1a23000-7f71d1a3d000 r--s 001d3000 08:07 4604052                    /usr/lib/jvm/java-8-openjdk-amd64/jre/lib/ext/nashorn.jar
7f71d1a3d000-7f71d1a59000 r--s 00393000 08:07 4604051                    /usr/lib/jvm/java-8-openjdk-amd64/jre/lib/ext/cldrdata.jar
7f71d1a59000-7f71d1a5a000 ---p 00000000 00:00 0 
7f71d1a5a000-7f71d1b5a000 rw-p 00000000 00:00 0                          [stack:5726]
7f71d1b5a000-7f71d1b5d000 ---p 00000000 00:00 0 
7f71d1b5d000-7f71d1c5b000 rw-p 00000000 00:00 0                          [stack:5725]
7f71d1c5b000-7f71d1c5e000 ---p 00000000 00:00 0 
7f71d1c5e000-7f71d1d5c000 rw-p 00000000 00:00 0                          [stack:5724]
7f71d1d5c000-7f71d1d5f000 ---p 00000000 00:00 0 
7f71d1d5f000-7f71d1e5d000 rw-p 00000000 00:00 0                          [stack:5723]
7f71d1e5d000-7f71d1e60000 ---p 00000000 00:00 0 
7f71d1e60000-7f71d1f5e000 rw-p 00000000 00:00 0                          [stack:5722]
7f71d1f5e000-7f71d1f61000 ---p 00000000 00:00 0 
7f71d1f61000-7f71d205f000 rw-p 00000000 00:00 0                          [stack:5721]
7f71d205f000-7f71d2b9d000 r--p 00000000 08:07 3282551                    /usr/lib/locale/locale-archive
7f71d2b9d000-7f71d2ba0000 ---p 00000000 00:00 0 
7f71d2ba0000-7f71d2c9e000 rw-p 00000000 00:00 0                          [stack:5720]
7f71d2c9e000-7f71d2ca1000 ---p 00000000 00:00 0 
7f71d2ca1000-7f71d2d9f000 rw-p 00000000 00:00 0                          [stack:5719]
7f71d2d9f000-7f71d2da0000 ---p 00000000 00:00 0 
7f71d2da0000-7f71d3e33000 rw-p 00000000 00:00 0                          [stack:5718]
7f71d3e33000-7f71d4000000 r--s 03bd3000 08:07 4604067                    /usr/lib/jvm/java-8-openjdk-amd64/jre/lib/rt.jar
7f71d4000000-7f71d4021000 rw-p 00000000 00:00 0 
7f71d4021000-7f71d8000000 ---p 00000000 00:00 0 
7f71d8000000-7f71d800f000 r--s 000dd000 08:07 7078695                    /home/pvthuyen/Android/Sdk/build-tools/22.0.1/lib/dx.jar
7f71d800f000-7f71d87e6000 rw-p 00000000 00:00 0 
7f71d87e6000-7f71d88a6000 ---p 00000000 00:00 0 
7f71d88a6000-7f71d8aa6000 rw-p 00000000 00:00 0 
7f71d8aa6000-7f71d8aa7000 ---p 00000000 00:00 0 
7f71d8aa7000-7f71d8ba7000 rw-p 00000000 00:00 0                          [stack:5717]
7f71d8ba7000-7f71d8ba8000 ---p 00000000 00:00 0 
7f71d8ba8000-7f71d8ca8000 rw-p 00000000 00:00 0                          [stack:5716]
7f71d8ca8000-7f71d8ca9000 ---p 00000000 00:00 0 
7f71d8ca9000-7f71d8da9000 rw-p 00000000 00:00 0                          [stack:5715]
7f71d8da9000-7f71d8daa000 ---p 00000000 00:00 0 
7f71d8daa000-7f71d8ec3000 rw-p 00000000 00:00 0                          [stack:5714]
7f71d8ec3000-7f71d9000000 ---p 00000000 00:00 0 
7f71d9000000-7f71d9980000 rwxp 00000000 00:00 0 
7f71d9980000-7f71e8000000 ---p 00000000 00:00 0 
7f71e8000000-7f71e83ce000 rw-p 00000000 00:00 0 
7f71e83ce000-7f71ec000000 ---p 00000000 00:00 0 
7f71ec000000-7f71ec001000 rw-p 00000000 00:00 0 
7f71ec001000-7f71ec006000 r--s 00094000 08:07 4604047                    /usr/lib/jvm/java-8-openjdk-amd64/jre/lib/jsse.jar
7f71ec006000-7f71ec009000 r--s 00037000 08:07 4604059                    /usr/lib/jvm/java-8-openjdk-amd64/jre/lib/ext/sunpkcs11.jar
7f71ec009000-7f71ec00b000 r--s 00001000 08:07 4604057                    /usr/lib/jvm/java-8-openjdk-amd64/jre/lib/ext/dnsns.jar
7f71ec00b000-7f71ec00c000 r--s 00010000 08:07 4604055                    /usr/lib/jvm/java-8-openjdk-amd64/jre/lib/ext/zipfs.jar
7f71ec00c000-7f71ec00f000 r--s 0000f000 08:07 4604058                    /usr/lib/jvm/java-8-openjdk-amd64/jre/lib/ext/icedtea-sound.jar
7f71ec00f000-7f71ec01a000 r--s 00116000 08:07 4604054                    /usr/lib/jvm/java-8-openjdk-amd64/jre/lib/ext/localedata.jar
7f71ec01a000-7f71ec033000 rw-p 00000000 00:00 0 
7f71ec033000-7f71ec16f000 ---p 00000000 00:00 0 
7f71ec16f000-7f71ec1de000 rw-p 00000000 00:00 0 
7f71ec1de000-7f71ec21a000 ---p 00000000 00:00 0 
7f71ec21a000-7f71ec241000 rw-p 00000000 00:00 0 
7f71ec241000-7f71ec5db000 ---p 00000000 00:00 0 
7f71ec5db000-7f71ec5e3000 r-xp 00000000 08:07 4603688                    /usr/lib/jvm/java-8-openjdk-amd64/jre/lib/amd64/libzip.so
7f71ec5e3000-7f71ec7e2000 ---p 00008000 08:07 4603688                    /usr/lib/jvm/java-8-openjdk-amd64/jre/lib/amd64/libzip.so
7f71ec7e2000-7f71ec7e3000 r--p 00007000 08:07 4603688                    /usr/lib/jvm/java-8-openjdk-amd64/jre/lib/amd64/libzip.so
7f71ec7e3000-7f71ec7e4000 rw-p 00008000 08:07 4603688                    /usr/lib/jvm/java-8-openjdk-amd64/jre/lib/amd64/libzip.so
7f71ec7e4000-7f71ec7f0000 r-xp 00000000 08:07 6033669                    /lib/x86_64-linux-gnu/libnss_files-2.21.so
7f71ec7f0000-7f71ec9ef000 ---p 0000c000 08:07 6033669                    /lib/x86_64-linux-gnu/libnss_files-2.21.so
7f71ec9ef000-7f71ec9f0000 r--p 0000b000 08:07 6033669                    /lib/x86_64-linux-gnu/libnss_files-2.21.so
7f71ec9f0000-7f71ec9f1000 rw-p 0000c000 08:07 6033669                    /lib/x86_64-linux-gnu/libnss_files-2.21.so
7f71ec9f1000-7f71ec9fc000 r-xp 00000000 08:07 6033679                    /lib/x86_64-linux-gnu/libnss_nis-2.21.so
7f71ec9fc000-7f71ecbfb000 ---p 0000b000 08:07 6033679                    /lib/x86_64-linux-gnu/libnss_nis-2.21.so
7f71ecbfb000-7f71ecbfc000 r--p 0000a000 08:07 6033679                    /lib/x86_64-linux-gnu/libnss_nis-2.21.so
7f71ecbfc000-7f71ecbfd000 rw-p 0000b000 08:07 6033679                    /lib/x86_64-linux-gnu/libnss_nis-2.21.so
7f71ecbfd000-7f71ecc14000 r-xp 00000000 08:07 6033663                    /lib/x86_64-linux-gnu/libnsl-2.21.so
7f71ecc14000-7f71ece13000 ---p 00017000 08:07 6033663                    /lib/x86_64-linux-gnu/libnsl-2.21.so
7f71ece13000-7f71ece14000 r--p 00016000 08:07 6033663                    /lib/x86_64-linux-gnu/libnsl-2.21.so
7f71ece14000-7f71ece15000 rw-p 00017000 08:07 6033663                    /lib/x86_64-linux-gnu/libnsl-2.21.so
7f71ece15000-7f71ece17000 rw-p 00000000 00:00 0 
7f71ece17000-7f71ece1f000 r-xp 00000000 08:07 6033665                    /lib/x86_64-linux-gnu/libnss_compat-2.21.so
7f71ece1f000-7f71ed01e000 ---p 00008000 08:07 6033665                    /lib/x86_64-linux-gnu/libnss_compat-2.21.so
7f71ed01e000-7f71ed01f000 r--p 00007000 08:07 6033665                    /lib/x86_64-linux-gnu/libnss_compat-2.21.so
7f71ed01f000-7f71ed020000 rw-p 00008000 08:07 6033665                    /lib/x86_64-linux-gnu/libnss_compat-2.21.so
7f71ed020000-7f71ed04e000 r-xp 00000000 08:07 4603685                    /usr/lib/jvm/java-8-openjdk-amd64/jre/lib/amd64/libjava.so
7f71ed04e000-7f71ed24d000 ---p 0002e000 08:07 4603685                    /usr/lib/jvm/java-8-openjdk-amd64/jre/lib/amd64/libjava.so
7f71ed24d000-7f71ed24e000 r--p 0002d000 08:07 4603685                    /usr/lib/jvm/java-8-openjdk-amd64/jre/lib/amd64/libjava.so
7f71ed24e000-7f71ed250000 rw-p 0002e000 08:07 4603685                    /usr/lib/jvm/java-8-openjdk-amd64/jre/lib/amd64/libjava.so
7f71ed250000-7f71ed25f000 r-xp 00000000 08:07 4604025                    /usr/lib/jvm/java-8-openjdk-amd64/jre/lib/amd64/libverify.so
7f71ed25f000-7f71ed45f000 ---p 0000f000 08:07 4604025                    /usr/lib/jvm/java-8-openjdk-amd64/jre/lib/amd64/libverify.so
7f71ed45f000-7f71ed462000 r--p 0000f000 08:07 4604025                    /usr/lib/jvm/java-8-openjdk-amd64/jre/lib/amd64/libverify.so
7f71ed462000-7f71ed463000 rw-p 00012000 08:07 4604025                    /usr/lib/jvm/java-8-openjdk-amd64/jre/lib/amd64/libverify.so
7f71ed463000-7f71ed46a000 r-xp 00000000 08:07 6033724                    /lib/x86_64-linux-gnu/librt-2.21.so
7f71ed46a000-7f71ed669000 ---p 00007000 08:07 6033724                    /lib/x86_64-linux-gnu/librt-2.21.so
7f71ed669000-7f71ed66a000 r--p 00006000 08:07 6033724                    /lib/x86_64-linux-gnu/librt-2.21.so
7f71ed66a000-7f71ed66b000 rw-p 00007000 08:07 6033724                    /lib/x86_64-linux-gnu/librt-2.21.so
7f71ed66b000-7f71ed681000 r-xp 00000000 08:07 6033612                    /lib/x86_64-linux-gnu/libgcc_s.so.1
7f71ed681000-7f71ed880000 ---p 00016000 08:07 6033612                    /lib/x86_64-linux-gnu/libgcc_s.so.1
7f71ed880000-7f71ed881000 rw-p 00015000 08:07 6033612                    /lib/x86_64-linux-gnu/libgcc_s.so.1
7f71ed881000-7f71ed988000 r-xp 00000000 08:07 6033642                    /lib/x86_64-linux-gnu/libm-2.21.so
7f71ed988000-7f71edb87000 ---p 00107000 08:07 6033642                    /lib/x86_64-linux-gnu/libm-2.21.so
7f71edb87000-7f71edb88000 r--p 00106000 08:07 6033642                    /lib/x86_64-linux-gnu/libm-2.21.so
7f71edb88000-7f71edb89000 rw-p 00107000 08:07 6033642                    /lib/x86_64-linux-gnu/libm-2.21.so
7f71edb89000-7f71edc79000 r-xp 00000000 08:07 3285525                    /usr/lib/x86_64-linux-gnu/libstdc++.so.6.0.20
7f71edc79000-7f71ede79000 ---p 000f0000 08:07 3285525                    /usr/lib/x86_64-linux-gnu/libstdc++.so.6.0.20
7f71ede79000-7f71ede81000 r--p 000f0000 08:07 3285525                    /usr/lib/x86_64-linux-gnu/libstdc++.so.6.0.20
7f71ede81000-7f71ede83000 rw-p 000f8000 08:07 3285525                    /usr/lib/x86_64-linux-gnu/libstdc++.so.6.0.20
7f71ede83000-7f71ede98000 rw-p 00000000 00:00 0 
7f71ede98000-7f71eeb25000 r-xp 00000000 08:07 4604037                    /usr/lib/jvm/java-8-openjdk-amd64/jre/lib/amd64/server/libjvm.so
7f71eeb25000-7f71eed25000 ---p 00c8d000 08:07 4604037                    /usr/lib/jvm/java-8-openjdk-amd64/jre/lib/amd64/server/libjvm.so
7f71eed25000-7f71eedc8000 r--p 00c8d000 08:07 4604037                    /usr/lib/jvm/java-8-openjdk-amd64/jre/lib/amd64/server/libjvm.so
7f71eedc8000-7f71eedf1000 rw-p 00d30000 08:07 4604037                    /usr/lib/jvm/java-8-openjdk-amd64/jre/lib/amd64/server/libjvm.so
7f71eedf1000-7f71eee20000 rw-p 00000000 00:00 0 
7f71eee20000-7f71eee38000 r-xp 00000000 08:07 6033716                    /lib/x86_64-linux-gnu/libpthread-2.21.so
7f71eee38000-7f71ef038000 ---p 00018000 08:07 6033716                    /lib/x86_64-linux-gnu/libpthread-2.21.so
7f71ef038000-7f71ef039000 r--p 00018000 08:07 6033716                    /lib/x86_64-linux-gnu/libpthread-2.21.so
7f71ef039000-7f71ef03a000 rw-p 00019000 08:07 6033716                    /lib/x86_64-linux-gnu/libpthread-2.21.so
7f71ef03a000-7f71ef03e000 rw-p 00000000 00:00 0 
7f71ef03e000-7f71ef041000 r-xp 00000000 08:07 6033600                    /lib/x86_64-linux-gnu/libdl-2.21.so
7f71ef041000-7f71ef240000 ---p 00003000 08:07 6033600                    /lib/x86_64-linux-gnu/libdl-2.21.so
7f71ef240000-7f71ef241000 r--p 00002000 08:07 6033600                    /lib/x86_64-linux-gnu/libdl-2.21.so
7f71ef241000-7f71ef242000 rw-p 00003000 08:07 6033600                    /lib/x86_64-linux-gnu/libdl-2.21.so
7f71ef242000-7f71ef25b000 r-xp 00000000 08:07 6033757                    /lib/x86_64-linux-gnu/libz.so.1.2.8
7f71ef25b000-7f71ef45b000 ---p 00019000 08:07 6033757                    /lib/x86_64-linux-gnu/libz.so.1.2.8
7f71ef45b000-7f71ef45c000 r--p 00019000 08:07 6033757                    /lib/x86_64-linux-gnu/libz.so.1.2.8
7f71ef45c000-7f71ef45d000 rw-p 0001a000 08:07 6033757                    /lib/x86_64-linux-gnu/libz.so.1.2.8
7f71ef45d000-7f71ef61d000 r-xp 00000000 08:07 6033583                    /lib/x86_64-linux-gnu/libc-2.21.so
7f71ef61d000-7f71ef81d000 ---p 001c0000 08:07 6033583                    /lib/x86_64-linux-gnu/libc-2.21.so
7f71ef81d000-7f71ef821000 r--p 001c0000 08:07 6033583                    /lib/x86_64-linux-gnu/libc-2.21.so
7f71ef821000-7f71ef823000 rw-p 001c4000 08:07 6033583                    /lib/x86_64-linux-gnu/libc-2.21.so
7f71ef823000-7f71ef827000 rw-p 00000000 00:00 0 
7f71ef827000-7f71ef835000 r-xp 00000000 08:07 4726035                    /usr/lib/jvm/java-8-openjdk-amd64/jre/lib/amd64/jli/libjli.so
7f71ef835000-7f71efa34000 ---p 0000e000 08:07 4726035                    /usr/lib/jvm/java-8-openjdk-amd64/jre/lib/amd64/jli/libjli.so
7f71efa34000-7f71efa35000 r--p 0000d000 08:07 4726035                    /usr/lib/jvm/java-8-openjdk-amd64/jre/lib/amd64/jli/libjli.so
7f71efa35000-7f71efa36000 rw-p 0000e000 08:07 4726035                    /usr/lib/jvm/java-8-openjdk-amd64/jre/lib/amd64/jli/libjli.so
7f71efa36000-7f71efa5a000 r-xp 00000000 08:07 6033555                    /lib/x86_64-linux-gnu/ld-2.21.so
7f71efa5a000-7f71efa5c000 r--s 00006000 08:07 3538955                    /usr/share/java/java-atk-wrapper.jar
7f71efa5c000-7f71efa62000 r--s 0003a000 08:07 4604056                    /usr/lib/jvm/java-8-openjdk-amd64/jre/lib/ext/sunjce_provider.jar
7f71efa62000-7f71efa63000 r--s 00008000 08:07 4604053                    /usr/lib/jvm/java-8-openjdk-amd64/jre/lib/ext/sunec.jar
7f71efa63000-7f71efb33000 rw-p 00000000 00:00 0 
7f71efb33000-7f71efb36000 ---p 00000000 00:00 0 
7f71efb36000-7f71efc4d000 rw-p 00000000 00:00 0                          [stack:5713]
7f71efc4d000-7f71efc55000 rw-s 00000000 08:07 3015409                    /tmp/hsperfdata_pvthuyen/5707
7f71efc55000-7f71efc56000 rw-p 00000000 00:00 0 
7f71efc56000-7f71efc57000 ---p 00000000 00:00 0 
7f71efc57000-7f71efc59000 rw-p 00000000 00:00 0 
7f71efc59000-7f71efc5a000 r--p 00023000 08:07 6033555                    /lib/x86_64-linux-gnu/ld-2.21.so
7f71efc5a000-7f71efc5b000 rw-p 00024000 08:07 6033555                    /lib/x86_64-linux-gnu/ld-2.21.so
7f71efc5b000-7f71efc5c000 rw-p 00000000 00:00 0 
7ffefb112000-7ffefb134000 rw-p 00000000 00:00 0                          [stack]
7ffefb1a4000-7ffefb1a6000 r--p 00000000 00:00 0                          [vvar]
7ffefb1a6000-7ffefb1a8000 r-xp 00000000 00:00 0                          [vdso]
ffffffffff600000-ffffffffff601000 r-xp 00000000 00:00 0                  [vsyscall]

VM Arguments:
jvm_args: -Xmx1024M -Dfile.encoding=UTF-8 -Duser.country=US -Duser.language=en -Duser.variant 
java_command: com.android.dx.command.Main --dex --output /home/pvthuyen/TripAdvisor/app/build/intermediates/dex/debug /home/pvthuyen/TripAdvisor/app/build/intermediates/classes/debug /home/pvthuyen/TripAdvisor/app/build/intermediates/pre-dexed/debug/support-annotations-22.2.0-6edaf921514e3c79b4cd482598ff6f89aabb1f45.jar /home/pvthuyen/TripAdvisor/app/build/intermediates/pre-dexed/debug/classes-0fbdf4ab642a51d370dee0e45c30a3f45f79d22a.jar /home/pvthuyen/TripAdvisor/app/build/intermediates/pre-dexed/debug/classes-9cbddf8f9a26240101377d4da600542e5941c7d3.jar /home/pvthuyen/TripAdvisor/app/build/intermediates/pre-dexed/debug/classes-54dfd174cb9e505954d413860ed0fd87d4373e98.jar /home/pvthuyen/TripAdvisor/app/build/intermediates/pre-dexed/debug/internal_impl-22.0.0-8737b4cfef54ec053e939fe58b85eb5efdb241b6.jar /home/pvthuyen/TripAdvisor/app/build/intermediates/pre-dexed/debug/classes-efc80b1e7a1d861f506405ed88b430606dd922ef.jar /home/pvthuyen/TripAdvisor/app/build/intermediates/pre-dexed/debug/classes-f2fc0d17c65bce9a807e5e1004710afc9e0b6e16.jar /home/pvthuyen/TripAdvisor/app/build/intermediates/pre-dexed/debug/classes-ad7067dddb5ff35a76ae3c4b821ba5bdbd3dc4c4.jar /home/pvthuyen/TripAdvisor/app/build/intermediates/pre-dexed/debug/classes-fa1f0681a19b6bd5b02da6ef70b89a58b9cc1280.jar /home/pvthuyen/TripAdvisor/app/build/intermediates/pre-dexed/debug/classes-beb82d3d25fe2e0e0ce3f7649048a558037bc706.jar /home/pvthuyen/TripAdvisor/app/build/intermediates/pre-dexed/debug/classes-9f7020e100ed54825762d996a9bb3887e8e6eaae.jar /home/pvthuyen/TripAdvisor/app/build/intermediates/pre-dexed/debug/classes-f98b9e33457257e5c999de506ba0c4d3a2626529.jar /home/pvthuyen/TripAdvisor/app/build/intermediates/pre-dexed/debug/classes-2ba99a6a414db747169eb68241a8c18d3e2532a5.jar /home/pvthuyen/TripAdvisor/app/build/intermediates/pre-dexed/debug/classes-cab123c567ae22a73d31669e66c3ae14ce6132ae.jar /home/pvthuyen/TripAdvisor/app/build/intermediates/pre-dexed/debug/classes-8b28de176ae61b3d3a3fbfa3d3ba
java_class_path (initial): /home/pvthuyen/Android/Sdk/build-tools/22.0.1/lib/dx.jar
Launcher Type: SUN_STANDARD

Environment Variables:
PATH=/usr/local/sbin:/usr/local/bin:/usr/sbin:/usr/bin:/sbin:/bin:/usr/games:/usr/local/games
LD_LIBRARY_PATH=.:
SHELL=/bin/bash
DISPLAY=:0.0

Signal Handlers:
SIGSEGV: [libjvm.so+0xa90d80], sa_mask[0]=11111111011111111101111111111110, sa_flags=SA_RESTART|SA_SIGINFO
SIGBUS: [libjvm.so+0xa90d80], sa_mask[0]=11111111011111111101111111111110, sa_flags=SA_RESTART|SA_SIGINFO
SIGFPE: [libjvm.so+0x8dbc70], sa_mask[0]=11111111011111111101111111111110, sa_flags=SA_RESTART|SA_SIGINFO
SIGPIPE: [libjvm.so+0x8dbc70], sa_mask[0]=11111111011111111101111111111110, sa_flags=SA_RESTART|SA_SIGINFO
SIGXFSZ: [libjvm.so+0x8dbc70], sa_mask[0]=11111111011111111101111111111110, sa_flags=SA_RESTART|SA_SIGINFO
SIGILL: [libjvm.so+0x8dbc70], sa_mask[0]=11111111011111111101111111111110, sa_flags=SA_RESTART|SA_SIGINFO
SIGUSR1: SIG_DFL, sa_mask[0]=00000000000000000000000000000000, sa_flags=none
SIGUSR2: [libjvm.so+0x8dbb20], sa_mask[0]=00100000000000000000000000000000, sa_flags=SA_RESTART|SA_SIGINFO
SIGHUP: [libjvm.so+0x8dbd40], sa_mask[0]=11111111011111111101111111111110, sa_flags=SA_RESTART|SA_SIGINFO
SIGINT: [libjvm.so+0x8dbd40], sa_mask[0]=11111111011111111101111111111110, sa_flags=SA_RESTART|SA_SIGINFO
SIGTERM: [libjvm.so+0x8dbd40], sa_mask[0]=11111111011111111101111111111110, sa_flags=SA_RESTART|SA_SIGINFO
SIGQUIT: [libjvm.so+0x8dbd40], sa_mask[0]=11111111011111111101111111111110, sa_flags=SA_RESTART|SA_SIGINFO


---------------  S Y S T E M  ---------------

OS:DISTRIB_ID=Ubuntu
DISTRIB_RELEASE=15.04
DISTRIB_CODENAME=vivid
DISTRIB_DESCRIPTION="Ubuntu 15.04"

uname:Linux 3.19.0-25-generic #26-Ubuntu SMP Fri Jul 24 21:17:31 UTC 2015 x86_64
libc:glibc 2.21 NPTL 2.21 
rlimit: STACK 8192k, CORE 0k, NPROC 15274, NOFILE 65536, AS infinity
load average:0.97 0.88 0.85

/proc/meminfo:
MemTotal:        3932688 kB
MemFree:          114392 kB
MemAvailable:      72216 kB
Buffers:            1068 kB
Cached:           274988 kB
SwapCached:            0 kB
Active:          3422820 kB
Inactive:         220724 kB
Active(anon):    3397452 kB
Inactive(anon):   190732 kB
Active(file):      25368 kB
Inactive(file):    29992 kB
Unevictable:          48 kB
Mlocked:              48 kB
SwapTotal:             0 kB
SwapFree:              0 kB
Dirty:               428 kB
Writeback:             0 kB
AnonPages:       3367864 kB
Mapped:           187148 kB
Shmem:            220376 kB
Slab:              63956 kB
SReclaimable:      29232 kB
SUnreclaim:        34724 kB
KernelStack:        9504 kB
PageTables:        38928 kB
NFS_Unstable:          0 kB
Bounce:                0 kB
WritebackTmp:          0 kB
CommitLimit:     1966344 kB
Committed_AS:    7007248 kB
VmallocTotal:   34359738367 kB
VmallocUsed:      557016 kB
VmallocChunk:   34359135396 kB
HardwareCorrupted:     0 kB
AnonHugePages:   1892352 kB
CmaTotal:              0 kB
CmaFree:               0 kB
HugePages_Total:       0
HugePages_Free:        0
HugePages_Rsvd:        0
HugePages_Surp:        0
Hugepagesize:       2048 kB
DirectMap4k:      172800 kB
DirectMap2M:     3907584 kB
DirectMap1G:     1048576 kB


CPU:total 4 (2 cores per cpu, 2 threads per core) family 6 model 69 stepping 1, cmov, cx8, fxsr, mmx, sse, sse2, sse3, ssse3, sse4.1, sse4.2, popcnt, avx, avx2, aes, clmul, erms, lzcnt, ht, tsc, tscinvbit, bmi1, bmi2

/proc/cpuinfo:
processor	: 0
vendor_id	: GenuineIntel
cpu family	: 6
model		: 69
model name	: Intel(R) Core(TM) i5-4200U CPU @ 1.60GHz
stepping	: 1
microcode	: 0x1c
cpu MHz		: 1099.957
cache size	: 3072 KB
physical id	: 0
siblings	: 4
core id		: 0
cpu cores	: 2
apicid		: 0
initial apicid	: 0
fpu		: yes
fpu_exception	: yes
cpuid level	: 13
wp		: yes
flags		: fpu vme de pse tsc msr pae mce cx8 apic sep mtrr pge mca cmov pat pse36 clflush dts acpi mmx fxsr sse sse2 ss ht tm pbe syscall nx pdpe1gb rdtscp lm constant_tsc arch_perfmon pebs bts rep_good nopl xtopology nonstop_tsc aperfmperf eagerfpu pni pclmulqdq dtes64 monitor ds_cpl vmx est tm2 ssse3 fma cx16 xtpr pdcm pcid sse4_1 sse4_2 movbe popcnt tsc_deadline_timer aes xsave avx f16c rdrand lahf_lm abm ida arat epb pln pts dtherm tpr_shadow vnmi flexpriority ept vpid fsgsbase tsc_adjust bmi1 avx2 smep bmi2 erms invpcid xsaveopt
bugs		:
bogomips	: 4589.54
clflush size	: 64
cache_alignment	: 64
address sizes	: 39 bits physical, 48 bits virtual
power management:

processor	: 1
vendor_id	: GenuineIntel
cpu family	: 6
model		: 69
model name	: Intel(R) Core(TM) i5-4200U CPU @ 1.60GHz
stepping	: 1
microcode	: 0x1c
cpu MHz		: 1591.492
cache size	: 3072 KB
physical id	: 0
siblings	: 4
core id		: 0
cpu cores	: 2
apicid		: 1
initial apicid	: 1
fpu		: yes
fpu_exception	: yes
cpuid level	: 13
wp		: yes
flags		: fpu vme de pse tsc msr pae mce cx8 apic sep mtrr pge mca cmov pat pse36 clflush dts acpi mmx fxsr sse sse2 ss ht tm pbe syscall nx pdpe1gb rdtscp lm constant_tsc arch_perfmon pebs bts rep_good nopl xtopology nonstop_tsc aperfmperf eagerfpu pni pclmulqdq dtes64 monitor ds_cpl vmx est tm2 ssse3 fma cx16 xtpr pdcm pcid sse4_1 sse4_2 movbe popcnt tsc_deadline_timer aes xsave avx f16c rdrand lahf_lm abm ida arat epb pln pts dtherm tpr_shadow vnmi flexpriority ept vpid fsgsbase tsc_adjust bmi1 avx2 smep bmi2 erms invpcid xsaveopt
bugs		:
bogomips	: 4589.54
clflush size	: 64
cache_alignment	: 64
address sizes	: 39 bits physical, 48 bits virtual
power management:

processor	: 2
vendor_id	: GenuineIntel
cpu family	: 6
model		: 69
model name	: Intel(R) Core(TM) i5-4200U CPU @ 1.60GHz
stepping	: 1
microcode	: 0x1c
cpu MHz		: 1617.187
cache size	: 3072 KB
physical id	: 0
siblings	: 4
core id		: 1
cpu cores	: 2
apicid		: 2
initial apicid	: 2
fpu		: yes
fpu_exception	: yes
cpuid level	: 13
wp		: yes
flags		: fpu vme de pse tsc msr pae mce cx8 apic sep mtrr pge mca cmov pat pse36 clflush dts acpi mmx fxsr sse sse2 ss ht tm pbe syscall nx pdpe1gb rdtscp lm constant_tsc arch_perfmon pebs bts rep_good nopl xtopology nonstop_tsc aperfmperf eagerfpu pni pclmulqdq dtes64 monitor ds_cpl vmx est tm2 ssse3 fma cx16 xtpr pdcm pcid sse4_1 sse4_2 movbe popcnt tsc_deadline_timer aes xsave avx f16c rdrand lahf_lm abm ida arat epb pln pts dtherm tpr_shadow vnmi flexpriority ept vpid fsgsbase tsc_adjust bmi1 avx2 smep bmi2 erms invpcid xsaveopt
bugs		:
bogomips	: 4589.54
clflush size	: 64
cache_alignment	: 64
address sizes	: 39 bits physical, 48 bits virtual
power management:

processor	: 3
vendor_id	: GenuineIntel
cpu family	: 6
model		: 69
model name	: Intel(R) Core(TM) i5-4200U CPU @ 1.60GHz
stepping	: 1
microcode	: 0x1c
cpu MHz		: 1599.757
cache size	: 3072 KB
physical id	: 0
siblings	: 4
core id		: 1
cpu cores	: 2
apicid		: 3
initial apicid	: 3
fpu		: yes
fpu_exception	: yes
cpuid level	: 13
wp		: yes
flags		: fpu vme de pse tsc msr pae mce cx8 apic sep mtrr pge mca cmov pat pse36 clflush dts acpi mmx fxsr sse sse2 ss ht tm pbe syscall nx pdpe1gb rdtscp lm constant_tsc arch_perfmon pebs bts rep_good nopl xtopology nonstop_tsc aperfmperf eagerfpu pni pclmulqdq dtes64 monitor ds_cpl vmx est tm2 ssse3 fma cx16 xtpr pdcm pcid sse4_1 sse4_2 movbe popcnt tsc_deadline_timer aes xsave avx f16c rdrand lahf_lm abm ida arat epb pln pts dtherm tpr_shadow vnmi flexpriority ept vpid fsgsbase tsc_adjust bmi1 avx2 smep bmi2 erms invpcid xsaveopt
bugs		:
bogomips	: 4589.54
clflush size	: 64
cache_alignment	: 64
address sizes	: 39 bits physical, 48 bits virtual
power management:



Memory: 4k page, physical 3932688k(114392k free), swap 0k(0k free)

vm_info: OpenJDK 64-Bit Server VM (25.45-b02) for linux-amd64 JRE (1.8.0_45-internal-b14), built on Apr 20 2015 00:35:04 by "buildd" with gcc 4.9.2

time: Tue Aug  4 23:15:49 2015
elapsed time: 6 seconds (0d 0h 0m 6s)

