#
# There is insufficient memory for the Java Runtime Environment to continue.
# Native memory allocation (mmap) failed to map 125829120 bytes for committing reserved memory.
# Possible reasons:
#   The system is out of physical RAM or swap space
#   In 32 bit mode, the process size limit was hit
# Possible solutions:
#   Reduce memory load on the system
#   Increase physical memory or swap space
#   Check if swap backing store is full
#   Use 64 bit Java on a 64 bit OS
#   Decrease Java heap size (-Xmx/-Xms)
#   Decrease number of Java threads
#   Decrease Java thread stack sizes (-Xss)
#   Set larger code cache with -XX:ReservedCodeCacheSize=
# This output file may be truncated or incomplete.
#
#  Out of Memory Error (os_linux.cpp:2673), pid=4439, tid=140260439426816
#
# JRE version: OpenJDK Runtime Environment (8.0_45-b14) (build 1.8.0_45-internal-b14)
# Java VM: OpenJDK 64-Bit Server VM (25.45-b02 mixed mode linux-amd64 compressed oops)
# Failed to write core dump. Core dumps have been disabled. To enable core dumping, try "ulimit -c unlimited" before starting Java again
#

---------------  T H R E A D  ---------------

Current thread (0x00007f9100079000):  VMThread [stack: 0x00007f90ed9b0000,0x00007f90edab1000] [id=4449]

Stack: [0x00007f90ed9b0000,0x00007f90edab1000],  sp=0x00007f90edaaf4d0,  free space=1021k
Native frames: (J=compiled Java code, j=interpreted, Vv=VM code, C=native code)
V  [libjvm.so+0xa902bd]  VMError::report_and_die()+0x15d
V  [libjvm.so+0x4e783c]  report_vm_out_of_memory(char const*, int, unsigned long, VMErrorType, char const*)+0xac
V  [libjvm.so+0x8e03b0]  os::pd_commit_memory(char*, unsigned long, unsigned long, bool)+0xf0
V  [libjvm.so+0x8daaee]  os::commit_memory(char*, unsigned long, unsigned long, bool)+0x2e
V  [libjvm.so+0x955a9b]  PSVirtualSpace::expand_by(unsigned long)+0x5b
V  [libjvm.so+0x956e03]  PSYoungGen::resize(unsigned long, unsigned long)+0x103
V  [libjvm.so+0x953a8e]  PSScavenge::invoke_no_policy()+0x14be
V  [libjvm.so+0x953d7c]  PSScavenge::invoke()+0x4c
V  [libjvm.so+0x906073]  ParallelScavengeHeap::failed_mem_allocate(unsigned long)+0x63
V  [libjvm.so+0xa91d92]  VM_ParallelGCFailedAllocation::doit()+0x92
V  [libjvm.so+0xa968f7]  VM_Operation::evaluate()+0x47
V  [libjvm.so+0xa94c17]  VMThread::evaluate_operation(VM_Operation*)+0xe7
V  [libjvm.so+0xa95447]  VMThread::loop()+0x227
V  [libjvm.so+0xa95991]  VMThread::run()+0x81
V  [libjvm.so+0x8dd8a2]  java_start(Thread*)+0xf2

VM_Operation (0x00007f91088192e0): ParallelGCFailedAllocation, mode: safepoint, requested by thread 0x00007f910000b800


---------------  P R O C E S S  ---------------

Java Threads: ( => current thread )
  0x00007f91000c0000 JavaThread "Service Thread" daemon [_thread_blocked, id=4456, stack(0x00007f90ec76b000,0x00007f90ec86c000)]
  0x00007f91000b1800 JavaThread "C1 CompilerThread2" daemon [_thread_blocked, id=4455, stack(0x00007f90ec86c000,0x00007f90ec96d000)]
  0x00007f91000b0000 JavaThread "C2 CompilerThread1" daemon [_thread_blocked, id=4454, stack(0x00007f90ec96d000,0x00007f90eca6e000)]
  0x00007f91000ad000 JavaThread "C2 CompilerThread0" daemon [_thread_blocked, id=4453, stack(0x00007f90eca6e000,0x00007f90ecb6f000)]
  0x00007f91000ab000 JavaThread "Signal Dispatcher" daemon [_thread_blocked, id=4452, stack(0x00007f90ecb6f000,0x00007f90ecc70000)]
  0x00007f9100080800 JavaThread "Finalizer" daemon [_thread_blocked, id=4451, stack(0x00007f90ed7ae000,0x00007f90ed8af000)]
  0x00007f910007e800 JavaThread "Reference Handler" daemon [_thread_blocked, id=4450, stack(0x00007f90ed8af000,0x00007f90ed9b0000)]
  0x00007f910000b800 JavaThread "main" [_thread_blocked, id=4444, stack(0x00007f910871a000,0x00007f910881b000)]

Other Threads:
=>0x00007f9100079000 VMThread [stack: 0x00007f90ed9b0000,0x00007f90edab1000] [id=4449]
  0x00007f91000c2000 WatcherThread [stack: 0x00007f90ec66a000,0x00007f90ec76b000] [id=4457]

VM state:at safepoint (normal execution)

VM Mutex/Monitor currently owned by a thread:  ([mutex/lock_event])
[0x00007f9100007e10] Threads_lock - owner thread: 0x00007f9100079000
[0x00007f9100008310] Heap_lock - owner thread: 0x00007f910000b800

Heap:
 PSYoungGen      total 213504K, used 12269K [0x00000000eab00000, 0x00000000f8800000, 0x0000000100000000)
  eden space 201216K, 0% used [0x00000000eab00000,0x00000000eab00000,0x00000000f6f80000)
  from space 12288K, 99% used [0x00000000f6f80000,0x00000000f7b7b650,0x00000000f7b80000)
  to   space 11776K, 0% used [0x00000000f7b80000,0x00000000f7b80000,0x00000000f8700000)
 ParOldGen       total 42496K, used 36315K [0x00000000c0000000, 0x00000000c2980000, 0x00000000eab00000)
  object space 42496K, 85% used [0x00000000c0000000,0x00000000c2376ff8,0x00000000c2980000)
 Metaspace       used 7401K, capacity 7902K, committed 8192K, reserved 1056768K
  class space    used 687K, capacity 721K, committed 768K, reserved 1048576K

Card table byte_map: [0x00007f9104c05000,0x00007f9104e06000] byte_map_base: 0x00007f9104605000

Marking Bits: (ParMarkBitMap*) 0x00007f91079efe80
 Begin Bits: [0x00007f90ef000000, 0x00007f90f0000000)
 End Bits:   [0x00007f90f0000000, 0x00007f90f1000000)

Polling page: 0x00007f910883d000

CodeCache: size=245760Kb used=9072Kb max_used=9084Kb free=236687Kb
 bounds [0x00007f90f1000000, 0x00007f90f18f0000, 0x00007f9100000000]
 total_blobs=2873 nmethods=2577 adapters=209
 compilation: enabled

Compilation events (10 events):
Event: 10.616 Thread 0x00007f91000b0000 nmethod 2600 0x00007f90f18cd5d0 code [0x00007f90f18cd740, 0x00007f90f18cd958]
Event: 10.619 Thread 0x00007f91000ad000 nmethod 2597% 0x00007f90f18e2a50 code [0x00007f90f18e2c20, 0x00007f90f18e34d8]
Event: 10.622 Thread 0x00007f91000b0000 2601       4       com.android.dex.EncodedValueReader::readMethod (24 bytes)
Event: 10.622 Thread 0x00007f91000ad000 2602       4       com.android.dex.EncodedValueCodec::writeUnsignedIntegralValue (66 bytes)
Event: 10.626 Thread 0x00007f91000b1800 2606       3       java.util.ComparableTimSort::mergeLo (656 bytes)
Event: 10.629 Thread 0x00007f91000b1800 nmethod 2606 0x00007f90f18e5ad0 code [0x00007f90f18e5e20, 0x00007f90f18e81f8]
Event: 10.634 Thread 0x00007f91000b1800 2608 %     3       com.android.dx.merge.DexMerger::transformAnnotationSets @ 28 (51 bytes)
Event: 10.635 Thread 0x00007f91000b1800 nmethod 2608% 0x00007f90f18c9310 code [0x00007f90f18c94c0, 0x00007f90f18c9a38]
Event: 10.636 Thread 0x00007f91000b0000 nmethod 2601 0x00007f90f18e8fd0 code [0x00007f90f18e9160, 0x00007f90f18e95b8]
Event: 10.637 Thread 0x00007f91000b0000 2605       4       java.util.ComparableTimSort::gallopRight (327 bytes)

GC Heap History (10 events):
Event: 9.112 GC heap after
Heap after GC invocations=6 (full 0):
 PSYoungGen      total 73216K, used 7008K [0x00000000eab00000, 0x00000000efc00000, 0x0000000100000000)
  eden space 63488K, 0% used [0x00000000eab00000,0x00000000eab00000,0x00000000ee900000)
  from space 9728K, 72% used [0x00000000ef280000,0x00000000ef9581f0,0x00000000efc00000)
  to   space 9728K, 0% used [0x00000000ee900000,0x00000000ee900000,0x00000000ef280000)
 ParOldGen       total 42496K, used 17229K [0x00000000c0000000, 0x00000000c2980000, 0x00000000eab00000)
  object space 42496K, 40% used [0x00000000c0000000,0x00000000c10d37d8,0x00000000c2980000)
 Metaspace       used 7265K, capacity 7896K, committed 8192K, reserved 1056768K
  class space    used 678K, capacity 720K, committed 768K, reserved 1048576K
}
Event: 9.399 GC heap before
{Heap before GC invocations=7 (full 0):
 PSYoungGen      total 73216K, used 70496K [0x00000000eab00000, 0x00000000efc00000, 0x0000000100000000)
  eden space 63488K, 100% used [0x00000000eab00000,0x00000000ee900000,0x00000000ee900000)
  from space 9728K, 72% used [0x00000000ef280000,0x00000000ef9581f0,0x00000000efc00000)
  to   space 9728K, 0% used [0x00000000ee900000,0x00000000ee900000,0x00000000ef280000)
 ParOldGen       total 42496K, used 17229K [0x00000000c0000000, 0x00000000c2980000, 0x00000000eab00000)
  object space 42496K, 40% used [0x00000000c0000000,0x00000000c10d37d8,0x00000000c2980000)
 Metaspace       used 7364K, capacity 7902K, committed 8192K, reserved 1056768K
  class space    used 687K, capacity 721K, committed 768K, reserved 1048576K
Event: 9.413 GC heap after
Heap after GC invocations=7 (full 0):
 PSYoungGen      total 73216K, used 9554K [0x00000000eab00000, 0x00000000f3d00000, 0x0000000100000000)
  eden space 63488K, 0% used [0x00000000eab00000,0x00000000eab00000,0x00000000ee900000)
  from space 9728K, 98% used [0x00000000ee900000,0x00000000ef254940,0x00000000ef280000)
  to   space 11264K, 0% used [0x00000000f3200000,0x00000000f3200000,0x00000000f3d00000)
 ParOldGen       total 42496K, used 17914K [0x00000000c0000000, 0x00000000c2980000, 0x00000000eab00000)
  object space 42496K, 42% used [0x00000000c0000000,0x00000000c117ead8,0x00000000c2980000)
 Metaspace       used 7364K, capacity 7902K, committed 8192K, reserved 1056768K
  class space    used 687K, capacity 721K, committed 768K, reserved 1048576K
}
Event: 9.562 GC heap before
{Heap before GC invocations=8 (full 0):
 PSYoungGen      total 73216K, used 73042K [0x00000000eab00000, 0x00000000f3d00000, 0x0000000100000000)
  eden space 63488K, 100% used [0x00000000eab00000,0x00000000ee900000,0x00000000ee900000)
  from space 9728K, 98% used [0x00000000ee900000,0x00000000ef254940,0x00000000ef280000)
  to   space 11264K, 0% used [0x00000000f3200000,0x00000000f3200000,0x00000000f3d00000)
 ParOldGen       total 42496K, used 17914K [0x00000000c0000000, 0x00000000c2980000, 0x00000000eab00000)
  object space 42496K, 42% used [0x00000000c0000000,0x00000000c117ead8,0x00000000c2980000)
 Metaspace       used 7373K, capacity 7902K, committed 8192K, reserved 1056768K
  class space    used 687K, capacity 721K, committed 768K, reserved 1048576K
Event: 9.583 GC heap after
Heap after GC invocations=8 (full 0):
 PSYoungGen      total 137216K, used 10014K [0x00000000eab00000, 0x00000000f3f00000, 0x0000000100000000)
  eden space 125952K, 0% used [0x00000000eab00000,0x00000000eab00000,0x00000000f2600000)
  from space 11264K, 88% used [0x00000000f3200000,0x00000000f3bc78c0,0x00000000f3d00000)
  to   space 12288K, 0% used [0x00000000f2600000,0x00000000f2600000,0x00000000f3200000)
 ParOldGen       total 42496K, used 20787K [0x00000000c0000000, 0x00000000c2980000, 0x00000000eab00000)
  object space 42496K, 48% used [0x00000000c0000000,0x00000000c144ce68,0x00000000c2980000)
 Metaspace       used 7373K, capacity 7902K, committed 8192K, reserved 1056768K
  class space    used 687K, capacity 721K, committed 768K, reserved 1048576K
}
Event: 9.935 GC heap before
{Heap before GC invocations=9 (full 0):
 PSYoungGen      total 137216K, used 135966K [0x00000000eab00000, 0x00000000f3f00000, 0x0000000100000000)
  eden space 125952K, 100% used [0x00000000eab00000,0x00000000f2600000,0x00000000f2600000)
  from space 11264K, 88% used [0x00000000f3200000,0x00000000f3bc78c0,0x00000000f3d00000)
  to   space 12288K, 0% used [0x00000000f2600000,0x00000000f2600000,0x00000000f3200000)
 ParOldGen       total 42496K, used 20787K [0x00000000c0000000, 0x00000000c2980000, 0x00000000eab00000)
  object space 42496K, 48% used [0x00000000c0000000,0x00000000c144ce68,0x00000000c2980000)
 Metaspace       used 7378K, capacity 7902K, committed 8192K, reserved 1056768K
  class space    used 687K, capacity 721K, committed 768K, reserved 1048576K
Event: 9.943 GC heap after
Heap after GC invocations=9 (full 0):
 PSYoungGen      total 138240K, used 7277K [0x00000000eab00000, 0x00000000f8700000, 0x0000000100000000)
  eden space 125952K, 0% used [0x00000000eab00000,0x00000000eab00000,0x00000000f2600000)
  from space 12288K, 59% used [0x00000000f2600000,0x00000000f2d1b6b8,0x00000000f3200000)
  to   space 11776K, 0% used [0x00000000f7b80000,0x00000000f7b80000,0x00000000f8700000)
 ParOldGen       total 42496K, used 21115K [0x00000000c0000000, 0x00000000c2980000, 0x00000000eab00000)
  object space 42496K, 49% used [0x00000000c0000000,0x00000000c149ee80,0x00000000c2980000)
 Metaspace       used 7378K, capacity 7902K, committed 8192K, reserved 1056768K
  class space    used 687K, capacity 721K, committed 768K, reserved 1048576K
}
Event: 10.185 GC heap before
{Heap before GC invocations=10 (full 0):
 PSYoungGen      total 138240K, used 133229K [0x00000000eab00000, 0x00000000f8700000, 0x0000000100000000)
  eden space 125952K, 100% used [0x00000000eab00000,0x00000000f2600000,0x00000000f2600000)
  from space 12288K, 59% used [0x00000000f2600000,0x00000000f2d1b6b8,0x00000000f3200000)
  to   space 11776K, 0% used [0x00000000f7b80000,0x00000000f7b80000,0x00000000f8700000)
 ParOldGen       total 42496K, used 21115K [0x00000000c0000000, 0x00000000c2980000, 0x00000000eab00000)
  object space 42496K, 49% used [0x00000000c0000000,0x00000000c149ee80,0x00000000c2980000)
 Metaspace       used 7384K, capacity 7902K, committed 8192K, reserved 1056768K
  class space    used 687K, capacity 721K, committed 768K, reserved 1048576K
Event: 10.196 GC heap after
Heap after GC invocations=10 (full 0):
 PSYoungGen      total 212992K, used 10033K [0x00000000eab00000, 0x00000000f8800000, 0x0000000100000000)
  eden space 201216K, 0% used [0x00000000eab00000,0x00000000eab00000,0x00000000f6f80000)
  from space 11776K, 85% used [0x00000000f7b80000,0x00000000f854c650,0x00000000f8700000)
  to   space 12288K, 0% used [0x00000000f6f80000,0x00000000f6f80000,0x00000000f7b80000)
 ParOldGen       total 42496K, used 21123K [0x00000000c0000000, 0x00000000c2980000, 0x00000000eab00000)
  object space 42496K, 49% used [0x00000000c0000000,0x00000000c14a0e80,0x00000000c2980000)
 Metaspace       used 7384K, capacity 7902K, committed 8192K, reserved 1056768K
  class space    used 687K, capacity 721K, committed 768K, reserved 1048576K
}
Event: 10.678 GC heap before
{Heap before GC invocations=11 (full 0):
 PSYoungGen      total 212992K, used 211249K [0x00000000eab00000, 0x00000000f8800000, 0x0000000100000000)
  eden space 201216K, 100% used [0x00000000eab00000,0x00000000f6f80000,0x00000000f6f80000)
  from space 11776K, 85% used [0x00000000f7b80000,0x00000000f854c650,0x00000000f8700000)
  to   space 12288K, 0% used [0x00000000f6f80000,0x00000000f6f80000,0x00000000f7b80000)
 ParOldGen       total 42496K, used 21123K [0x00000000c0000000, 0x00000000c2980000, 0x00000000eab00000)
  object space 42496K, 49% used [0x00000000c0000000,0x00000000c14a0e80,0x00000000c2980000)
 Metaspace       used 7401K, capacity 7902K, committed 8192K, reserved 1056768K
  class space    used 687K, capacity 721K, committed 768K, reserved 1048576K

Deoptimization events (10 events):
Event: 8.437 Thread 0x00007f910000b800 Uncommon trap: reason=unstable_if action=reinterpret pc=0x00007f90f165ca64 method=java.util.HashMap.putVal(ILjava/lang/Object;Ljava/lang/Object;ZZ)Ljava/lang/Object; @ 162
Event: 8.511 Thread 0x00007f910000b800 Uncommon trap: reason=unstable_if action=reinterpret pc=0x00007f90f1576454 method=java.util.HashMap.getNode(ILjava/lang/Object;)Ljava/util/HashMap$Node; @ 84
Event: 8.536 Thread 0x00007f910000b800 Uncommon trap: reason=unstable_if action=reinterpret pc=0x00007f90f1575000 method=java.util.HashMap.getNode(ILjava/lang/Object;)Ljava/util/HashMap$Node; @ 84
Event: 8.713 Thread 0x00007f910000b800 Uncommon trap: reason=predicate action=maybe_recompile pc=0x00007f90f16f527c method=com.android.dex.Leb128.readUnsignedLeb128(Lcom/android/dex/util/ByteInput;)I @ 41
Event: 8.734 Thread 0x00007f910000b800 Uncommon trap: reason=unstable_if action=reinterpret pc=0x00007f90f16f6094 method=com.android.dx.merge.IndexMap.adjustString(I)I @ 2
Event: 8.791 Thread 0x00007f910000b800 Uncommon trap: reason=unstable_if action=reinterpret pc=0x00007f90f170aea0 method=com.android.dex.FieldId.compareTo(Lcom/android/dex/FieldId;)I @ 8
Event: 8.855 Thread 0x00007f910000b800 Uncommon trap: reason=unstable_if action=reinterpret pc=0x00007f90f1709fd4 method=com.android.dex.FieldId.compareTo(Lcom/android/dex/FieldId;)I @ 8
Event: 9.357 Thread 0x00007f910000b800 Uncommon trap: reason=unstable_if action=reinterpret pc=0x00007f90f17bdbd8 method=com.android.dex.EncodedValueCodec.readUnsignedInt(Lcom/android/dex/util/ByteInput;IZ)I @ 3
Event: 9.623 Thread 0x00007f910000b800 Uncommon trap: reason=unstable_if action=reinterpret pc=0x00007f90f1800138 method=java.util.HashMap$TreeNode.balanceInsertion(Ljava/util/HashMap$TreeNode;Ljava/util/HashMap$TreeNode;)Ljava/util/HashMap$TreeNode; @ 57
Event: 10.286 Thread 0x00007f910000b800 Uncommon trap: reason=unstable_if action=reinterpret pc=0x00007f90f18a247c method=java.util.HashMap$TreeNode.putTreeVal(Ljava/util/HashMap;[Ljava/util/HashMap$Node;ILjava/lang/Object;Ljava/lang/Object;)Ljava/util/HashMap$TreeNode; @ 285

Internal exceptions (6 events):
Event: 3.054 Thread 0x00007f910000b800 Exception <a 'java/lang/NoSuchMethodError': Method sun.misc.Unsafe.defineClass(Ljava/lang/String;[BII)Ljava/lang/Class; name or signature does not match> (0x00000000eab12a50) thrown at [/build/buildd/openjdk-8-8u45-b14/src/hotspot/src/share/vm/prims/jni.c
Event: 3.054 Thread 0x00007f910000b800 Exception <a 'java/lang/NoSuchMethodError': Method sun.misc.Unsafe.prefetchRead(Ljava/lang/Object;J)V name or signature does not match> (0x00000000eab12ce0) thrown at [/build/buildd/openjdk-8-8u45-b14/src/hotspot/src/share/vm/prims/jni.cpp, line 3994]
Event: 4.536 Thread 0x00007f910000b800 Exception <a 'java/util/zip/ZipException'> (0x00000000eabd03f8) thrown at [/build/buildd/openjdk-8-8u45-b14/src/hotspot/src/share/vm/prims/jni.cpp, line 709]
Event: 4.536 Thread 0x00007f910000b800 Exception <a 'java/security/PrivilegedActionException'> (0x00000000eabd0640) thrown at [/build/buildd/openjdk-8-8u45-b14/src/hotspot/src/share/vm/prims/jvm.cpp, line 1382]
Event: 4.536 Thread 0x00007f910000b800 Exception <a 'java/security/PrivilegedActionException'> (0x00000000eabd07f8) thrown at [/build/buildd/openjdk-8-8u45-b14/src/hotspot/src/share/vm/prims/jvm.cpp, line 1382]
Event: 6.877 Thread 0x00007f910000b800 Implicit null exception at 0x00007f90f140a8e2 to 0x00007f90f140a9e9

Events (10 events):
Event: 10.286 Thread 0x00007f910000b800 DEOPT UNPACKING pc=0x00007f90f1004f69 sp=0x00007f91088192f0 mode 2
Event: 10.607 Thread 0x00007f910000b800 DEOPT PACKING pc=0x00007f90f179050f sp=0x00007f9108819380
Event: 10.607 Thread 0x00007f910000b800 DEOPT UNPACKING pc=0x00007f90f1047373 sp=0x00007f91088190c0 mode 0
Event: 10.623 Thread 0x00007f910000b800 DEOPT PACKING pc=0x00007f90f1871e8b sp=0x00007f91088194a0
Event: 10.623 Thread 0x00007f910000b800 DEOPT UNPACKING pc=0x00007f90f1047373 sp=0x00007f9108819278 mode 0
Event: 10.626 Thread 0x00007f910000b800 DEOPT PACKING pc=0x00007f90f1839a4a sp=0x00007f9108819240
Event: 10.626 Thread 0x00007f910000b800 DEOPT UNPACKING pc=0x00007f90f1047373 sp=0x00007f9108818fc8 mode 0
Event: 10.640 Thread 0x00007f910000b800 DEOPT PACKING pc=0x00007f90f1847396 sp=0x00007f91088195a0
Event: 10.640 Thread 0x00007f910000b800 DEOPT UNPACKING pc=0x00007f90f1047373 sp=0x00007f9108819350 mode 0
Event: 10.678 Executing VM operation: ParallelGCFailedAllocation


Dynamic libraries:
00400000-00401000 r-xp 00000000 08:07 4854430                            /usr/lib/jvm/java-8-openjdk-amd64/jre/bin/java
00600000-00601000 r--p 00000000 08:07 4854430                            /usr/lib/jvm/java-8-openjdk-amd64/jre/bin/java
00601000-00602000 rw-p 00001000 08:07 4854430                            /usr/lib/jvm/java-8-openjdk-amd64/jre/bin/java
00f45000-00f66000 rw-p 00000000 00:00 0                                  [heap]
c0000000-c2980000 rw-p 00000000 00:00 0 
c2980000-eab00000 ---p 00000000 00:00 0 
eab00000-f8800000 rw-p 00000000 00:00 0 
100000000-1000c0000 rw-p 00000000 00:00 0 
1000c0000-140000000 ---p 00000000 00:00 0 
7f90b0000000-7f90b0021000 rw-p 00000000 00:00 0 
7f90b0021000-7f90b4000000 ---p 00000000 00:00 0 
7f90b4000000-7f90b4021000 rw-p 00000000 00:00 0 
7f90b4021000-7f90b8000000 ---p 00000000 00:00 0 
7f90b8000000-7f90b9441000 rw-p 00000000 00:00 0 
7f90b9441000-7f90bc000000 ---p 00000000 00:00 0 
7f90bc000000-7f90bc614000 rw-p 00000000 00:00 0 
7f90bc614000-7f90c0000000 ---p 00000000 00:00 0 
7f90c0000000-7f90c0021000 rw-p 00000000 00:00 0 
7f90c0021000-7f90c4000000 ---p 00000000 00:00 0 
7f90c4000000-7f90c53ca000 rw-p 00000000 00:00 0 
7f90c53ca000-7f90c8000000 ---p 00000000 00:00 0 
7f90c8000000-7f90c8021000 rw-p 00000000 00:00 0 
7f90c8021000-7f90cc000000 ---p 00000000 00:00 0 
7f90cc000000-7f90cc021000 rw-p 00000000 00:00 0 
7f90cc021000-7f90d0000000 ---p 00000000 00:00 0 
7f90d0000000-7f90d0021000 rw-p 00000000 00:00 0 
7f90d0021000-7f90d4000000 ---p 00000000 00:00 0 
7f90d4000000-7f90d427d000 rw-p 00000000 00:00 0 
7f90d427d000-7f90d8000000 ---p 00000000 00:00 0 
7f90d8000000-7f90d8021000 rw-p 00000000 00:00 0 
7f90d8021000-7f90dc000000 ---p 00000000 00:00 0 
7f90e0000000-7f90e0021000 rw-p 00000000 00:00 0 
7f90e0021000-7f90e4000000 ---p 00000000 00:00 0 
7f90e8000000-7f90e8021000 rw-p 00000000 00:00 0 
7f90e8021000-7f90ec000000 ---p 00000000 00:00 0 
7f90ec60a000-7f90ec60f000 r--s 00094000 08:07 4604047                    /usr/lib/jvm/java-8-openjdk-amd64/jre/lib/jsse.jar
7f90ec60f000-7f90ec61e000 r--s 000dd000 08:07 7078695                    /home/pvthuyen/Android/Sdk/build-tools/22.0.1/lib/dx.jar
7f90ec61e000-7f90ec621000 r--s 00037000 08:07 4604059                    /usr/lib/jvm/java-8-openjdk-amd64/jre/lib/ext/sunpkcs11.jar
7f90ec621000-7f90ec623000 r--s 00001000 08:07 4604057                    /usr/lib/jvm/java-8-openjdk-amd64/jre/lib/ext/dnsns.jar
7f90ec623000-7f90ec63d000 r--s 001d3000 08:07 4604052                    /usr/lib/jvm/java-8-openjdk-amd64/jre/lib/ext/nashorn.jar
7f90ec63d000-7f90ec659000 r--s 00393000 08:07 4604051                    /usr/lib/jvm/java-8-openjdk-amd64/jre/lib/ext/cldrdata.jar
7f90ec659000-7f90ec664000 r--s 00116000 08:07 4604054                    /usr/lib/jvm/java-8-openjdk-amd64/jre/lib/ext/localedata.jar
7f90ec664000-7f90ec66a000 r--s 0003a000 08:07 4604056                    /usr/lib/jvm/java-8-openjdk-amd64/jre/lib/ext/sunjce_provider.jar
7f90ec66a000-7f90ec66b000 ---p 00000000 00:00 0 
7f90ec66b000-7f90ec76b000 rw-p 00000000 00:00 0                          [stack:4457]
7f90ec76b000-7f90ec76e000 ---p 00000000 00:00 0 
7f90ec76e000-7f90ec86c000 rw-p 00000000 00:00 0                          [stack:4456]
7f90ec86c000-7f90ec86f000 ---p 00000000 00:00 0 
7f90ec86f000-7f90ec96d000 rw-p 00000000 00:00 0                          [stack:4455]
7f90ec96d000-7f90ec970000 ---p 00000000 00:00 0 
7f90ec970000-7f90eca6e000 rw-p 00000000 00:00 0                          [stack:4454]
7f90eca6e000-7f90eca71000 ---p 00000000 00:00 0 
7f90eca71000-7f90ecb6f000 rw-p 00000000 00:00 0                          [stack:4453]
7f90ecb6f000-7f90ecb72000 ---p 00000000 00:00 0 
7f90ecb72000-7f90ecc70000 rw-p 00000000 00:00 0                          [stack:4452]
7f90ecc70000-7f90ed7ae000 r--p 00000000 08:07 3282551                    /usr/lib/locale/locale-archive
7f90ed7ae000-7f90ed7b1000 ---p 00000000 00:00 0 
7f90ed7b1000-7f90ed8af000 rw-p 00000000 00:00 0                          [stack:4451]
7f90ed8af000-7f90ed8b2000 ---p 00000000 00:00 0 
7f90ed8b2000-7f90ed9b0000 rw-p 00000000 00:00 0                          [stack:4450]
7f90ed9b0000-7f90ed9b1000 ---p 00000000 00:00 0 
7f90ed9b1000-7f90eef40000 rw-p 00000000 00:00 0                          [stack:4449]
7f90eef40000-7f90ef000000 ---p 00000000 00:00 0 
7f90ef000000-7f90f1000000 rw-p 00000000 00:00 0 
7f90f1000000-7f90f18f0000 rwxp 00000000 00:00 0 
7f90f18f0000-7f9100000000 ---p 00000000 00:00 0 
7f9100000000-7f91003ce000 rw-p 00000000 00:00 0 
7f91003ce000-7f9104000000 ---p 00000000 00:00 0 
7f9104000000-7f9104003000 r--s 0000f000 08:07 4604058                    /usr/lib/jvm/java-8-openjdk-amd64/jre/lib/ext/icedtea-sound.jar
7f9104003000-7f9104268000 rw-p 00000000 00:00 0 
7f9104268000-7f9104435000 r--s 03bd3000 08:07 4604067                    /usr/lib/jvm/java-8-openjdk-amd64/jre/lib/rt.jar
7f9104435000-7f91046ab000 rw-p 00000000 00:00 0 
7f91046ab000-7f91046ac000 ---p 00000000 00:00 0 
7f91046ac000-7f91047ac000 rw-p 00000000 00:00 0                          [stack:4448]
7f91047ac000-7f91047ad000 ---p 00000000 00:00 0 
7f91047ad000-7f91048ad000 rw-p 00000000 00:00 0                          [stack:4447]
7f91048ad000-7f91048ae000 ---p 00000000 00:00 0 
7f91048ae000-7f91049ae000 rw-p 00000000 00:00 0                          [stack:4446]
7f91049ae000-7f91049af000 ---p 00000000 00:00 0 
7f91049af000-7f9104ac4000 rw-p 00000000 00:00 0                          [stack:4445]
7f9104ac4000-7f9104c05000 ---p 00000000 00:00 0 
7f9104c05000-7f9104c1a000 rw-p 00000000 00:00 0 
7f9104c1a000-7f9104d5a000 ---p 00000000 00:00 0 
7f9104d5a000-7f9104dc9000 rw-p 00000000 00:00 0 
7f9104dc9000-7f9104e05000 ---p 00000000 00:00 0 
7f9104e05000-7f9104e2a000 rw-p 00000000 00:00 0 
7f9104e2a000-7f91051c6000 ---p 00000000 00:00 0 
7f91051c6000-7f91051ce000 r-xp 00000000 08:07 4603688                    /usr/lib/jvm/java-8-openjdk-amd64/jre/lib/amd64/libzip.so
7f91051ce000-7f91053cd000 ---p 00008000 08:07 4603688                    /usr/lib/jvm/java-8-openjdk-amd64/jre/lib/amd64/libzip.so
7f91053cd000-7f91053ce000 r--p 00007000 08:07 4603688                    /usr/lib/jvm/java-8-openjdk-amd64/jre/lib/amd64/libzip.so
7f91053ce000-7f91053cf000 rw-p 00008000 08:07 4603688                    /usr/lib/jvm/java-8-openjdk-amd64/jre/lib/amd64/libzip.so
7f91053cf000-7f91053db000 r-xp 00000000 08:07 6033669                    /lib/x86_64-linux-gnu/libnss_files-2.21.so
7f91053db000-7f91055da000 ---p 0000c000 08:07 6033669                    /lib/x86_64-linux-gnu/libnss_files-2.21.so
7f91055da000-7f91055db000 r--p 0000b000 08:07 6033669                    /lib/x86_64-linux-gnu/libnss_files-2.21.so
7f91055db000-7f91055dc000 rw-p 0000c000 08:07 6033669                    /lib/x86_64-linux-gnu/libnss_files-2.21.so
7f91055dc000-7f91055e7000 r-xp 00000000 08:07 6033679                    /lib/x86_64-linux-gnu/libnss_nis-2.21.so
7f91055e7000-7f91057e6000 ---p 0000b000 08:07 6033679                    /lib/x86_64-linux-gnu/libnss_nis-2.21.so
7f91057e6000-7f91057e7000 r--p 0000a000 08:07 6033679                    /lib/x86_64-linux-gnu/libnss_nis-2.21.so
7f91057e7000-7f91057e8000 rw-p 0000b000 08:07 6033679                    /lib/x86_64-linux-gnu/libnss_nis-2.21.so
7f91057e8000-7f91057ff000 r-xp 00000000 08:07 6033663                    /lib/x86_64-linux-gnu/libnsl-2.21.so
7f91057ff000-7f91059fe000 ---p 00017000 08:07 6033663                    /lib/x86_64-linux-gnu/libnsl-2.21.so
7f91059fe000-7f91059ff000 r--p 00016000 08:07 6033663                    /lib/x86_64-linux-gnu/libnsl-2.21.so
7f91059ff000-7f9105a00000 rw-p 00017000 08:07 6033663                    /lib/x86_64-linux-gnu/libnsl-2.21.so
7f9105a00000-7f9105a02000 rw-p 00000000 00:00 0 
7f9105a02000-7f9105a0a000 r-xp 00000000 08:07 6033665                    /lib/x86_64-linux-gnu/libnss_compat-2.21.so
7f9105a0a000-7f9105c09000 ---p 00008000 08:07 6033665                    /lib/x86_64-linux-gnu/libnss_compat-2.21.so
7f9105c09000-7f9105c0a000 r--p 00007000 08:07 6033665                    /lib/x86_64-linux-gnu/libnss_compat-2.21.so
7f9105c0a000-7f9105c0b000 rw-p 00008000 08:07 6033665                    /lib/x86_64-linux-gnu/libnss_compat-2.21.so
7f9105c0b000-7f9105c39000 r-xp 00000000 08:07 4603685                    /usr/lib/jvm/java-8-openjdk-amd64/jre/lib/amd64/libjava.so
7f9105c39000-7f9105e38000 ---p 0002e000 08:07 4603685                    /usr/lib/jvm/java-8-openjdk-amd64/jre/lib/amd64/libjava.so
7f9105e38000-7f9105e39000 r--p 0002d000 08:07 4603685                    /usr/lib/jvm/java-8-openjdk-amd64/jre/lib/amd64/libjava.so
7f9105e39000-7f9105e3b000 rw-p 0002e000 08:07 4603685                    /usr/lib/jvm/java-8-openjdk-amd64/jre/lib/amd64/libjava.so
7f9105e3b000-7f9105e4a000 r-xp 00000000 08:07 4604025                    /usr/lib/jvm/java-8-openjdk-amd64/jre/lib/amd64/libverify.so
7f9105e4a000-7f910604a000 ---p 0000f000 08:07 4604025                    /usr/lib/jvm/java-8-openjdk-amd64/jre/lib/amd64/libverify.so
7f910604a000-7f910604d000 r--p 0000f000 08:07 4604025                    /usr/lib/jvm/java-8-openjdk-amd64/jre/lib/amd64/libverify.so
7f910604d000-7f910604e000 rw-p 00012000 08:07 4604025                    /usr/lib/jvm/java-8-openjdk-amd64/jre/lib/amd64/libverify.so
7f910604e000-7f9106055000 r-xp 00000000 08:07 6033724                    /lib/x86_64-linux-gnu/librt-2.21.so
7f9106055000-7f9106254000 ---p 00007000 08:07 6033724                    /lib/x86_64-linux-gnu/librt-2.21.so
7f9106254000-7f9106255000 r--p 00006000 08:07 6033724                    /lib/x86_64-linux-gnu/librt-2.21.so
7f9106255000-7f9106256000 rw-p 00007000 08:07 6033724                    /lib/x86_64-linux-gnu/librt-2.21.so
7f9106256000-7f910626c000 r-xp 00000000 08:07 6033612                    /lib/x86_64-linux-gnu/libgcc_s.so.1
7f910626c000-7f910646b000 ---p 00016000 08:07 6033612                    /lib/x86_64-linux-gnu/libgcc_s.so.1
7f910646b000-7f910646c000 rw-p 00015000 08:07 6033612                    /lib/x86_64-linux-gnu/libgcc_s.so.1
7f910646c000-7f9106573000 r-xp 00000000 08:07 6033642                    /lib/x86_64-linux-gnu/libm-2.21.so
7f9106573000-7f9106772000 ---p 00107000 08:07 6033642                    /lib/x86_64-linux-gnu/libm-2.21.so
7f9106772000-7f9106773000 r--p 00106000 08:07 6033642                    /lib/x86_64-linux-gnu/libm-2.21.so
7f9106773000-7f9106774000 rw-p 00107000 08:07 6033642                    /lib/x86_64-linux-gnu/libm-2.21.so
7f9106774000-7f9106864000 r-xp 00000000 08:07 3285525                    /usr/lib/x86_64-linux-gnu/libstdc++.so.6.0.20
7f9106864000-7f9106a64000 ---p 000f0000 08:07 3285525                    /usr/lib/x86_64-linux-gnu/libstdc++.so.6.0.20
7f9106a64000-7f9106a6c000 r--p 000f0000 08:07 3285525                    /usr/lib/x86_64-linux-gnu/libstdc++.so.6.0.20
7f9106a6c000-7f9106a6e000 rw-p 000f8000 08:07 3285525                    /usr/lib/x86_64-linux-gnu/libstdc++.so.6.0.20
7f9106a6e000-7f9106a83000 rw-p 00000000 00:00 0 
7f9106a83000-7f9107710000 r-xp 00000000 08:07 4604037                    /usr/lib/jvm/java-8-openjdk-amd64/jre/lib/amd64/server/libjvm.so
7f9107710000-7f9107910000 ---p 00c8d000 08:07 4604037                    /usr/lib/jvm/java-8-openjdk-amd64/jre/lib/amd64/server/libjvm.so
7f9107910000-7f91079b3000 r--p 00c8d000 08:07 4604037                    /usr/lib/jvm/java-8-openjdk-amd64/jre/lib/amd64/server/libjvm.so
7f91079b3000-7f91079dc000 rw-p 00d30000 08:07 4604037                    /usr/lib/jvm/java-8-openjdk-amd64/jre/lib/amd64/server/libjvm.so
7f91079dc000-7f9107a0b000 rw-p 00000000 00:00 0 
7f9107a0b000-7f9107a23000 r-xp 00000000 08:07 6033716                    /lib/x86_64-linux-gnu/libpthread-2.21.so
7f9107a23000-7f9107c23000 ---p 00018000 08:07 6033716                    /lib/x86_64-linux-gnu/libpthread-2.21.so
7f9107c23000-7f9107c24000 r--p 00018000 08:07 6033716                    /lib/x86_64-linux-gnu/libpthread-2.21.so
7f9107c24000-7f9107c25000 rw-p 00019000 08:07 6033716                    /lib/x86_64-linux-gnu/libpthread-2.21.so
7f9107c25000-7f9107c29000 rw-p 00000000 00:00 0 
7f9107c29000-7f9107c2c000 r-xp 00000000 08:07 6033600                    /lib/x86_64-linux-gnu/libdl-2.21.so
7f9107c2c000-7f9107e2b000 ---p 00003000 08:07 6033600                    /lib/x86_64-linux-gnu/libdl-2.21.so
7f9107e2b000-7f9107e2c000 r--p 00002000 08:07 6033600                    /lib/x86_64-linux-gnu/libdl-2.21.so
7f9107e2c000-7f9107e2d000 rw-p 00003000 08:07 6033600                    /lib/x86_64-linux-gnu/libdl-2.21.so
7f9107e2d000-7f9107e46000 r-xp 00000000 08:07 6033757                    /lib/x86_64-linux-gnu/libz.so.1.2.8
7f9107e46000-7f9108046000 ---p 00019000 08:07 6033757                    /lib/x86_64-linux-gnu/libz.so.1.2.8
7f9108046000-7f9108047000 r--p 00019000 08:07 6033757                    /lib/x86_64-linux-gnu/libz.so.1.2.8
7f9108047000-7f9108048000 rw-p 0001a000 08:07 6033757                    /lib/x86_64-linux-gnu/libz.so.1.2.8
7f9108048000-7f9108208000 r-xp 00000000 08:07 6033583                    /lib/x86_64-linux-gnu/libc-2.21.so
7f9108208000-7f9108408000 ---p 001c0000 08:07 6033583                    /lib/x86_64-linux-gnu/libc-2.21.so
7f9108408000-7f910840c000 r--p 001c0000 08:07 6033583                    /lib/x86_64-linux-gnu/libc-2.21.so
7f910840c000-7f910840e000 rw-p 001c4000 08:07 6033583                    /lib/x86_64-linux-gnu/libc-2.21.so
7f910840e000-7f9108412000 rw-p 00000000 00:00 0 
7f9108412000-7f9108420000 r-xp 00000000 08:07 4726035                    /usr/lib/jvm/java-8-openjdk-amd64/jre/lib/amd64/jli/libjli.so
7f9108420000-7f910861f000 ---p 0000e000 08:07 4726035                    /usr/lib/jvm/java-8-openjdk-amd64/jre/lib/amd64/jli/libjli.so
7f910861f000-7f9108620000 r--p 0000d000 08:07 4726035                    /usr/lib/jvm/java-8-openjdk-amd64/jre/lib/amd64/jli/libjli.so
7f9108620000-7f9108621000 rw-p 0000e000 08:07 4726035                    /usr/lib/jvm/java-8-openjdk-amd64/jre/lib/amd64/jli/libjli.so
7f9108621000-7f9108645000 r-xp 00000000 08:07 6033555                    /lib/x86_64-linux-gnu/ld-2.21.so
7f9108645000-7f9108646000 rw-p 00000000 00:00 0 
7f9108646000-7f9108647000 r--s 00010000 08:07 4604055                    /usr/lib/jvm/java-8-openjdk-amd64/jre/lib/ext/zipfs.jar
7f9108647000-7f9108649000 r--s 00006000 08:07 3538955                    /usr/share/java/java-atk-wrapper.jar
7f9108649000-7f910864a000 r--s 00008000 08:07 4604053                    /usr/lib/jvm/java-8-openjdk-amd64/jre/lib/ext/sunec.jar
7f910864a000-7f910871a000 rw-p 00000000 00:00 0 
7f910871a000-7f910871d000 ---p 00000000 00:00 0 
7f910871d000-7f9108834000 rw-p 00000000 00:00 0                          [stack:4444]
7f9108834000-7f910883c000 rw-s 00000000 08:07 3015408                    /tmp/hsperfdata_pvthuyen/4439
7f910883c000-7f910883d000 rw-p 00000000 00:00 0 
7f910883d000-7f910883e000 ---p 00000000 00:00 0 
7f910883e000-7f9108840000 rw-p 00000000 00:00 0 
7f9108840000-7f9108842000 r--p 00000000 00:00 0                          [vvar]
7f9108842000-7f9108844000 r-xp 00000000 00:00 0                          [vdso]
7f9108844000-7f9108845000 r--p 00023000 08:07 6033555                    /lib/x86_64-linux-gnu/ld-2.21.so
7f9108845000-7f9108846000 rw-p 00024000 08:07 6033555                    /lib/x86_64-linux-gnu/ld-2.21.so
7f9108846000-7f9108847000 rw-p 00000000 00:00 0 
7ffc6b188000-7ffc6b1aa000 rw-p 00000000 00:00 0                          [stack]
ffffffffff600000-ffffffffff601000 r-xp 00000000 00:00 0                  [vsyscall]

VM Arguments:
jvm_args: -Xmx1024M -Dfile.encoding=UTF-8 -Duser.country=US -Duser.language=en -Duser.variant 
java_command: com.android.dx.command.Main --dex --output /home/pvthuyen/TripAdvisor/app/build/intermediates/dex/debug /home/pvthuyen/TripAdvisor/app/build/intermediates/classes/debug /home/pvthuyen/TripAdvisor/app/build/intermediates/pre-dexed/debug/support-annotations-22.2.0-6edaf921514e3c79b4cd482598ff6f89aabb1f45.jar /home/pvthuyen/TripAdvisor/app/build/intermediates/pre-dexed/debug/classes-0fbdf4ab642a51d370dee0e45c30a3f45f79d22a.jar /home/pvthuyen/TripAdvisor/app/build/intermediates/pre-dexed/debug/classes-9cbddf8f9a26240101377d4da600542e5941c7d3.jar /home/pvthuyen/TripAdvisor/app/build/intermediates/pre-dexed/debug/classes-54dfd174cb9e505954d413860ed0fd87d4373e98.jar /home/pvthuyen/TripAdvisor/app/build/intermediates/pre-dexed/debug/internal_impl-22.0.0-8737b4cfef54ec053e939fe58b85eb5efdb241b6.jar /home/pvthuyen/TripAdvisor/app/build/intermediates/pre-dexed/debug/classes-efc80b1e7a1d861f506405ed88b430606dd922ef.jar /home/pvthuyen/TripAdvisor/app/build/intermediates/pre-dexed/debug/classes-f2fc0d17c65bce9a807e5e1004710afc9e0b6e16.jar /home/pvthuyen/TripAdvisor/app/build/intermediates/pre-dexed/debug/classes-ad7067dddb5ff35a76ae3c4b821ba5bdbd3dc4c4.jar /home/pvthuyen/TripAdvisor/app/build/intermediates/pre-dexed/debug/classes-fa1f0681a19b6bd5b02da6ef70b89a58b9cc1280.jar /home/pvthuyen/TripAdvisor/app/build/intermediates/pre-dexed/debug/classes-beb82d3d25fe2e0e0ce3f7649048a558037bc706.jar /home/pvthuyen/TripAdvisor/app/build/intermediates/pre-dexed/debug/classes-9f7020e100ed54825762d996a9bb3887e8e6eaae.jar /home/pvthuyen/TripAdvisor/app/build/intermediates/pre-dexed/debug/classes-f98b9e33457257e5c999de506ba0c4d3a2626529.jar /home/pvthuyen/TripAdvisor/app/build/intermediates/pre-dexed/debug/classes-2ba99a6a414db747169eb68241a8c18d3e2532a5.jar /home/pvthuyen/TripAdvisor/app/build/intermediates/pre-dexed/debug/classes-cab123c567ae22a73d31669e66c3ae14ce6132ae.jar /home/pvthuyen/TripAdvisor/app/build/intermediates/pre-dexed/debug/classes-8b28de176ae61b3d3a3fbfa3d3ba
java_class_path (initial): /home/pvthuyen/Android/Sdk/build-tools/22.0.1/lib/dx.jar
Launcher Type: SUN_STANDARD

Environment Variables:
PATH=/usr/local/sbin:/usr/local/bin:/usr/sbin:/usr/bin:/sbin:/bin:/usr/games:/usr/local/games
LD_LIBRARY_PATH=.:
SHELL=/bin/bash
DISPLAY=:0.0

Signal Handlers:
SIGSEGV: [libjvm.so+0xa90d80], sa_mask[0]=11111111011111111101111111111110, sa_flags=SA_RESTART|SA_SIGINFO
SIGBUS: [libjvm.so+0xa90d80], sa_mask[0]=11111111011111111101111111111110, sa_flags=SA_RESTART|SA_SIGINFO
SIGFPE: [libjvm.so+0x8dbc70], sa_mask[0]=11111111011111111101111111111110, sa_flags=SA_RESTART|SA_SIGINFO
SIGPIPE: [libjvm.so+0x8dbc70], sa_mask[0]=11111111011111111101111111111110, sa_flags=SA_RESTART|SA_SIGINFO
SIGXFSZ: [libjvm.so+0x8dbc70], sa_mask[0]=11111111011111111101111111111110, sa_flags=SA_RESTART|SA_SIGINFO
SIGILL: [libjvm.so+0x8dbc70], sa_mask[0]=11111111011111111101111111111110, sa_flags=SA_RESTART|SA_SIGINFO
SIGUSR1: SIG_DFL, sa_mask[0]=00000000000000000000000000000000, sa_flags=none
SIGUSR2: [libjvm.so+0x8dbb20], sa_mask[0]=00100000000000000000000000000000, sa_flags=SA_RESTART|SA_SIGINFO
SIGHUP: [libjvm.so+0x8dbd40], sa_mask[0]=11111111011111111101111111111110, sa_flags=SA_RESTART|SA_SIGINFO
SIGINT: [libjvm.so+0x8dbd40], sa_mask[0]=11111111011111111101111111111110, sa_flags=SA_RESTART|SA_SIGINFO
SIGTERM: [libjvm.so+0x8dbd40], sa_mask[0]=11111111011111111101111111111110, sa_flags=SA_RESTART|SA_SIGINFO
SIGQUIT: [libjvm.so+0x8dbd40], sa_mask[0]=11111111011111111101111111111110, sa_flags=SA_RESTART|SA_SIGINFO


---------------  S Y S T E M  ---------------

OS:DISTRIB_ID=Ubuntu
DISTRIB_RELEASE=15.04
DISTRIB_CODENAME=vivid
DISTRIB_DESCRIPTION="Ubuntu 15.04"

uname:Linux 3.19.0-22-generic #22-Ubuntu SMP Tue Jun 16 17:15:15 UTC 2015 x86_64
libc:glibc 2.21 NPTL 2.21 
rlimit: STACK 8192k, CORE 0k, NPROC 15274, NOFILE 65536, AS infinity
load average:2.96 1.55 1.18

/proc/meminfo:
MemTotal:        3932700 kB
MemFree:          114480 kB
MemAvailable:      73924 kB
Buffers:           12960 kB
Cached:           250132 kB
SwapCached:            0 kB
Active:          3465112 kB
Inactive:         187524 kB
Active(anon):    3437736 kB
Inactive(anon):   159644 kB
Active(file):      27376 kB
Inactive(file):    27880 kB
Unevictable:          48 kB
Mlocked:              48 kB
SwapTotal:             0 kB
SwapFree:              0 kB
Dirty:              3240 kB
Writeback:             0 kB
AnonPages:       3389996 kB
Mapped:           163416 kB
Shmem:            207440 kB
Slab:              64140 kB
SReclaimable:      32572 kB
SUnreclaim:        31568 kB
KernelStack:        8464 kB
PageTables:        33488 kB
NFS_Unstable:          0 kB
Bounce:                0 kB
WritebackTmp:          0 kB
CommitLimit:     1966348 kB
Committed_AS:    6203716 kB
VmallocTotal:   34359738367 kB
VmallocUsed:      556988 kB
VmallocChunk:   34359102444 kB
HardwareCorrupted:     0 kB
AnonHugePages:   1964032 kB
CmaTotal:              0 kB
CmaFree:               0 kB
HugePages_Total:       0
HugePages_Free:        0
HugePages_Rsvd:        0
HugePages_Surp:        0
Hugepagesize:       2048 kB
DirectMap4k:      158464 kB
DirectMap2M:     3921920 kB
DirectMap1G:     1048576 kB


CPU:total 4 (2 cores per cpu, 2 threads per core) family 6 model 69 stepping 1, cmov, cx8, fxsr, mmx, sse, sse2, sse3, ssse3, sse4.1, sse4.2, popcnt, avx, avx2, aes, clmul, erms, lzcnt, ht, tsc, tscinvbit, bmi1, bmi2

/proc/cpuinfo:
processor	: 0
vendor_id	: GenuineIntel
cpu family	: 6
model		: 69
model name	: Intel(R) Core(TM) i5-4200U CPU @ 1.60GHz
stepping	: 1
microcode	: 0x1c
cpu MHz		: 898.167
cache size	: 3072 KB
physical id	: 0
siblings	: 4
core id		: 0
cpu cores	: 2
apicid		: 0
initial apicid	: 0
fpu		: yes
fpu_exception	: yes
cpuid level	: 13
wp		: yes
flags		: fpu vme de pse tsc msr pae mce cx8 apic sep mtrr pge mca cmov pat pse36 clflush dts acpi mmx fxsr sse sse2 ss ht tm pbe syscall nx pdpe1gb rdtscp lm constant_tsc arch_perfmon pebs bts rep_good nopl xtopology nonstop_tsc aperfmperf eagerfpu pni pclmulqdq dtes64 monitor ds_cpl vmx est tm2 ssse3 fma cx16 xtpr pdcm pcid sse4_1 sse4_2 movbe popcnt tsc_deadline_timer aes xsave avx f16c rdrand lahf_lm abm ida arat epb pln pts dtherm tpr_shadow vnmi flexpriority ept vpid fsgsbase tsc_adjust bmi1 avx2 smep bmi2 erms invpcid xsaveopt
bugs		:
bogomips	: 4589.33
clflush size	: 64
cache_alignment	: 64
address sizes	: 39 bits physical, 48 bits virtual
power management:

processor	: 1
vendor_id	: GenuineIntel
cpu family	: 6
model		: 69
model name	: Intel(R) Core(TM) i5-4200U CPU @ 1.60GHz
stepping	: 1
microcode	: 0x1c
cpu MHz		: 897.449
cache size	: 3072 KB
physical id	: 0
siblings	: 4
core id		: 0
cpu cores	: 2
apicid		: 1
initial apicid	: 1
fpu		: yes
fpu_exception	: yes
cpuid level	: 13
wp		: yes
flags		: fpu vme de pse tsc msr pae mce cx8 apic sep mtrr pge mca cmov pat pse36 clflush dts acpi mmx fxsr sse sse2 ss ht tm pbe syscall nx pdpe1gb rdtscp lm constant_tsc arch_perfmon pebs bts rep_good nopl xtopology nonstop_tsc aperfmperf eagerfpu pni pclmulqdq dtes64 monitor ds_cpl vmx est tm2 ssse3 fma cx16 xtpr pdcm pcid sse4_1 sse4_2 movbe popcnt tsc_deadline_timer aes xsave avx f16c rdrand lahf_lm abm ida arat epb pln pts dtherm tpr_shadow vnmi flexpriority ept vpid fsgsbase tsc_adjust bmi1 avx2 smep bmi2 erms invpcid xsaveopt
bugs		:
bogomips	: 4589.33
clflush size	: 64
cache_alignment	: 64
address sizes	: 39 bits physical, 48 bits virtual
power management:

processor	: 2
vendor_id	: GenuineIntel
cpu family	: 6
model		: 69
model name	: Intel(R) Core(TM) i5-4200U CPU @ 1.60GHz
stepping	: 1
microcode	: 0x1c
cpu MHz		: 1225.109
cache size	: 3072 KB
physical id	: 0
siblings	: 4
core id		: 1
cpu cores	: 2
apicid		: 2
initial apicid	: 2
fpu		: yes
fpu_exception	: yes
cpuid level	: 13
wp		: yes
flags		: fpu vme de pse tsc msr pae mce cx8 apic sep mtrr pge mca cmov pat pse36 clflush dts acpi mmx fxsr sse sse2 ss ht tm pbe syscall nx pdpe1gb rdtscp lm constant_tsc arch_perfmon pebs bts rep_good nopl xtopology nonstop_tsc aperfmperf eagerfpu pni pclmulqdq dtes64 monitor ds_cpl vmx est tm2 ssse3 fma cx16 xtpr pdcm pcid sse4_1 sse4_2 movbe popcnt tsc_deadline_timer aes xsave avx f16c rdrand lahf_lm abm ida arat epb pln pts dtherm tpr_shadow vnmi flexpriority ept vpid fsgsbase tsc_adjust bmi1 avx2 smep bmi2 erms invpcid xsaveopt
bugs		:
bogomips	: 4589.33
clflush size	: 64
cache_alignment	: 64
address sizes	: 39 bits physical, 48 bits virtual
power management:

processor	: 3
vendor_id	: GenuineIntel
cpu family	: 6
model		: 69
model name	: Intel(R) Core(TM) i5-4200U CPU @ 1.60GHz
stepping	: 1
microcode	: 0x1c
cpu MHz		: 904.457
cache size	: 3072 KB
physical id	: 0
siblings	: 4
core id		: 1
cpu cores	: 2
apicid		: 3
initial apicid	: 3
fpu		: yes
fpu_exception	: yes
cpuid level	: 13
wp		: yes
flags		: fpu vme de pse tsc msr pae mce cx8 apic sep mtrr pge mca cmov pat pse36 clflush dts acpi mmx fxsr sse sse2 ss ht tm pbe syscall nx pdpe1gb rdtscp lm constant_tsc arch_perfmon pebs bts rep_good nopl xtopology nonstop_tsc aperfmperf eagerfpu pni pclmulqdq dtes64 monitor ds_cpl vmx est tm2 ssse3 fma cx16 xtpr pdcm pcid sse4_1 sse4_2 movbe popcnt tsc_deadline_timer aes xsave avx f16c rdrand lahf_lm abm ida arat epb pln pts dtherm tpr_shadow vnmi flexpriority ept vpid fsgsbase tsc_adjust bmi1 avx2 smep bmi2 erms invpcid xsaveopt
bugs		:
bogomips	: 4589.33
clflush size	: 64
cache_alignment	: 64
address sizes	: 39 bits physical, 48 bits virtual
power management:



Memory: 4k page, physical 3932700k(114480k free), swap 0k(0k free)

vm_info: OpenJDK 64-Bit Server VM (25.45-b02) for linux-amd64 JRE (1.8.0_45-internal-b14), built on Apr 20 2015 00:35:04 by "buildd" with gcc 4.9.2

time: Mon Aug  3 01:20:24 2015
elapsed time: 13 seconds (0d 0h 0m 13s)

