#
# There is insufficient memory for the Java Runtime Environment to continue.
# Native memory allocation (mmap) failed to map 82837504 bytes for committing reserved memory.
# Possible reasons:
#   The system is out of physical RAM or swap space
#   In 32 bit mode, the process size limit was hit
# Possible solutions:
#   Reduce memory load on the system
#   Increase physical memory or swap space
#   Check if swap backing store is full
#   Use 64 bit Java on a 64 bit OS
#   Decrease Java heap size (-Xmx/-Xms)
#   Decrease number of Java threads
#   Decrease Java thread stack sizes (-Xss)
#   Set larger code cache with -XX:ReservedCodeCacheSize=
# This output file may be truncated or incomplete.
#
#  Out of Memory Error (os_linux.cpp:2673), pid=5881, tid=140364767762176
#
# JRE version: OpenJDK Runtime Environment (8.0_45-b14) (build 1.8.0_45-internal-b14)
# Java VM: OpenJDK 64-Bit Server VM (25.45-b02 mixed mode linux-amd64 compressed oops)
# Failed to write core dump. Core dumps have been disabled. To enable core dumping, try "ulimit -c unlimited" before starting Java again
#

---------------  T H R E A D  ---------------

Current thread (0x00007fa934079800):  VMThread [stack: 0x00007fa9380f1000,0x00007fa9381f2000] [id=5891]

Stack: [0x00007fa9380f1000,0x00007fa9381f2000],  sp=0x00007fa9381f04d0,  free space=1021k
Native frames: (J=compiled Java code, j=interpreted, Vv=VM code, C=native code)
V  [libjvm.so+0xa902bd]  VMError::report_and_die()+0x15d
V  [libjvm.so+0x4e783c]  report_vm_out_of_memory(char const*, int, unsigned long, VMErrorType, char const*)+0xac
V  [libjvm.so+0x8e03b0]  os::pd_commit_memory(char*, unsigned long, unsigned long, bool)+0xf0
V  [libjvm.so+0x8daaee]  os::commit_memory(char*, unsigned long, unsigned long, bool)+0x2e
V  [libjvm.so+0x955a9b]  PSVirtualSpace::expand_by(unsigned long)+0x5b
V  [libjvm.so+0x956e03]  PSYoungGen::resize(unsigned long, unsigned long)+0x103
V  [libjvm.so+0x953a8e]  PSScavenge::invoke_no_policy()+0x14be
V  [libjvm.so+0x953d7c]  PSScavenge::invoke()+0x4c
V  [libjvm.so+0x906073]  ParallelScavengeHeap::failed_mem_allocate(unsigned long)+0x63
V  [libjvm.so+0xa91d92]  VM_ParallelGCFailedAllocation::doit()+0x92
V  [libjvm.so+0xa968f7]  VM_Operation::evaluate()+0x47
V  [libjvm.so+0xa94c17]  VMThread::evaluate_operation(VM_Operation*)+0xe7
V  [libjvm.so+0xa95447]  VMThread::loop()+0x227
V  [libjvm.so+0xa95991]  VMThread::run()+0x81
V  [libjvm.so+0x8dd8a2]  java_start(Thread*)+0xf2

VM_Operation (0x00007fa93df5b440): ParallelGCFailedAllocation, mode: safepoint, requested by thread 0x00007fa93400b800


---------------  P R O C E S S  ---------------

Java Threads: ( => current thread )
  0x00007fa9340d2000 JavaThread "Service Thread" daemon [_thread_blocked, id=5898, stack(0x00007fa921dbb000,0x00007fa921ebc000)]
  0x00007fa9340b2000 JavaThread "C1 CompilerThread2" daemon [_thread_blocked, id=5897, stack(0x00007fa921ebc000,0x00007fa921fbd000)]
  0x00007fa9340b0000 JavaThread "C2 CompilerThread1" daemon [_thread_blocked, id=5896, stack(0x00007fa921fbd000,0x00007fa9220be000)]
  0x00007fa9340ad000 JavaThread "C2 CompilerThread0" daemon [_thread_blocked, id=5895, stack(0x00007fa9220be000,0x00007fa9221bf000)]
  0x00007fa9340ab000 JavaThread "Signal Dispatcher" daemon [_thread_blocked, id=5894, stack(0x00007fa9221bf000,0x00007fa9222c0000)]
  0x00007fa934080800 JavaThread "Finalizer" daemon [_thread_blocked, id=5893, stack(0x00007fa922dfe000,0x00007fa922eff000)]
  0x00007fa93407e800 JavaThread "Reference Handler" daemon [_thread_blocked, id=5892, stack(0x00007fa922eff000,0x00007fa923000000)]
  0x00007fa93400b800 JavaThread "main" [_thread_blocked, id=5886, stack(0x00007fa93de5c000,0x00007fa93df5d000)]

Other Threads:
=>0x00007fa934079800 VMThread [stack: 0x00007fa9380f1000,0x00007fa9381f2000] [id=5891]
  0x00007fa9340d4000 WatcherThread [stack: 0x00007fa921cba000,0x00007fa921dbb000] [id=5899]

VM state:at safepoint (normal execution)

VM Mutex/Monitor currently owned by a thread:  ([mutex/lock_event])
[0x00007fa934007f10] Threads_lock - owner thread: 0x00007fa934079800
[0x00007fa934008410] Heap_lock - owner thread: 0x00007fa93400b800

Heap:
 PSYoungGen      total 66048K, used 2553K [0x00000000eab00000, 0x00000000eee00000, 0x0000000100000000)
  eden space 63488K, 0% used [0x00000000eab00000,0x00000000eab00000,0x00000000ee900000)
  from space 2560K, 99% used [0x00000000ee900000,0x00000000eeb7e518,0x00000000eeb80000)
  to   space 2560K, 0% used [0x00000000eeb80000,0x00000000eeb80000,0x00000000eee00000)
 ParOldGen       total 42496K, used 23070K [0x00000000c0000000, 0x00000000c2980000, 0x00000000eab00000)
  object space 42496K, 54% used [0x00000000c0000000,0x00000000c1687a80,0x00000000c2980000)
 Metaspace       used 7392K, capacity 8024K, committed 8192K, reserved 1056768K
  class space    used 682K, capacity 720K, committed 768K, reserved 1048576K

Card table byte_map: [0x00007fa93a343000,0x00007fa93a544000] byte_map_base: 0x00007fa939d43000

Marking Bits: (ParMarkBitMap*) 0x00007fa93d12de80
 Begin Bits: [0x00007fa923000000, 0x00007fa924000000)
 End Bits:   [0x00007fa924000000, 0x00007fa925000000)

Polling page: 0x00007fa93df7f000

CodeCache: size=245760Kb used=9134Kb max_used=9134Kb free=236625Kb
 bounds [0x00007fa925000000, 0x00007fa925900000, 0x00007fa934000000]
 total_blobs=2926 nmethods=2633 adapters=207
 compilation: enabled

Compilation events (10 events):
Event: 3.101 Thread 0x00007fa9340b2000 2638       1       com.android.dx.io.instructions.PackedSwitchPayloadDecodedInstruction::getFirstKey (5 bytes)
Event: 3.101 Thread 0x00007fa9340b2000 nmethod 2638 0x00007fa9258ef050 code [0x00007fa9258ef1a0, 0x00007fa9258ef2b0]
Event: 3.110 Thread 0x00007fa9340b2000 2641       3       com.android.dx.io.instructions.InstructionCodec$33::decode (99 bytes)
Event: 3.112 Thread 0x00007fa9340b2000 nmethod 2641 0x00007fa9258f5cd0 code [0x00007fa9258f5fc0, 0x00007fa9258f7bf8]
Event: 3.112 Thread 0x00007fa9340b2000 2642       3       com.android.dx.io.instructions.SparseSwitchPayloadDecodedInstruction::<init> (40 bytes)
Event: 3.112 Thread 0x00007fa9340b2000 nmethod 2642 0x00007fa9258e2250 code [0x00007fa9258e23e0, 0x00007fa9258e26d8]
Event: 3.116 Thread 0x00007fa9340b2000 2643       3       java.util.regex.Pattern$GroupTail::match (111 bytes)
Event: 3.116 Thread 0x00007fa9340b2000 nmethod 2643 0x00007fa9258e1a10 code [0x00007fa9258e1ba0, 0x00007fa9258e1f68]
Event: 3.116 Thread 0x00007fa9340b2000 2644       3       java.lang.String::subSequence (7 bytes)
Event: 3.116 Thread 0x00007fa9340b2000 nmethod 2644 0x00007fa9258e1610 code [0x00007fa9258e1780, 0x00007fa9258e1988]

GC Heap History (9 events):
Event: 0.476 GC heap before
{Heap before GC invocations=1 (full 0):
 PSYoungGen      total 18432K, used 15872K [0x00000000eab00000, 0x00000000ebf80000, 0x0000000100000000)
  eden space 15872K, 100% used [0x00000000eab00000,0x00000000eba80000,0x00000000eba80000)
  from space 2560K, 0% used [0x00000000ebd00000,0x00000000ebd00000,0x00000000ebf80000)
  to   space 2560K, 0% used [0x00000000eba80000,0x00000000eba80000,0x00000000ebd00000)
 ParOldGen       total 42496K, used 0K [0x00000000c0000000, 0x00000000c2980000, 0x00000000eab00000)
  object space 42496K, 0% used [0x00000000c0000000,0x00000000c0000000,0x00000000c2980000)
 Metaspace       used 5203K, capacity 6608K, committed 6784K, reserved 1056768K
  class space    used 516K, capacity 584K, committed 640K, reserved 1048576K
Event: 0.487 GC heap after
Heap after GC invocations=1 (full 0):
 PSYoungGen      total 18432K, used 2528K [0x00000000eab00000, 0x00000000ecf00000, 0x0000000100000000)
  eden space 15872K, 0% used [0x00000000eab00000,0x00000000eab00000,0x00000000eba80000)
  from space 2560K, 98% used [0x00000000eba80000,0x00000000ebcf8038,0x00000000ebd00000)
  to   space 2560K, 0% used [0x00000000ecc80000,0x00000000ecc80000,0x00000000ecf00000)
 ParOldGen       total 42496K, used 1743K [0x00000000c0000000, 0x00000000c2980000, 0x00000000eab00000)
  object space 42496K, 4% used [0x00000000c0000000,0x00000000c01b3c40,0x00000000c2980000)
 Metaspace       used 5203K, capacity 6608K, committed 6784K, reserved 1056768K
  class space    used 516K, capacity 584K, committed 640K, reserved 1048576K
}
Event: 0.783 GC heap before
{Heap before GC invocations=2 (full 0):
 PSYoungGen      total 18432K, used 18400K [0x00000000eab00000, 0x00000000ecf00000, 0x0000000100000000)
  eden space 15872K, 100% used [0x00000000eab00000,0x00000000eba80000,0x00000000eba80000)
  from space 2560K, 98% used [0x00000000eba80000,0x00000000ebcf8038,0x00000000ebd00000)
  to   space 2560K, 0% used [0x00000000ecc80000,0x00000000ecc80000,0x00000000ecf00000)
 ParOldGen       total 42496K, used 1743K [0x00000000c0000000, 0x00000000c2980000, 0x00000000eab00000)
  object space 42496K, 4% used [0x00000000c0000000,0x00000000c01b3c40,0x00000000c2980000)
 Metaspace       used 5495K, capacity 6896K, committed 7040K, reserved 1056768K
  class space    used 524K, capacity 616K, committed 640K, reserved 1048576K
Event: 0.797 GC heap after
Heap after GC invocations=2 (full 0):
 PSYoungGen      total 34304K, used 2528K [0x00000000eab00000, 0x00000000ecf00000, 0x0000000100000000)
  eden space 31744K, 0% used [0x00000000eab00000,0x00000000eab00000,0x00000000eca00000)
  from space 2560K, 98% used [0x00000000ecc80000,0x00000000ecef8028,0x00000000ecf00000)
  to   space 2560K, 0% used [0x00000000eca00000,0x00000000eca00000,0x00000000ecc80000)
 ParOldGen       total 42496K, used 4893K [0x00000000c0000000, 0x00000000c2980000, 0x00000000eab00000)
  object space 42496K, 11% used [0x00000000c0000000,0x00000000c04c77a0,0x00000000c2980000)
 Metaspace       used 5495K, capacity 6896K, committed 7040K, reserved 1056768K
  class space    used 524K, capacity 616K, committed 640K, reserved 1048576K
}
Event: 1.153 GC heap before
{Heap before GC invocations=3 (full 0):
 PSYoungGen      total 34304K, used 33868K [0x00000000eab00000, 0x00000000ecf00000, 0x0000000100000000)
  eden space 31744K, 98% used [0x00000000eab00000,0x00000000ec99b200,0x00000000eca00000)
  from space 2560K, 98% used [0x00000000ecc80000,0x00000000ecef8028,0x00000000ecf00000)
  to   space 2560K, 0% used [0x00000000eca00000,0x00000000eca00000,0x00000000ecc80000)
 ParOldGen       total 42496K, used 4893K [0x00000000c0000000, 0x00000000c2980000, 0x00000000eab00000)
  object space 42496K, 11% used [0x00000000c0000000,0x00000000c04c77a0,0x00000000c2980000)
 Metaspace       used 5637K, capacity 7024K, committed 7296K, reserved 1056768K
  class space    used 525K, capacity 616K, committed 640K, reserved 1048576K
Event: 1.169 GC heap after
Heap after GC invocations=3 (full 0):
 PSYoungGen      total 34304K, used 2552K [0x00000000eab00000, 0x00000000eee00000, 0x0000000100000000)
  eden space 31744K, 0% used [0x00000000eab00000,0x00000000eab00000,0x00000000eca00000)
  from space 2560K, 99% used [0x00000000eca00000,0x00000000ecc7e118,0x00000000ecc80000)
  to   space 2560K, 0% used [0x00000000eeb80000,0x00000000eeb80000,0x00000000eee00000)
 ParOldGen       total 42496K, used 12107K [0x00000000c0000000, 0x00000000c2980000, 0x00000000eab00000)
  object space 42496K, 28% used [0x00000000c0000000,0x00000000c0bd2de0,0x00000000c2980000)
 Metaspace       used 5637K, capacity 7024K, committed 7296K, reserved 1056768K
  class space    used 525K, capacity 616K, committed 640K, reserved 1048576K
}
Event: 2.627 GC heap before
{Heap before GC invocations=4 (full 0):
 PSYoungGen      total 34304K, used 33671K [0x00000000eab00000, 0x00000000eee00000, 0x0000000100000000)
  eden space 31744K, 98% used [0x00000000eab00000,0x00000000ec963be0,0x00000000eca00000)
  from space 2560K, 99% used [0x00000000eca00000,0x00000000ecc7e118,0x00000000ecc80000)
  to   space 2560K, 0% used [0x00000000eeb80000,0x00000000eeb80000,0x00000000eee00000)
 ParOldGen       total 42496K, used 12107K [0x00000000c0000000, 0x00000000c2980000, 0x00000000eab00000)
  object space 42496K, 28% used [0x00000000c0000000,0x00000000c0bd2de0,0x00000000c2980000)
 Metaspace       used 7326K, capacity 7992K, committed 8192K, reserved 1056768K
  class space    used 681K, capacity 688K, committed 768K, reserved 1048576K
Event: 2.774 GC heap after
Heap after GC invocations=4 (full 0):
 PSYoungGen      total 66048K, used 2537K [0x00000000eab00000, 0x00000000eee00000, 0x0000000100000000)
  eden space 63488K, 0% used [0x00000000eab00000,0x00000000eab00000,0x00000000ee900000)
  from space 2560K, 99% used [0x00000000eeb80000,0x00000000eedfa528,0x00000000eee00000)
  to   space 2560K, 0% used [0x00000000ee900000,0x00000000ee900000,0x00000000eeb80000)
 ParOldGen       total 42496K, used 18963K [0x00000000c0000000, 0x00000000c2980000, 0x00000000eab00000)
  object space 42496K, 44% used [0x00000000c0000000,0x00000000c1284e58,0x00000000c2980000)
 Metaspace       used 7326K, capacity 7992K, committed 8192K, reserved 1056768K
  class space    used 681K, capacity 688K, committed 768K, reserved 1048576K
}
Event: 3.143 GC heap before
{Heap before GC invocations=5 (full 0):
 PSYoungGen      total 66048K, used 66025K [0x00000000eab00000, 0x00000000eee00000, 0x0000000100000000)
  eden space 63488K, 100% used [0x00000000eab00000,0x00000000ee900000,0x00000000ee900000)
  from space 2560K, 99% used [0x00000000eeb80000,0x00000000eedfa528,0x00000000eee00000)
  to   space 2560K, 0% used [0x00000000ee900000,0x00000000ee900000,0x00000000eeb80000)
 ParOldGen       total 42496K, used 18963K [0x00000000c0000000, 0x00000000c2980000, 0x00000000eab00000)
  object space 42496K, 44% used [0x00000000c0000000,0x00000000c1284e58,0x00000000c2980000)
 Metaspace       used 7392K, capacity 8024K, committed 8192K, reserved 1056768K
  class space    used 682K, capacity 720K, committed 768K, reserved 1048576K

Deoptimization events (10 events):
Event: 2.043 Thread 0x00007fa93400b800 Uncommon trap: reason=class_check action=maybe_recompile pc=0x00007fa925612154 method=java.util.HashMap.putVal(ILjava/lang/Object;Ljava/lang/Object;ZZ)Ljava/lang/Object; @ 56
Event: 2.043 Thread 0x00007fa93400b800 Uncommon trap: reason=class_check action=maybe_recompile pc=0x00007fa925612154 method=java.util.HashMap.putVal(ILjava/lang/Object;Ljava/lang/Object;ZZ)Ljava/lang/Object; @ 56
Event: 2.043 Thread 0x00007fa93400b800 Uncommon trap: reason=class_check action=maybe_recompile pc=0x00007fa925612154 method=java.util.HashMap.putVal(ILjava/lang/Object;Ljava/lang/Object;ZZ)Ljava/lang/Object; @ 56
Event: 2.333 Thread 0x00007fa93400b800 Uncommon trap: reason=unstable_if action=reinterpret pc=0x00007fa92571ea8c method=java.util.HashMap.putVal(ILjava/lang/Object;Ljava/lang/Object;ZZ)Ljava/lang/Object; @ 162
Event: 2.333 Thread 0x00007fa93400b800 Uncommon trap: reason=unstable_if action=reinterpret pc=0x00007fa92571d6ac method=java.util.HashMap.putVal(ILjava/lang/Object;Ljava/lang/Object;ZZ)Ljava/lang/Object; @ 162
Event: 2.396 Thread 0x00007fa93400b800 Uncommon trap: reason=unstable_if action=reinterpret pc=0x00007fa925778854 method=com.android.dx.merge.IndexMap.adjustString(I)I @ 2
Event: 2.531 Thread 0x00007fa93400b800 Uncommon trap: reason=predicate action=maybe_recompile pc=0x00007fa9257c51bc method=com.android.dex.Leb128.readUnsignedLeb128(Lcom/android/dex/util/ByteInput;)I @ 41
Event: 2.575 Thread 0x00007fa93400b800 Uncommon trap: reason=unstable_if action=reinterpret pc=0x00007fa9255ea88c method=java.util.HashMap.getNode(ILjava/lang/Object;)Ljava/util/HashMap$Node; @ 84
Event: 2.575 Thread 0x00007fa93400b800 Uncommon trap: reason=unstable_if action=reinterpret pc=0x00007fa92561e658 method=java.util.HashMap.getNode(ILjava/lang/Object;)Ljava/util/HashMap$Node; @ 84
Event: 2.602 Thread 0x00007fa93400b800 Uncommon trap: reason=unstable_if action=reinterpret pc=0x00007fa925778060 method=com.android.dex.FieldId.compareTo(Lcom/android/dex/FieldId;)I @ 8

Internal exceptions (5 events):
Event: 0.018 Thread 0x00007fa93400b800 Exception <a 'java/lang/NoSuchMethodError': Method sun.misc.Unsafe.defineClass(Ljava/lang/String;[BII)Ljava/lang/Class; name or signature does not match> (0x00000000eab12a50) thrown at [/build/buildd/openjdk-8-8u45-b14/src/hotspot/src/share/vm/prims/jni.c
Event: 0.018 Thread 0x00007fa93400b800 Exception <a 'java/lang/NoSuchMethodError': Method sun.misc.Unsafe.prefetchRead(Ljava/lang/Object;J)V name or signature does not match> (0x00000000eab12ce0) thrown at [/build/buildd/openjdk-8-8u45-b14/src/hotspot/src/share/vm/prims/jni.cpp, line 3994]
Event: 0.071 Thread 0x00007fa93400b800 Exception <a 'java/util/zip/ZipException'> (0x00000000eabd05d8) thrown at [/build/buildd/openjdk-8-8u45-b14/src/hotspot/src/share/vm/prims/jni.cpp, line 709]
Event: 0.071 Thread 0x00007fa93400b800 Exception <a 'java/security/PrivilegedActionException'> (0x00000000eabd0820) thrown at [/build/buildd/openjdk-8-8u45-b14/src/hotspot/src/share/vm/prims/jvm.cpp, line 1382]
Event: 0.071 Thread 0x00007fa93400b800 Exception <a 'java/security/PrivilegedActionException'> (0x00000000eabd09d8) thrown at [/build/buildd/openjdk-8-8u45-b14/src/hotspot/src/share/vm/prims/jvm.cpp, line 1382]

Events (10 events):
Event: 2.902 loading class com/android/dex/Dex$1 done
Event: 2.908 Thread 0x00007fa93400b800 DEOPT PACKING pc=0x00007fa925837246 sp=0x00007fa93df5b470
Event: 2.908 Thread 0x00007fa93400b800 DEOPT UNPACKING pc=0x00007fa925047373 sp=0x00007fa93df5b1b0 mode 0
Event: 2.916 Thread 0x00007fa93400b800 DEOPT PACKING pc=0x00007fa925880239 sp=0x00007fa93df5b5a0
Event: 2.916 Thread 0x00007fa93400b800 DEOPT UNPACKING pc=0x00007fa925047373 sp=0x00007fa93df5b340 mode 0
Event: 2.939 Thread 0x00007fa93400b800 DEOPT PACKING pc=0x00007fa925880239 sp=0x00007fa93df5b5a0
Event: 2.939 Thread 0x00007fa93400b800 DEOPT UNPACKING pc=0x00007fa925047373 sp=0x00007fa93df5b340 mode 0
Event: 2.941 Thread 0x00007fa93400b800 DEOPT PACKING pc=0x00007fa925880239 sp=0x00007fa93df5b5a0
Event: 2.941 Thread 0x00007fa93400b800 DEOPT UNPACKING pc=0x00007fa925047373 sp=0x00007fa93df5b340 mode 0
Event: 3.143 Executing VM operation: ParallelGCFailedAllocation


Dynamic libraries:
00400000-00401000 r-xp 00000000 08:07 4854430                            /usr/lib/jvm/java-8-openjdk-amd64/jre/bin/java
00600000-00601000 r--p 00000000 08:07 4854430                            /usr/lib/jvm/java-8-openjdk-amd64/jre/bin/java
00601000-00602000 rw-p 00001000 08:07 4854430                            /usr/lib/jvm/java-8-openjdk-amd64/jre/bin/java
01b5c000-01b7d000 rw-p 00000000 00:00 0                                  [heap]
c0000000-c2980000 rw-p 00000000 00:00 0 
c2980000-eab00000 ---p 00000000 00:00 0 
eab00000-eee00000 rw-p 00000000 00:00 0 
f3d00000-100000000 ---p 00000000 00:00 0 
100000000-1000c0000 rw-p 00000000 00:00 0 
1000c0000-140000000 ---p 00000000 00:00 0 
7fa8e4000000-7fa8e4021000 rw-p 00000000 00:00 0 
7fa8e4021000-7fa8e8000000 ---p 00000000 00:00 0 
7fa8e8000000-7fa8e8021000 rw-p 00000000 00:00 0 
7fa8e8021000-7fa8ec000000 ---p 00000000 00:00 0 
7fa8ec000000-7fa8ecb30000 rw-p 00000000 00:00 0 
7fa8ecb30000-7fa8f0000000 ---p 00000000 00:00 0 
7fa8f0000000-7fa8f08e2000 rw-p 00000000 00:00 0 
7fa8f08e2000-7fa8f4000000 ---p 00000000 00:00 0 
7fa8f4000000-7fa8f4021000 rw-p 00000000 00:00 0 
7fa8f4021000-7fa8f8000000 ---p 00000000 00:00 0 
7fa8f8000000-7fa8f8992000 rw-p 00000000 00:00 0 
7fa8f8992000-7fa8fc000000 ---p 00000000 00:00 0 
7fa8fc000000-7fa8fc021000 rw-p 00000000 00:00 0 
7fa8fc021000-7fa900000000 ---p 00000000 00:00 0 
7fa900000000-7fa900021000 rw-p 00000000 00:00 0 
7fa900021000-7fa904000000 ---p 00000000 00:00 0 
7fa904000000-7fa904021000 rw-p 00000000 00:00 0 
7fa904021000-7fa908000000 ---p 00000000 00:00 0 
7fa908000000-7fa908285000 rw-p 00000000 00:00 0 
7fa908285000-7fa90c000000 ---p 00000000 00:00 0 
7fa90c000000-7fa90c021000 rw-p 00000000 00:00 0 
7fa90c021000-7fa910000000 ---p 00000000 00:00 0 
7fa914000000-7fa914021000 rw-p 00000000 00:00 0 
7fa914021000-7fa918000000 ---p 00000000 00:00 0 
7fa91c000000-7fa91c021000 rw-p 00000000 00:00 0 
7fa91c021000-7fa920000000 ---p 00000000 00:00 0 
7fa921cba000-7fa921cbb000 ---p 00000000 00:00 0 
7fa921cbb000-7fa921dbb000 rw-p 00000000 00:00 0                          [stack:5899]
7fa921dbb000-7fa921dbe000 ---p 00000000 00:00 0 
7fa921dbe000-7fa921ebc000 rw-p 00000000 00:00 0                          [stack:5898]
7fa921ebc000-7fa921ebf000 ---p 00000000 00:00 0 
7fa921ebf000-7fa921fbd000 rw-p 00000000 00:00 0                          [stack:5897]
7fa921fbd000-7fa921fc0000 ---p 00000000 00:00 0 
7fa921fc0000-7fa9220be000 rw-p 00000000 00:00 0                          [stack:5896]
7fa9220be000-7fa9220c1000 ---p 00000000 00:00 0 
7fa9220c1000-7fa9221bf000 rw-p 00000000 00:00 0                          [stack:5895]
7fa9221bf000-7fa9221c2000 ---p 00000000 00:00 0 
7fa9221c2000-7fa9222c0000 rw-p 00000000 00:00 0                          [stack:5894]
7fa9222c0000-7fa922dfe000 r--p 00000000 08:07 3282551                    /usr/lib/locale/locale-archive
7fa922dfe000-7fa922e01000 ---p 00000000 00:00 0 
7fa922e01000-7fa922eff000 rw-p 00000000 00:00 0                          [stack:5893]
7fa922eff000-7fa922f02000 ---p 00000000 00:00 0 
7fa922f02000-7fa925000000 rw-p 00000000 00:00 0                          [stack:5892]
7fa925000000-7fa925900000 rwxp 00000000 00:00 0 
7fa925900000-7fa934000000 ---p 00000000 00:00 0 
7fa934000000-7fa934406000 rw-p 00000000 00:00 0 
7fa934406000-7fa938000000 ---p 00000000 00:00 0 
7fa938092000-7fa938093000 rw-p 00000000 00:00 0 
7fa938093000-7fa938098000 r--s 00094000 08:07 4604047                    /usr/lib/jvm/java-8-openjdk-amd64/jre/lib/jsse.jar
7fa938098000-7fa9380a7000 r--s 000dd000 08:07 7078695                    /home/pvthuyen/Android/Sdk/build-tools/22.0.1/lib/dx.jar
7fa9380a7000-7fa9380aa000 r--s 00037000 08:07 4604059                    /usr/lib/jvm/java-8-openjdk-amd64/jre/lib/ext/sunpkcs11.jar
7fa9380aa000-7fa9380ac000 r--s 00001000 08:07 4604057                    /usr/lib/jvm/java-8-openjdk-amd64/jre/lib/ext/dnsns.jar
7fa9380ac000-7fa9380c6000 r--s 001d3000 08:07 4604052                    /usr/lib/jvm/java-8-openjdk-amd64/jre/lib/ext/nashorn.jar
7fa9380c6000-7fa9380c7000 r--s 00010000 08:07 4604055                    /usr/lib/jvm/java-8-openjdk-amd64/jre/lib/ext/zipfs.jar
7fa9380c7000-7fa9380ca000 r--s 0000f000 08:07 4604058                    /usr/lib/jvm/java-8-openjdk-amd64/jre/lib/ext/icedtea-sound.jar
7fa9380ca000-7fa9380e6000 r--s 00393000 08:07 4604051                    /usr/lib/jvm/java-8-openjdk-amd64/jre/lib/ext/cldrdata.jar
7fa9380e6000-7fa9380f1000 r--s 00116000 08:07 4604054                    /usr/lib/jvm/java-8-openjdk-amd64/jre/lib/ext/localedata.jar
7fa9380f1000-7fa9380f2000 ---p 00000000 00:00 0 
7fa9380f2000-7fa9391a6000 rw-p 00000000 00:00 0                          [stack:5891]
7fa9391a6000-7fa939373000 r--s 03bd3000 08:07 4604067                    /usr/lib/jvm/java-8-openjdk-amd64/jre/lib/rt.jar
7fa939373000-7fa939b29000 rw-p 00000000 00:00 0 
7fa939b29000-7fa939be9000 ---p 00000000 00:00 0 
7fa939be9000-7fa939de9000 rw-p 00000000 00:00 0 
7fa939de9000-7fa939dea000 ---p 00000000 00:00 0 
7fa939dea000-7fa939eea000 rw-p 00000000 00:00 0                          [stack:5890]
7fa939eea000-7fa939eeb000 ---p 00000000 00:00 0 
7fa939eeb000-7fa939feb000 rw-p 00000000 00:00 0                          [stack:5889]
7fa939feb000-7fa939fec000 ---p 00000000 00:00 0 
7fa939fec000-7fa93a0ec000 rw-p 00000000 00:00 0                          [stack:5888]
7fa93a0ec000-7fa93a0ed000 ---p 00000000 00:00 0 
7fa93a0ed000-7fa93a202000 rw-p 00000000 00:00 0                          [stack:5887]
7fa93a202000-7fa93a343000 ---p 00000000 00:00 0 
7fa93a343000-7fa93a358000 rw-p 00000000 00:00 0 
7fa93a358000-7fa93a498000 ---p 00000000 00:00 0 
7fa93a498000-7fa93a4ba000 rw-p 00000000 00:00 0 
7fa93a4ba000-7fa93a543000 ---p 00000000 00:00 0 
7fa93a543000-7fa93a568000 rw-p 00000000 00:00 0 
7fa93a568000-7fa93a904000 ---p 00000000 00:00 0 
7fa93a904000-7fa93a90c000 r-xp 00000000 08:07 4603688                    /usr/lib/jvm/java-8-openjdk-amd64/jre/lib/amd64/libzip.so
7fa93a90c000-7fa93ab0b000 ---p 00008000 08:07 4603688                    /usr/lib/jvm/java-8-openjdk-amd64/jre/lib/amd64/libzip.so
7fa93ab0b000-7fa93ab0c000 r--p 00007000 08:07 4603688                    /usr/lib/jvm/java-8-openjdk-amd64/jre/lib/amd64/libzip.so
7fa93ab0c000-7fa93ab0d000 rw-p 00008000 08:07 4603688                    /usr/lib/jvm/java-8-openjdk-amd64/jre/lib/amd64/libzip.so
7fa93ab0d000-7fa93ab19000 r-xp 00000000 08:07 6033669                    /lib/x86_64-linux-gnu/libnss_files-2.21.so
7fa93ab19000-7fa93ad18000 ---p 0000c000 08:07 6033669                    /lib/x86_64-linux-gnu/libnss_files-2.21.so
7fa93ad18000-7fa93ad19000 r--p 0000b000 08:07 6033669                    /lib/x86_64-linux-gnu/libnss_files-2.21.so
7fa93ad19000-7fa93ad1a000 rw-p 0000c000 08:07 6033669                    /lib/x86_64-linux-gnu/libnss_files-2.21.so
7fa93ad1a000-7fa93ad25000 r-xp 00000000 08:07 6033679                    /lib/x86_64-linux-gnu/libnss_nis-2.21.so
7fa93ad25000-7fa93af24000 ---p 0000b000 08:07 6033679                    /lib/x86_64-linux-gnu/libnss_nis-2.21.so
7fa93af24000-7fa93af25000 r--p 0000a000 08:07 6033679                    /lib/x86_64-linux-gnu/libnss_nis-2.21.so
7fa93af25000-7fa93af26000 rw-p 0000b000 08:07 6033679                    /lib/x86_64-linux-gnu/libnss_nis-2.21.so
7fa93af26000-7fa93af3d000 r-xp 00000000 08:07 6033663                    /lib/x86_64-linux-gnu/libnsl-2.21.so
7fa93af3d000-7fa93b13c000 ---p 00017000 08:07 6033663                    /lib/x86_64-linux-gnu/libnsl-2.21.so
7fa93b13c000-7fa93b13d000 r--p 00016000 08:07 6033663                    /lib/x86_64-linux-gnu/libnsl-2.21.so
7fa93b13d000-7fa93b13e000 rw-p 00017000 08:07 6033663                    /lib/x86_64-linux-gnu/libnsl-2.21.so
7fa93b13e000-7fa93b140000 rw-p 00000000 00:00 0 
7fa93b140000-7fa93b148000 r-xp 00000000 08:07 6033665                    /lib/x86_64-linux-gnu/libnss_compat-2.21.so
7fa93b148000-7fa93b347000 ---p 00008000 08:07 6033665                    /lib/x86_64-linux-gnu/libnss_compat-2.21.so
7fa93b347000-7fa93b348000 r--p 00007000 08:07 6033665                    /lib/x86_64-linux-gnu/libnss_compat-2.21.so
7fa93b348000-7fa93b349000 rw-p 00008000 08:07 6033665                    /lib/x86_64-linux-gnu/libnss_compat-2.21.so
7fa93b349000-7fa93b377000 r-xp 00000000 08:07 4603685                    /usr/lib/jvm/java-8-openjdk-amd64/jre/lib/amd64/libjava.so
7fa93b377000-7fa93b576000 ---p 0002e000 08:07 4603685                    /usr/lib/jvm/java-8-openjdk-amd64/jre/lib/amd64/libjava.so
7fa93b576000-7fa93b577000 r--p 0002d000 08:07 4603685                    /usr/lib/jvm/java-8-openjdk-amd64/jre/lib/amd64/libjava.so
7fa93b577000-7fa93b579000 rw-p 0002e000 08:07 4603685                    /usr/lib/jvm/java-8-openjdk-amd64/jre/lib/amd64/libjava.so
7fa93b579000-7fa93b588000 r-xp 00000000 08:07 4604025                    /usr/lib/jvm/java-8-openjdk-amd64/jre/lib/amd64/libverify.so
7fa93b588000-7fa93b788000 ---p 0000f000 08:07 4604025                    /usr/lib/jvm/java-8-openjdk-amd64/jre/lib/amd64/libverify.so
7fa93b788000-7fa93b78b000 r--p 0000f000 08:07 4604025                    /usr/lib/jvm/java-8-openjdk-amd64/jre/lib/amd64/libverify.so
7fa93b78b000-7fa93b78c000 rw-p 00012000 08:07 4604025                    /usr/lib/jvm/java-8-openjdk-amd64/jre/lib/amd64/libverify.so
7fa93b78c000-7fa93b793000 r-xp 00000000 08:07 6033724                    /lib/x86_64-linux-gnu/librt-2.21.so
7fa93b793000-7fa93b992000 ---p 00007000 08:07 6033724                    /lib/x86_64-linux-gnu/librt-2.21.so
7fa93b992000-7fa93b993000 r--p 00006000 08:07 6033724                    /lib/x86_64-linux-gnu/librt-2.21.so
7fa93b993000-7fa93b994000 rw-p 00007000 08:07 6033724                    /lib/x86_64-linux-gnu/librt-2.21.so
7fa93b994000-7fa93b9aa000 r-xp 00000000 08:07 6033612                    /lib/x86_64-linux-gnu/libgcc_s.so.1
7fa93b9aa000-7fa93bba9000 ---p 00016000 08:07 6033612                    /lib/x86_64-linux-gnu/libgcc_s.so.1
7fa93bba9000-7fa93bbaa000 rw-p 00015000 08:07 6033612                    /lib/x86_64-linux-gnu/libgcc_s.so.1
7fa93bbaa000-7fa93bcb1000 r-xp 00000000 08:07 6033642                    /lib/x86_64-linux-gnu/libm-2.21.so
7fa93bcb1000-7fa93beb0000 ---p 00107000 08:07 6033642                    /lib/x86_64-linux-gnu/libm-2.21.so
7fa93beb0000-7fa93beb1000 r--p 00106000 08:07 6033642                    /lib/x86_64-linux-gnu/libm-2.21.so
7fa93beb1000-7fa93beb2000 rw-p 00107000 08:07 6033642                    /lib/x86_64-linux-gnu/libm-2.21.so
7fa93beb2000-7fa93bfa2000 r-xp 00000000 08:07 3285525                    /usr/lib/x86_64-linux-gnu/libstdc++.so.6.0.20
7fa93bfa2000-7fa93c1a2000 ---p 000f0000 08:07 3285525                    /usr/lib/x86_64-linux-gnu/libstdc++.so.6.0.20
7fa93c1a2000-7fa93c1aa000 r--p 000f0000 08:07 3285525                    /usr/lib/x86_64-linux-gnu/libstdc++.so.6.0.20
7fa93c1aa000-7fa93c1ac000 rw-p 000f8000 08:07 3285525                    /usr/lib/x86_64-linux-gnu/libstdc++.so.6.0.20
7fa93c1ac000-7fa93c1c1000 rw-p 00000000 00:00 0 
7fa93c1c1000-7fa93ce4e000 r-xp 00000000 08:07 4604037                    /usr/lib/jvm/java-8-openjdk-amd64/jre/lib/amd64/server/libjvm.so
7fa93ce4e000-7fa93d04e000 ---p 00c8d000 08:07 4604037                    /usr/lib/jvm/java-8-openjdk-amd64/jre/lib/amd64/server/libjvm.so
7fa93d04e000-7fa93d0f1000 r--p 00c8d000 08:07 4604037                    /usr/lib/jvm/java-8-openjdk-amd64/jre/lib/amd64/server/libjvm.so
7fa93d0f1000-7fa93d11a000 rw-p 00d30000 08:07 4604037                    /usr/lib/jvm/java-8-openjdk-amd64/jre/lib/amd64/server/libjvm.so
7fa93d11a000-7fa93d149000 rw-p 00000000 00:00 0 
7fa93d149000-7fa93d161000 r-xp 00000000 08:07 6033716                    /lib/x86_64-linux-gnu/libpthread-2.21.so
7fa93d161000-7fa93d361000 ---p 00018000 08:07 6033716                    /lib/x86_64-linux-gnu/libpthread-2.21.so
7fa93d361000-7fa93d362000 r--p 00018000 08:07 6033716                    /lib/x86_64-linux-gnu/libpthread-2.21.so
7fa93d362000-7fa93d363000 rw-p 00019000 08:07 6033716                    /lib/x86_64-linux-gnu/libpthread-2.21.so
7fa93d363000-7fa93d367000 rw-p 00000000 00:00 0 
7fa93d367000-7fa93d36a000 r-xp 00000000 08:07 6033600                    /lib/x86_64-linux-gnu/libdl-2.21.so
7fa93d36a000-7fa93d569000 ---p 00003000 08:07 6033600                    /lib/x86_64-linux-gnu/libdl-2.21.so
7fa93d569000-7fa93d56a000 r--p 00002000 08:07 6033600                    /lib/x86_64-linux-gnu/libdl-2.21.so
7fa93d56a000-7fa93d56b000 rw-p 00003000 08:07 6033600                    /lib/x86_64-linux-gnu/libdl-2.21.so
7fa93d56b000-7fa93d584000 r-xp 00000000 08:07 6033757                    /lib/x86_64-linux-gnu/libz.so.1.2.8
7fa93d584000-7fa93d784000 ---p 00019000 08:07 6033757                    /lib/x86_64-linux-gnu/libz.so.1.2.8
7fa93d784000-7fa93d785000 r--p 00019000 08:07 6033757                    /lib/x86_64-linux-gnu/libz.so.1.2.8
7fa93d785000-7fa93d786000 rw-p 0001a000 08:07 6033757                    /lib/x86_64-linux-gnu/libz.so.1.2.8
7fa93d786000-7fa93d946000 r-xp 00000000 08:07 6033583                    /lib/x86_64-linux-gnu/libc-2.21.so
7fa93d946000-7fa93db46000 ---p 001c0000 08:07 6033583                    /lib/x86_64-linux-gnu/libc-2.21.so
7fa93db46000-7fa93db4a000 r--p 001c0000 08:07 6033583                    /lib/x86_64-linux-gnu/libc-2.21.so
7fa93db4a000-7fa93db4c000 rw-p 001c4000 08:07 6033583                    /lib/x86_64-linux-gnu/libc-2.21.so
7fa93db4c000-7fa93db50000 rw-p 00000000 00:00 0 
7fa93db50000-7fa93db5e000 r-xp 00000000 08:07 4726035                    /usr/lib/jvm/java-8-openjdk-amd64/jre/lib/amd64/jli/libjli.so
7fa93db5e000-7fa93dd5d000 ---p 0000e000 08:07 4726035                    /usr/lib/jvm/java-8-openjdk-amd64/jre/lib/amd64/jli/libjli.so
7fa93dd5d000-7fa93dd5e000 r--p 0000d000 08:07 4726035                    /usr/lib/jvm/java-8-openjdk-amd64/jre/lib/amd64/jli/libjli.so
7fa93dd5e000-7fa93dd5f000 rw-p 0000e000 08:07 4726035                    /usr/lib/jvm/java-8-openjdk-amd64/jre/lib/amd64/jli/libjli.so
7fa93dd5f000-7fa93dd83000 r-xp 00000000 08:07 6033555                    /lib/x86_64-linux-gnu/ld-2.21.so
7fa93dd83000-7fa93dd85000 r--s 00006000 08:07 3538955                    /usr/share/java/java-atk-wrapper.jar
7fa93dd85000-7fa93dd8b000 r--s 0003a000 08:07 4604056                    /usr/lib/jvm/java-8-openjdk-amd64/jre/lib/ext/sunjce_provider.jar
7fa93dd8b000-7fa93dd8c000 r--s 00008000 08:07 4604053                    /usr/lib/jvm/java-8-openjdk-amd64/jre/lib/ext/sunec.jar
7fa93dd8c000-7fa93de5c000 rw-p 00000000 00:00 0 
7fa93de5c000-7fa93de5f000 ---p 00000000 00:00 0 
7fa93de5f000-7fa93df76000 rw-p 00000000 00:00 0                          [stack:5886]
7fa93df76000-7fa93df7e000 rw-s 00000000 08:07 3015419                    /tmp/hsperfdata_pvthuyen/5881
7fa93df7e000-7fa93df7f000 rw-p 00000000 00:00 0 
7fa93df7f000-7fa93df80000 ---p 00000000 00:00 0 
7fa93df80000-7fa93df82000 rw-p 00000000 00:00 0 
7fa93df82000-7fa93df83000 r--p 00023000 08:07 6033555                    /lib/x86_64-linux-gnu/ld-2.21.so
7fa93df83000-7fa93df84000 rw-p 00024000 08:07 6033555                    /lib/x86_64-linux-gnu/ld-2.21.so
7fa93df84000-7fa93df85000 rw-p 00000000 00:00 0 
7fffb3a5e000-7fffb3a80000 rw-p 00000000 00:00 0                          [stack]
7fffb3ad8000-7fffb3ada000 r--p 00000000 00:00 0                          [vvar]
7fffb3ada000-7fffb3adc000 r-xp 00000000 00:00 0                          [vdso]
ffffffffff600000-ffffffffff601000 r-xp 00000000 00:00 0                  [vsyscall]

VM Arguments:
jvm_args: -Xmx1024M -Dfile.encoding=UTF-8 -Duser.country=US -Duser.language=en -Duser.variant 
java_command: com.android.dx.command.Main --dex --output /home/pvthuyen/TripAdvisor/app/build/intermediates/dex/debug /home/pvthuyen/TripAdvisor/app/build/intermediates/classes/debug /home/pvthuyen/TripAdvisor/app/build/intermediates/pre-dexed/debug/support-annotations-22.2.0-6edaf921514e3c79b4cd482598ff6f89aabb1f45.jar /home/pvthuyen/TripAdvisor/app/build/intermediates/pre-dexed/debug/classes-0fbdf4ab642a51d370dee0e45c30a3f45f79d22a.jar /home/pvthuyen/TripAdvisor/app/build/intermediates/pre-dexed/debug/classes-9cbddf8f9a26240101377d4da600542e5941c7d3.jar /home/pvthuyen/TripAdvisor/app/build/intermediates/pre-dexed/debug/classes-54dfd174cb9e505954d413860ed0fd87d4373e98.jar /home/pvthuyen/TripAdvisor/app/build/intermediates/pre-dexed/debug/internal_impl-22.0.0-8737b4cfef54ec053e939fe58b85eb5efdb241b6.jar /home/pvthuyen/TripAdvisor/app/build/intermediates/pre-dexed/debug/classes-efc80b1e7a1d861f506405ed88b430606dd922ef.jar /home/pvthuyen/TripAdvisor/app/build/intermediates/pre-dexed/debug/classes-f2fc0d17c65bce9a807e5e1004710afc9e0b6e16.jar /home/pvthuyen/TripAdvisor/app/build/intermediates/pre-dexed/debug/classes-913d23152a8110d133f885280ec2b8cab27e0b07.jar /home/pvthuyen/TripAdvisor/app/build/intermediates/pre-dexed/debug/classes-ad7067dddb5ff35a76ae3c4b821ba5bdbd3dc4c4.jar /home/pvthuyen/TripAdvisor/app/build/intermediates/pre-dexed/debug/classes-fa1f0681a19b6bd5b02da6ef70b89a58b9cc1280.jar /home/pvthuyen/TripAdvisor/app/build/intermediates/pre-dexed/debug/classes-beb82d3d25fe2e0e0ce3f7649048a558037bc706.jar /home/pvthuyen/TripAdvisor/app/build/intermediates/pre-dexed/debug/classes-9f7020e100ed54825762d996a9bb3887e8e6eaae.jar /home/pvthuyen/TripAdvisor/app/build/intermediates/pre-dexed/debug/classes-f98b9e33457257e5c999de506ba0c4d3a2626529.jar /home/pvthuyen/TripAdvisor/app/build/intermediates/pre-dexed/debug/classes-2ba99a6a414db747169eb68241a8c18d3e2532a5.jar /home/pvthuyen/TripAdvisor/app/build/intermediates/pre-dexed/debug/classes-cab123c567ae22a73d31669e66c3
java_class_path (initial): /home/pvthuyen/Android/Sdk/build-tools/22.0.1/lib/dx.jar
Launcher Type: SUN_STANDARD

Environment Variables:
PATH=/usr/local/sbin:/usr/local/bin:/usr/sbin:/usr/bin:/sbin:/bin:/usr/games:/usr/local/games
LD_LIBRARY_PATH=.:
SHELL=/bin/bash
DISPLAY=:0.0

Signal Handlers:
SIGSEGV: [libjvm.so+0xa90d80], sa_mask[0]=11111111011111111101111111111110, sa_flags=SA_RESTART|SA_SIGINFO
SIGBUS: [libjvm.so+0xa90d80], sa_mask[0]=11111111011111111101111111111110, sa_flags=SA_RESTART|SA_SIGINFO
SIGFPE: [libjvm.so+0x8dbc70], sa_mask[0]=11111111011111111101111111111110, sa_flags=SA_RESTART|SA_SIGINFO
SIGPIPE: [libjvm.so+0x8dbc70], sa_mask[0]=11111111011111111101111111111110, sa_flags=SA_RESTART|SA_SIGINFO
SIGXFSZ: [libjvm.so+0x8dbc70], sa_mask[0]=11111111011111111101111111111110, sa_flags=SA_RESTART|SA_SIGINFO
SIGILL: [libjvm.so+0x8dbc70], sa_mask[0]=11111111011111111101111111111110, sa_flags=SA_RESTART|SA_SIGINFO
SIGUSR1: SIG_DFL, sa_mask[0]=00000000000000000000000000000000, sa_flags=none
SIGUSR2: [libjvm.so+0x8dbb20], sa_mask[0]=00100000000000000000000000000000, sa_flags=SA_RESTART|SA_SIGINFO
SIGHUP: [libjvm.so+0x8dbd40], sa_mask[0]=11111111011111111101111111111110, sa_flags=SA_RESTART|SA_SIGINFO
SIGINT: [libjvm.so+0x8dbd40], sa_mask[0]=11111111011111111101111111111110, sa_flags=SA_RESTART|SA_SIGINFO
SIGTERM: [libjvm.so+0x8dbd40], sa_mask[0]=11111111011111111101111111111110, sa_flags=SA_RESTART|SA_SIGINFO
SIGQUIT: [libjvm.so+0x8dbd40], sa_mask[0]=11111111011111111101111111111110, sa_flags=SA_RESTART|SA_SIGINFO


---------------  S Y S T E M  ---------------

OS:DISTRIB_ID=Ubuntu
DISTRIB_RELEASE=15.04
DISTRIB_CODENAME=vivid
DISTRIB_DESCRIPTION="Ubuntu 15.04"

uname:Linux 3.19.0-25-generic #26-Ubuntu SMP Fri Jul 24 21:17:31 UTC 2015 x86_64
libc:glibc 2.21 NPTL 2.21 
rlimit: STACK 8192k, CORE 0k, NPROC 15274, NOFILE 65536, AS infinity
load average:3.05 1.63 1.14

/proc/meminfo:
MemTotal:        3932688 kB
MemFree:          108616 kB
MemAvailable:      59572 kB
Buffers:            1912 kB
Cached:           265932 kB
SwapCached:            0 kB
Active:          3432632 kB
Inactive:         212328 kB
Active(anon):    3412560 kB
Inactive(anon):   190672 kB
Active(file):      20072 kB
Inactive(file):    21656 kB
Unevictable:          48 kB
Mlocked:              48 kB
SwapTotal:             0 kB
SwapFree:              0 kB
Dirty:              1548 kB
Writeback:             0 kB
AnonPages:       3378044 kB
Mapped:           176248 kB
Shmem:            225236 kB
Slab:              64584 kB
SReclaimable:      29128 kB
SUnreclaim:        35456 kB
KernelStack:        9920 kB
PageTables:        40684 kB
NFS_Unstable:          0 kB
Bounce:                0 kB
WritebackTmp:          0 kB
CommitLimit:     1966344 kB
Committed_AS:    7301528 kB
VmallocTotal:   34359738367 kB
VmallocUsed:      557040 kB
VmallocChunk:   34359135396 kB
HardwareCorrupted:     0 kB
AnonHugePages:   1820672 kB
CmaTotal:              0 kB
CmaFree:               0 kB
HugePages_Total:       0
HugePages_Free:        0
HugePages_Rsvd:        0
HugePages_Surp:        0
Hugepagesize:       2048 kB
DirectMap4k:      172800 kB
DirectMap2M:     3907584 kB
DirectMap1G:     1048576 kB


CPU:total 4 (2 cores per cpu, 2 threads per core) family 6 model 69 stepping 1, cmov, cx8, fxsr, mmx, sse, sse2, sse3, ssse3, sse4.1, sse4.2, popcnt, avx, avx2, aes, clmul, erms, lzcnt, ht, tsc, tscinvbit, bmi1, bmi2

/proc/cpuinfo:
processor	: 0
vendor_id	: GenuineIntel
cpu family	: 6
model		: 69
model name	: Intel(R) Core(TM) i5-4200U CPU @ 1.60GHz
stepping	: 1
microcode	: 0x1c
cpu MHz		: 995.109
cache size	: 3072 KB
physical id	: 0
siblings	: 4
core id		: 0
cpu cores	: 2
apicid		: 0
initial apicid	: 0
fpu		: yes
fpu_exception	: yes
cpuid level	: 13
wp		: yes
flags		: fpu vme de pse tsc msr pae mce cx8 apic sep mtrr pge mca cmov pat pse36 clflush dts acpi mmx fxsr sse sse2 ss ht tm pbe syscall nx pdpe1gb rdtscp lm constant_tsc arch_perfmon pebs bts rep_good nopl xtopology nonstop_tsc aperfmperf eagerfpu pni pclmulqdq dtes64 monitor ds_cpl vmx est tm2 ssse3 fma cx16 xtpr pdcm pcid sse4_1 sse4_2 movbe popcnt tsc_deadline_timer aes xsave avx f16c rdrand lahf_lm abm ida arat epb pln pts dtherm tpr_shadow vnmi flexpriority ept vpid fsgsbase tsc_adjust bmi1 avx2 smep bmi2 erms invpcid xsaveopt
bugs		:
bogomips	: 4589.54
clflush size	: 64
cache_alignment	: 64
address sizes	: 39 bits physical, 48 bits virtual
power management:

processor	: 1
vendor_id	: GenuineIntel
cpu family	: 6
model		: 69
model name	: Intel(R) Core(TM) i5-4200U CPU @ 1.60GHz
stepping	: 1
microcode	: 0x1c
cpu MHz		: 853.335
cache size	: 3072 KB
physical id	: 0
siblings	: 4
core id		: 0
cpu cores	: 2
apicid		: 1
initial apicid	: 1
fpu		: yes
fpu_exception	: yes
cpuid level	: 13
wp		: yes
flags		: fpu vme de pse tsc msr pae mce cx8 apic sep mtrr pge mca cmov pat pse36 clflush dts acpi mmx fxsr sse sse2 ss ht tm pbe syscall nx pdpe1gb rdtscp lm constant_tsc arch_perfmon pebs bts rep_good nopl xtopology nonstop_tsc aperfmperf eagerfpu pni pclmulqdq dtes64 monitor ds_cpl vmx est tm2 ssse3 fma cx16 xtpr pdcm pcid sse4_1 sse4_2 movbe popcnt tsc_deadline_timer aes xsave avx f16c rdrand lahf_lm abm ida arat epb pln pts dtherm tpr_shadow vnmi flexpriority ept vpid fsgsbase tsc_adjust bmi1 avx2 smep bmi2 erms invpcid xsaveopt
bugs		:
bogomips	: 4589.54
clflush size	: 64
cache_alignment	: 64
address sizes	: 39 bits physical, 48 bits virtual
power management:

processor	: 2
vendor_id	: GenuineIntel
cpu family	: 6
model		: 69
model name	: Intel(R) Core(TM) i5-4200U CPU @ 1.60GHz
stepping	: 1
microcode	: 0x1c
cpu MHz		: 1225.378
cache size	: 3072 KB
physical id	: 0
siblings	: 4
core id		: 1
cpu cores	: 2
apicid		: 2
initial apicid	: 2
fpu		: yes
fpu_exception	: yes
cpuid level	: 13
wp		: yes
flags		: fpu vme de pse tsc msr pae mce cx8 apic sep mtrr pge mca cmov pat pse36 clflush dts acpi mmx fxsr sse sse2 ss ht tm pbe syscall nx pdpe1gb rdtscp lm constant_tsc arch_perfmon pebs bts rep_good nopl xtopology nonstop_tsc aperfmperf eagerfpu pni pclmulqdq dtes64 monitor ds_cpl vmx est tm2 ssse3 fma cx16 xtpr pdcm pcid sse4_1 sse4_2 movbe popcnt tsc_deadline_timer aes xsave avx f16c rdrand lahf_lm abm ida arat epb pln pts dtherm tpr_shadow vnmi flexpriority ept vpid fsgsbase tsc_adjust bmi1 avx2 smep bmi2 erms invpcid xsaveopt
bugs		:
bogomips	: 4589.54
clflush size	: 64
cache_alignment	: 64
address sizes	: 39 bits physical, 48 bits virtual
power management:

processor	: 3
vendor_id	: GenuineIntel
cpu family	: 6
model		: 69
model name	: Intel(R) Core(TM) i5-4200U CPU @ 1.60GHz
stepping	: 1
microcode	: 0x1c
cpu MHz		: 897.628
cache size	: 3072 KB
physical id	: 0
siblings	: 4
core id		: 1
cpu cores	: 2
apicid		: 3
initial apicid	: 3
fpu		: yes
fpu_exception	: yes
cpuid level	: 13
wp		: yes
flags		: fpu vme de pse tsc msr pae mce cx8 apic sep mtrr pge mca cmov pat pse36 clflush dts acpi mmx fxsr sse sse2 ss ht tm pbe syscall nx pdpe1gb rdtscp lm constant_tsc arch_perfmon pebs bts rep_good nopl xtopology nonstop_tsc aperfmperf eagerfpu pni pclmulqdq dtes64 monitor ds_cpl vmx est tm2 ssse3 fma cx16 xtpr pdcm pcid sse4_1 sse4_2 movbe popcnt tsc_deadline_timer aes xsave avx f16c rdrand lahf_lm abm ida arat epb pln pts dtherm tpr_shadow vnmi flexpriority ept vpid fsgsbase tsc_adjust bmi1 avx2 smep bmi2 erms invpcid xsaveopt
bugs		:
bogomips	: 4589.54
clflush size	: 64
cache_alignment	: 64
address sizes	: 39 bits physical, 48 bits virtual
power management:



Memory: 4k page, physical 3932688k(108616k free), swap 0k(0k free)

vm_info: OpenJDK 64-Bit Server VM (25.45-b02) for linux-amd64 JRE (1.8.0_45-internal-b14), built on Apr 20 2015 00:35:04 by "buildd" with gcc 4.9.2

time: Tue Aug  4 23:19:51 2015
elapsed time: 8 seconds (0d 0h 0m 8s)

